<?xml version="1.0" encoding="UTF-8"?>
<TestRun id="b5fd3288-c337-4617-813d-376b7e52b862" name="Paul@PAUL-PC 2013-04-19 15:35:31" runUser="Paul-PC\Paul" xmlns="http://microsoft.com/schemas/VisualStudio/TeamTest/2010">
  <TestSettings name="Local" id="73543c8f-e1ba-4016-a1b2-c5482740e447">
    <Description>These are default test settings for a local test run.</Description>
    <Deployment enabled="false" runDeploymentRoot="Paul_PAUL-PC 2013-04-19 15_35_31">
      <DeploymentItem filename="C:\Users\Paul\Documents\GitHub\robust\VendingMachine\VendingMachine.Tests\MolesAssemblies\VendingMachine.Moles.dll" />
      <DeploymentItem filename="C:\Users\Paul\Documents\GitHub\robust\VendingMachine\VendingMachine\bin\Debug\VendingMachine.exe" />
    </Deployment>
    <Execution>
      <TestTypeSpecific />
      <AgentRule name="Execution Agents">
      </AgentRule>
    </Execution>
  </TestSettings>
  <Times creation="2013-04-19T15:35:31.5247468+02:00" queuing="2013-04-19T15:35:31.8257640+02:00" start="2013-04-19T15:35:31.8847673+02:00" finish="2013-04-19T15:35:32.5388048+02:00" />
  <ResultSummary outcome="Failed">
    <Counters total="1" executed="1" error="0" failed="1" timeout="0" aborted="0" inconclusive="0" passedButRunAborted="0" notRunnable="0" notExecuted="0" disconnected="0" warning="0" passed="0" completed="0" inProgress="0" pending="0" />
  </ResultSummary>
  <TestDefinitions>
    <UnitTest name="AddCoin532" storage="c:\users\paul\documents\github\robust\vendingmachine\vendingmachine.tests\bin\debug\vendingmachine.tests.dll" id="59abbe7f-a2f8-1380-d422-4d6f374394ba">
      <Execution id="c57fd67b-fea7-4792-8473-3899ef167db5" />
      <TestMethod codeBase="C:/Users/Paul/Documents/GitHub/robust/VendingMachine/VendingMachine.Tests/bin/Debug/VendingMachine.Tests.DLL" adapterTypeName="Microsoft.VisualStudio.TestTools.TestTypes.Unit.UnitTestAdapter, Microsoft.VisualStudio.QualityTools.Tips.UnitTest.Adapter, Version=10.0.0.0, Culture=neutral, PublicKeyToken=b03f5f7f11d50a3a" className="VendingMachine.Stock.CoinManagerTest, VendingMachine.Tests, Version=0.0.0.0, Culture=neutral, PublicKeyToken=null" name="AddCoin532" />
    </UnitTest>
  </TestDefinitions>
  <TestLists>
    <TestList name="Results Not in a List" id="8c84fa94-04c1-424b-9868-57a2d4851a1d" />
    <TestList name="All Loaded Results" id="19431567-8539-422a-85d7-44ee4e166bda" />
  </TestLists>
  <TestEntries>
    <TestEntry testId="59abbe7f-a2f8-1380-d422-4d6f374394ba" executionId="c57fd67b-fea7-4792-8473-3899ef167db5" testListId="8c84fa94-04c1-424b-9868-57a2d4851a1d" />
  </TestEntries>
  <Results>
    <UnitTestResult executionId="c57fd67b-fea7-4792-8473-3899ef167db5" testId="59abbe7f-a2f8-1380-d422-4d6f374394ba" testName="AddCoin532" computerName="PAUL-PC" duration="00:00:00.1652890" startTime="2013-04-19T15:35:31.9027684+02:00" endTime="2013-04-19T15:35:32.5088030+02:00" testType="13cdc9d9-ddb5-4fa4-a97d-d965ccfc6d4b" outcome="Failed" testListId="8c84fa94-04c1-424b-9868-57a2d4851a1d" relativeResultsDirectory="c57fd67b-fea7-4792-8473-3899ef167db5">
      <Output>
        <ErrorInfo>
          <Message>Test method VendingMachine.Stock.CoinManagerTest.AddCoin532 threw exception: 
System.Diagnostics.Contracts.__ContractsRuntime+ContractException: Precondition failed: File.Exists("CoinDatabase.xml")  PRE: Database file must exist</Message>
          <StackTrace>    at System.Diagnostics.Contracts.__ContractsRuntime.TriggerFailure(ContractFailureKind kind, String msg, String userMessage, String conditionTxt, Exception inner) in C:\Users\Paul\Documents\GitHub\robust\VendingMachine\VendingMachine\GUI\Form1.cs:line 0
   at System.Diagnostics.Contracts.__ContractsRuntime.ReportFailure(ContractFailureKind kind, String msg, String conditionTxt, Exception inner) in C:\Users\Paul\Documents\GitHub\robust\VendingMachine\VendingMachine\GUI\Form1.cs:line 0
   at System.Diagnostics.Contracts.__ContractsRuntime.Requires(Boolean condition, String msg, String conditionTxt) in C:\Users\Paul\Documents\GitHub\robust\VendingMachine\VendingMachine\GUI\Form1.cs:line 0
   at VendingMachine.Stock.CoinManager..ctor() in C:\Users\Paul\Documents\GitHub\robust\VendingMachine\VendingMachine\Stock\CoinManager.cs:line 19
   at VendingMachine.Stock.CoinManagerTest.AddCoin532() in C:\Users\Paul\Documents\GitHub\robust\VendingMachine\VendingMachine.Tests\Stock\CoinManagerTest.AddCoin.g.cs:line 26
</StackTrace>
        </ErrorInfo>
      </Output>
    </UnitTestResult>
  </Results>
</TestRun>