<?xml version="1.0" encoding="UTF-8"?>
<TestRun id="09f6010d-5013-43dd-b6bf-701522be3b93" name="Paul@PAUL-PC 2013-04-19 19:47:52" runUser="Paul-PC\Paul" xmlns="http://microsoft.com/schemas/VisualStudio/TeamTest/2010">
  <TestSettings name="Local" id="73543c8f-e1ba-4016-a1b2-c5482740e447">
    <Description>These are default test settings for a local test run.</Description>
    <Deployment userDeploymentRoot="C:\Users\Paul\Documents\GitHub\robust\VendingMachine\TestResults" useDefaultDeploymentRoot="false" enabled="false" runDeploymentRoot="Paul_PAUL-PC 2013-04-19 19_47_52">
      <DeploymentItem filename="C:\Users\Paul\Documents\GitHub\robust\VendingMachine\VendingMachine.Tests\MolesAssemblies\VendingMachine.Moles.dll" />
      <DeploymentItem filename="C:\Users\Paul\Documents\GitHub\robust\VendingMachine\VendingMachine\bin\Debug\VendingMachine.exe" />
    </Deployment>
    <Execution>
      <TestTypeSpecific />
      <AgentRule name="Execution Agents">
      </AgentRule>
    </Execution>
  </TestSettings>
  <Times creation="2013-04-19T19:47:52.9067843+02:00" queuing="2013-04-19T19:47:52.9127846+02:00" start="2013-04-19T19:47:52.9227852+02:00" finish="2013-04-19T19:47:53.6938293+02:00" />
  <ResultSummary outcome="Failed">
    <Counters total="5" executed="5" error="0" failed="5" timeout="0" aborted="0" inconclusive="0" passedButRunAborted="0" notRunnable="0" notExecuted="0" disconnected="0" warning="0" passed="0" completed="0" inProgress="0" pending="0" />
  </ResultSummary>
  <TestDefinitions>
    <UnitTest name="AddCoin494" storage="c:\users\paul\documents\github\robust\vendingmachine\vendingmachine.tests\bin\debug\vendingmachine.tests.dll" id="da51f33f-ea83-f502-ff09-5a7441acce99">
      <Execution id="46672ec6-8362-4fb2-a90d-66af6150bbdf" />
      <TestMethod codeBase="C:/Users/Paul/Documents/GitHub/robust/VendingMachine/VendingMachine.Tests/bin/Debug/VendingMachine.Tests.DLL" adapterTypeName="Microsoft.VisualStudio.TestTools.TestTypes.Unit.UnitTestAdapter, Microsoft.VisualStudio.QualityTools.Tips.UnitTest.Adapter, Version=10.0.0.0, Culture=neutral, PublicKeyToken=b03f5f7f11d50a3a" className="VendingMachine.Stock.CoinManagerTest, VendingMachine.Tests, Version=0.0.0.0, Culture=neutral, PublicKeyToken=null" name="AddCoin494" />
    </UnitTest>
    <UnitTest name="EjectCoin218" storage="c:\users\paul\documents\github\robust\vendingmachine\vendingmachine.tests\bin\debug\vendingmachine.tests.dll" id="08283594-b636-5a1d-b5e5-168e62a74b6e">
      <Execution id="cb681cd7-396b-498d-901b-1f8328256494" />
      <TestMethod codeBase="C:/Users/Paul/Documents/GitHub/robust/VendingMachine/VendingMachine.Tests/bin/Debug/VendingMachine.Tests.DLL" adapterTypeName="Microsoft.VisualStudio.TestTools.TestTypes.Unit.UnitTestAdapter, Microsoft.VisualStudio.QualityTools.Tips.UnitTest.Adapter, Version=10.0.0.0, Culture=neutral, PublicKeyToken=b03f5f7f11d50a3a" className="VendingMachine.Stock.CoinManagerTest, VendingMachine.Tests, Version=0.0.0.0, Culture=neutral, PublicKeyToken=null" name="EjectCoin218" />
    </UnitTest>
    <UnitTest name="EjectCoin685" storage="c:\users\paul\documents\github\robust\vendingmachine\vendingmachine.tests\bin\debug\vendingmachine.tests.dll" id="f431da88-3ce8-5f5c-6f32-4e1134c99a60">
      <Execution id="781383d4-d927-48fa-b90b-488c08bece08" />
      <TestMethod codeBase="C:/Users/Paul/Documents/GitHub/robust/VendingMachine/VendingMachine.Tests/bin/Debug/VendingMachine.Tests.DLL" adapterTypeName="Microsoft.VisualStudio.TestTools.TestTypes.Unit.UnitTestAdapter, Microsoft.VisualStudio.QualityTools.Tips.UnitTest.Adapter, Version=10.0.0.0, Culture=neutral, PublicKeyToken=b03f5f7f11d50a3a" className="VendingMachine.Stock.CoinManagerTest, VendingMachine.Tests, Version=0.0.0.0, Culture=neutral, PublicKeyToken=null" name="EjectCoin685" />
    </UnitTest>
    <UnitTest name="AddCoin911" storage="c:\users\paul\documents\github\robust\vendingmachine\vendingmachine.tests\bin\debug\vendingmachine.tests.dll" id="3d99bcbb-cb4c-3ab5-6940-bd878958e058">
      <Execution id="e68a52cf-6f2c-4c9f-994b-169aee3a009f" />
      <TestMethod codeBase="C:/Users/Paul/Documents/GitHub/robust/VendingMachine/VendingMachine.Tests/bin/Debug/VendingMachine.Tests.DLL" adapterTypeName="Microsoft.VisualStudio.TestTools.TestTypes.Unit.UnitTestAdapter, Microsoft.VisualStudio.QualityTools.Tips.UnitTest.Adapter, Version=10.0.0.0, Culture=neutral, PublicKeyToken=b03f5f7f11d50a3a" className="VendingMachine.Stock.CoinManagerTest, VendingMachine.Tests, Version=0.0.0.0, Culture=neutral, PublicKeyToken=null" name="AddCoin911" />
    </UnitTest>
    <UnitTest name="EjectCoin234" storage="c:\users\paul\documents\github\robust\vendingmachine\vendingmachine.tests\bin\debug\vendingmachine.tests.dll" id="5c331520-5267-4642-158f-d6274a4f1357">
      <Execution id="fad3407c-e8b2-4bef-a2be-c5b5cdf6cd39" />
      <TestMethod codeBase="C:/Users/Paul/Documents/GitHub/robust/VendingMachine/VendingMachine.Tests/bin/Debug/VendingMachine.Tests.DLL" adapterTypeName="Microsoft.VisualStudio.TestTools.TestTypes.Unit.UnitTestAdapter, Microsoft.VisualStudio.QualityTools.Tips.UnitTest.Adapter, Version=10.0.0.0, Culture=neutral, PublicKeyToken=b03f5f7f11d50a3a" className="VendingMachine.Stock.CoinManagerTest, VendingMachine.Tests, Version=0.0.0.0, Culture=neutral, PublicKeyToken=null" name="EjectCoin234" />
    </UnitTest>
  </TestDefinitions>
  <TestLists>
    <TestList name="Results Not in a List" id="8c84fa94-04c1-424b-9868-57a2d4851a1d" />
    <TestList name="All Loaded Results" id="19431567-8539-422a-85d7-44ee4e166bda" />
  </TestLists>
  <TestEntries>
    <TestEntry testId="f431da88-3ce8-5f5c-6f32-4e1134c99a60" executionId="781383d4-d927-48fa-b90b-488c08bece08" testListId="8c84fa94-04c1-424b-9868-57a2d4851a1d" />
    <TestEntry testId="3d99bcbb-cb4c-3ab5-6940-bd878958e058" executionId="e68a52cf-6f2c-4c9f-994b-169aee3a009f" testListId="8c84fa94-04c1-424b-9868-57a2d4851a1d" />
    <TestEntry testId="5c331520-5267-4642-158f-d6274a4f1357" executionId="fad3407c-e8b2-4bef-a2be-c5b5cdf6cd39" testListId="8c84fa94-04c1-424b-9868-57a2d4851a1d" />
    <TestEntry testId="08283594-b636-5a1d-b5e5-168e62a74b6e" executionId="cb681cd7-396b-498d-901b-1f8328256494" testListId="8c84fa94-04c1-424b-9868-57a2d4851a1d" />
    <TestEntry testId="da51f33f-ea83-f502-ff09-5a7441acce99" executionId="46672ec6-8362-4fb2-a90d-66af6150bbdf" testListId="8c84fa94-04c1-424b-9868-57a2d4851a1d" />
  </TestEntries>
  <Results>
    <UnitTestResult executionId="781383d4-d927-48fa-b90b-488c08bece08" testId="f431da88-3ce8-5f5c-6f32-4e1134c99a60" testName="EjectCoin685" computerName="PAUL-PC" duration="00:00:00.0370390" startTime="2013-04-19T19:47:52.9247853+02:00" endTime="2013-04-19T19:47:53.1968009+02:00" testType="13cdc9d9-ddb5-4fa4-a97d-d965ccfc6d4b" outcome="Failed" testListId="8c84fa94-04c1-424b-9868-57a2d4851a1d" relativeResultsDirectory="781383d4-d927-48fa-b90b-488c08bece08">
      <Output>
        <ErrorInfo>
          <Message>Test method VendingMachine.Stock.CoinManagerTest.EjectCoin685 threw exception: 
System.Diagnostics.Contracts.__ContractsRuntime+ContractException: Precondition failed: File.Exists("CoinDatabase.xml")  PRE: Database file must exist</Message>
          <StackTrace>    at System.Diagnostics.Contracts.__ContractsRuntime.TriggerFailure(ContractFailureKind kind, String msg, String userMessage, String conditionTxt, Exception inner) in C:\Users\Paul\Documents\GitHub\robust\VendingMachine\VendingMachine\GUI\Form1.Designer.cs:line 0
   at System.Diagnostics.Contracts.__ContractsRuntime.ReportFailure(ContractFailureKind kind, String msg, String conditionTxt, Exception inner) in C:\Users\Paul\Documents\GitHub\robust\VendingMachine\VendingMachine\GUI\Form1.Designer.cs:line 0
   at System.Diagnostics.Contracts.__ContractsRuntime.Requires(Boolean condition, String msg, String conditionTxt) in C:\Users\Paul\Documents\GitHub\robust\VendingMachine\VendingMachine\GUI\Form1.Designer.cs:line 0
   at VendingMachine.Stock.CoinManager..ctor() in C:\Users\Paul\Documents\GitHub\robust\VendingMachine\VendingMachine\Stock\CoinManager.cs:line 19
   at VendingMachine.Stock.CoinManagerTest.EjectCoin685() in C:\Users\Paul\Documents\GitHub\robust\VendingMachine\VendingMachine.Tests\Stock\CoinManagerTest.EjectCoin.g.cs:line 141
</StackTrace>
        </ErrorInfo>
      </Output>
    </UnitTestResult>
    <UnitTestResult executionId="e68a52cf-6f2c-4c9f-994b-169aee3a009f" testId="3d99bcbb-cb4c-3ab5-6940-bd878958e058" testName="AddCoin911" computerName="PAUL-PC" duration="00:00:00.0019662" startTime="2013-04-19T19:47:53.1988010+02:00" endTime="2013-04-19T19:47:53.2058014+02:00" testType="13cdc9d9-ddb5-4fa4-a97d-d965ccfc6d4b" outcome="Failed" testListId="8c84fa94-04c1-424b-9868-57a2d4851a1d" relativeResultsDirectory="e68a52cf-6f2c-4c9f-994b-169aee3a009f">
      <Output>
        <ErrorInfo>
          <Message>Test method VendingMachine.Stock.CoinManagerTest.AddCoin911 threw exception: 
System.Diagnostics.Contracts.__ContractsRuntime+ContractException: Precondition failed: File.Exists("CoinDatabase.xml")  PRE: Database file must exist</Message>
          <StackTrace>    at System.Diagnostics.Contracts.__ContractsRuntime.TriggerFailure(ContractFailureKind kind, String msg, String userMessage, String conditionTxt, Exception inner) in C:\Users\Paul\Documents\GitHub\robust\VendingMachine\VendingMachine\GUI\Form1.Designer.cs:line 0
   at System.Diagnostics.Contracts.__ContractsRuntime.ReportFailure(ContractFailureKind kind, String msg, String conditionTxt, Exception inner) in C:\Users\Paul\Documents\GitHub\robust\VendingMachine\VendingMachine\GUI\Form1.Designer.cs:line 0
   at System.Diagnostics.Contracts.__ContractsRuntime.Requires(Boolean condition, String msg, String conditionTxt) in C:\Users\Paul\Documents\GitHub\robust\VendingMachine\VendingMachine\GUI\Form1.Designer.cs:line 0
   at VendingMachine.Stock.CoinManager..ctor() in C:\Users\Paul\Documents\GitHub\robust\VendingMachine\VendingMachine\Stock\CoinManager.cs:line 19
   at VendingMachine.Stock.CoinManagerTest.AddCoin911() in C:\Users\Paul\Documents\GitHub\robust\VendingMachine\VendingMachine.Tests\Stock\CoinManagerTest.AddCoin.g.cs:line 49
</StackTrace>
        </ErrorInfo>
      </Output>
    </UnitTestResult>
    <UnitTestResult executionId="fad3407c-e8b2-4bef-a2be-c5b5cdf6cd39" testId="5c331520-5267-4642-158f-d6274a4f1357" testName="EjectCoin234" computerName="PAUL-PC" duration="00:00:00.0017284" startTime="2013-04-19T19:47:53.2078015+02:00" endTime="2013-04-19T19:47:53.2148019+02:00" testType="13cdc9d9-ddb5-4fa4-a97d-d965ccfc6d4b" outcome="Failed" testListId="8c84fa94-04c1-424b-9868-57a2d4851a1d" relativeResultsDirectory="fad3407c-e8b2-4bef-a2be-c5b5cdf6cd39">
      <Output>
        <ErrorInfo>
          <Message>Test method VendingMachine.Stock.CoinManagerTest.EjectCoin234 threw exception: 
System.Diagnostics.Contracts.__ContractsRuntime+ContractException: Precondition failed: File.Exists("CoinDatabase.xml")  PRE: Database file must exist</Message>
          <StackTrace>    at System.Diagnostics.Contracts.__ContractsRuntime.TriggerFailure(ContractFailureKind kind, String msg, String userMessage, String conditionTxt, Exception inner) in C:\Users\Paul\Documents\GitHub\robust\VendingMachine\VendingMachine\GUI\Form1.Designer.cs:line 0
   at System.Diagnostics.Contracts.__ContractsRuntime.ReportFailure(ContractFailureKind kind, String msg, String conditionTxt, Exception inner) in C:\Users\Paul\Documents\GitHub\robust\VendingMachine\VendingMachine\GUI\Form1.Designer.cs:line 0
   at System.Diagnostics.Contracts.__ContractsRuntime.Requires(Boolean condition, String msg, String conditionTxt) in C:\Users\Paul\Documents\GitHub\robust\VendingMachine\VendingMachine\GUI\Form1.Designer.cs:line 0
   at VendingMachine.Stock.CoinManager..ctor() in C:\Users\Paul\Documents\GitHub\robust\VendingMachine\VendingMachine\Stock\CoinManager.cs:line 19
   at VendingMachine.Stock.CoinManagerTest.EjectCoin234() in C:\Users\Paul\Documents\GitHub\robust\VendingMachine\VendingMachine.Tests\Stock\CoinManagerTest.EjectCoin.g.cs:line 153
</StackTrace>
        </ErrorInfo>
      </Output>
    </UnitTestResult>
    <UnitTestResult executionId="cb681cd7-396b-498d-901b-1f8328256494" testId="08283594-b636-5a1d-b5e5-168e62a74b6e" testName="EjectCoin218" computerName="PAUL-PC" duration="00:00:00.0017892" startTime="2013-04-19T19:47:53.2178021+02:00" endTime="2013-04-19T19:47:53.2238024+02:00" testType="13cdc9d9-ddb5-4fa4-a97d-d965ccfc6d4b" outcome="Failed" testListId="8c84fa94-04c1-424b-9868-57a2d4851a1d" relativeResultsDirectory="cb681cd7-396b-498d-901b-1f8328256494">
      <Output>
        <ErrorInfo>
          <Message>Test method VendingMachine.Stock.CoinManagerTest.EjectCoin218 threw exception: 
System.Diagnostics.Contracts.__ContractsRuntime+ContractException: Precondition failed: File.Exists("CoinDatabase.xml")  PRE: Database file must exist</Message>
          <StackTrace>    at System.Diagnostics.Contracts.__ContractsRuntime.TriggerFailure(ContractFailureKind kind, String msg, String userMessage, String conditionTxt, Exception inner) in C:\Users\Paul\Documents\GitHub\robust\VendingMachine\VendingMachine\GUI\Form1.Designer.cs:line 0
   at System.Diagnostics.Contracts.__ContractsRuntime.ReportFailure(ContractFailureKind kind, String msg, String conditionTxt, Exception inner) in C:\Users\Paul\Documents\GitHub\robust\VendingMachine\VendingMachine\GUI\Form1.Designer.cs:line 0
   at System.Diagnostics.Contracts.__ContractsRuntime.Requires(Boolean condition, String msg, String conditionTxt) in C:\Users\Paul\Documents\GitHub\robust\VendingMachine\VendingMachine\GUI\Form1.Designer.cs:line 0
   at VendingMachine.Stock.CoinManager..ctor() in C:\Users\Paul\Documents\GitHub\robust\VendingMachine\VendingMachine\Stock\CoinManager.cs:line 19
   at VendingMachine.Stock.CoinManagerTest.EjectCoin218() in C:\Users\Paul\Documents\GitHub\robust\VendingMachine\VendingMachine.Tests\Stock\CoinManagerTest.EjectCoin.g.cs:line 129
</StackTrace>
        </ErrorInfo>
      </Output>
    </UnitTestResult>
    <UnitTestResult executionId="46672ec6-8362-4fb2-a90d-66af6150bbdf" testId="da51f33f-ea83-f502-ff09-5a7441acce99" testName="AddCoin494" computerName="PAUL-PC" duration="00:00:00.0016429" startTime="2013-04-19T19:47:53.2268026+02:00" endTime="2013-04-19T19:47:53.2328029+02:00" testType="13cdc9d9-ddb5-4fa4-a97d-d965ccfc6d4b" outcome="Failed" testListId="8c84fa94-04c1-424b-9868-57a2d4851a1d" relativeResultsDirectory="46672ec6-8362-4fb2-a90d-66af6150bbdf">
      <Output>
        <ErrorInfo>
          <Message>Test method VendingMachine.Stock.CoinManagerTest.AddCoin494 threw exception: 
System.Diagnostics.Contracts.__ContractsRuntime+ContractException: Precondition failed: File.Exists("CoinDatabase.xml")  PRE: Database file must exist</Message>
          <StackTrace>    at System.Diagnostics.Contracts.__ContractsRuntime.TriggerFailure(ContractFailureKind kind, String msg, String userMessage, String conditionTxt, Exception inner) in C:\Users\Paul\Documents\GitHub\robust\VendingMachine\VendingMachine\GUI\Form1.Designer.cs:line 0
   at System.Diagnostics.Contracts.__ContractsRuntime.ReportFailure(ContractFailureKind kind, String msg, String conditionTxt, Exception inner) in C:\Users\Paul\Documents\GitHub\robust\VendingMachine\VendingMachine\GUI\Form1.Designer.cs:line 0
   at System.Diagnostics.Contracts.__ContractsRuntime.Requires(Boolean condition, String msg, String conditionTxt) in C:\Users\Paul\Documents\GitHub\robust\VendingMachine\VendingMachine\GUI\Form1.Designer.cs:line 0
   at VendingMachine.Stock.CoinManager..ctor() in C:\Users\Paul\Documents\GitHub\robust\VendingMachine\VendingMachine\Stock\CoinManager.cs:line 19
   at VendingMachine.Stock.CoinManagerTest.AddCoin494() in C:\Users\Paul\Documents\GitHub\robust\VendingMachine\VendingMachine.Tests\Stock\CoinManagerTest.AddCoin.g.cs:line 58
</StackTrace>
        </ErrorInfo>
      </Output>
    </UnitTestResult>
  </Results>
</TestRun>