<?xml version="1.0" encoding="UTF-8"?>
<TestRun id="29ad91b8-9124-4927-a40b-edce8135e7f0" name="Tusia@TUNIA 2013-04-20 00:31:03" runUser="Tunia\Tusia" xmlns="http://microsoft.com/schemas/VisualStudio/TeamTest/2010">
  <TestSettings name="Local" id="73543c8f-e1ba-4016-a1b2-c5482740e447">
    <Description>These are default test settings for a local test run.</Description>
    <Deployment runDeploymentRoot="Tusia_TUNIA 2013-04-20 00_31_03">
      <DeploymentItem filename="VendingMachine\StockDatabase.xml" />
      <DeploymentItem filename="VendingMachine\CoinDatabase.xml" />
      <DeploymentItem filename="C:\Users\Tusia\Documents\GitHub\robust\VendingMachine\VendingMachine.Tests\MolesAssemblies\VendingMachine.Moles.dll" />
      <DeploymentItem filename="C:\Users\Tusia\Documents\GitHub\robust\VendingMachine\VendingMachine\bin\Debug\VendingMachine.exe" />
    </Deployment>
    <Execution>
      <TestTypeSpecific>
        <UnitTestRunConfig testTypeId="13cdc9d9-ddb5-4fa4-a97d-d965ccfc6d4b">
          <AssemblyResolution>
            <TestDirectory useLoadContext="true" />
          </AssemblyResolution>
        </UnitTestRunConfig>
        <WebTestRunConfiguration testTypeId="4e7599fa-5ecb-43e9-a887-cd63cf72d207">
          <Browser name="Internet Explorer 7.0">
            <Headers>
              <Header name="User-Agent" value="Mozilla/4.0 (compatible; MSIE 7.0; Windows NT 5.1)" />
              <Header name="Accept" value="*/*" />
              <Header name="Accept-Language" value="{{$IEAcceptLanguage}}" />
              <Header name="Accept-Encoding" value="GZIP" />
            </Headers>
          </Browser>
        </WebTestRunConfiguration>
      </TestTypeSpecific>
      <AgentRule name="LocalMachineDefaultRole">
        <DataCollectors>
          <DataCollector uri="datacollector://microsoft/CodeCoverage/1.0" assemblyQualifiedName="Microsoft.VisualStudio.TestTools.CodeCoverage.CoveragePlugIn, Microsoft.VisualStudio.QualityTools.Plugins.CodeCoverage, Version=10.0.0.0, Culture=neutral, PublicKeyToken=b03f5f7f11d50a3a" friendlyName="Code Coverage">
            <Configuration>
              <CodeCoverage xmlns="">
                <Regular>
                  <CodeCoverageItem binaryFile="C:\Users\Tusia\Documents\GitHub\robust\VendingMachine\VendingMachine\bin\Debug\VendingMachine.exe" pdbFile="C:\Users\Tusia\Documents\GitHub\robust\VendingMachine\VendingMachine\bin\Debug\VendingMachine.instr.pdb" instrumentInPlace="true" />
                </Regular>
              </CodeCoverage>
            </Configuration>
          </DataCollector>
        </DataCollectors>
      </AgentRule>
    </Execution>
  </TestSettings>
  <Times creation="2013-04-20T00:31:03.1621904+02:00" queuing="2013-04-20T00:31:03.8962324+02:00" start="2013-04-20T00:31:04.0132391+02:00" finish="2013-04-20T00:31:07.3034273+02:00" />
  <ResultSummary outcome="Completed">
    <Counters total="1" executed="1" passed="1" error="0" failed="0" timeout="0" aborted="0" inconclusive="0" passedButRunAborted="0" notRunnable="0" notExecuted="0" disconnected="0" warning="0" completed="0" inProgress="0" pending="0" />
    <ResultFiles>
      <ResultFile path="TUNIA\data.coverage" />
    </ResultFiles>
  </ResultSummary>
  <TestDefinitions>
    <UnitTest name="GetChange2" storage="c:\users\tusia\documents\github\robust\vendingmachine\vendingmachine.tests\bin\debug\vendingmachine.tests.dll" id="c5737dec-2360-eb79-9567-2f789f1f480a">
      <Execution id="a8edcda4-f000-4872-a063-cc1d7cb13e17" />
      <TestMethod codeBase="C:/Users/Tusia/Documents/GitHub/robust/VendingMachine/VendingMachine.Tests/bin/Debug/VendingMachine.Tests.DLL" adapterTypeName="Microsoft.VisualStudio.TestTools.TestTypes.Unit.UnitTestAdapter, Microsoft.VisualStudio.QualityTools.Tips.UnitTest.Adapter, Version=10.0.0.0, Culture=neutral, PublicKeyToken=b03f5f7f11d50a3a" className="VendingMachine.Stock.CoinManagerTest, VendingMachine.Tests, Version=0.0.0.0, Culture=neutral, PublicKeyToken=null" name="GetChange2" />
    </UnitTest>
  </TestDefinitions>
  <TestLists>
    <TestList name="Results Not in a List" id="8c84fa94-04c1-424b-9868-57a2d4851a1d" />
    <TestList name="All Loaded Results" id="19431567-8539-422a-85d7-44ee4e166bda" />
  </TestLists>
  <TestEntries>
    <TestEntry testId="c5737dec-2360-eb79-9567-2f789f1f480a" executionId="a8edcda4-f000-4872-a063-cc1d7cb13e17" testListId="8c84fa94-04c1-424b-9868-57a2d4851a1d" />
  </TestEntries>
  <Results>
    <UnitTestResult executionId="a8edcda4-f000-4872-a063-cc1d7cb13e17" testId="c5737dec-2360-eb79-9567-2f789f1f480a" testName="GetChange2" computerName="TUNIA" duration="00:00:00.0723657" startTime="2013-04-20T00:31:04.8422865+02:00" endTime="2013-04-20T00:31:05.3133135+02:00" testType="13cdc9d9-ddb5-4fa4-a97d-d965ccfc6d4b" outcome="Passed" testListId="8c84fa94-04c1-424b-9868-57a2d4851a1d" relativeResultsDirectory="a8edcda4-f000-4872-a063-cc1d7cb13e17">
    </UnitTestResult>
  </Results>
</TestRun>