<?xml version="1.0" encoding="UTF-8"?>
<TestRun id="e89d01b4-de0c-4673-a5d7-9dcfbbb2555c" name="Tusia@TUNIA 2013-04-26 22:24:39" runUser="Tunia\Tusia" xmlns="http://microsoft.com/schemas/VisualStudio/TeamTest/2010">
  <TestSettings name="Local" id="73543c8f-e1ba-4016-a1b2-c5482740e447">
    <Description>These are default test settings for a local test run.</Description>
    <Deployment runDeploymentRoot="Tusia_TUNIA 2013-04-26 22_24_39">
      <DeploymentItem filename="VendingMachine\StockDatabase.xml" />
      <DeploymentItem filename="VendingMachine\CoinDatabase.xml" />
      <DeploymentItem filename="C:\Users\Tusia\Documents\GitHub\robust\VendingMachine\VendingMachine.Tests\MolesAssemblies\VendingMachine.Moles.dll" />
      <DeploymentItem filename="C:\Users\Tusia\Documents\GitHub\robust\VendingMachine\VendingMachine\bin\Debug\VendingMachine.exe" />
    </Deployment>
    <Execution>
      <TestTypeSpecific>
        <UnitTestRunConfig testTypeId="13cdc9d9-ddb5-4fa4-a97d-d965ccfc6d4b">
          <AssemblyResolution>
            <TestDirectory useLoadContext="true" />
          </AssemblyResolution>
        </UnitTestRunConfig>
        <WebTestRunConfiguration testTypeId="4e7599fa-5ecb-43e9-a887-cd63cf72d207">
          <Browser name="Internet Explorer 7.0">
            <Headers>
              <Header name="User-Agent" value="Mozilla/4.0 (compatible; MSIE 7.0; Windows NT 5.1)" />
              <Header name="Accept" value="*/*" />
              <Header name="Accept-Language" value="{{$IEAcceptLanguage}}" />
              <Header name="Accept-Encoding" value="GZIP" />
            </Headers>
          </Browser>
        </WebTestRunConfiguration>
      </TestTypeSpecific>
      <AgentRule name="LocalMachineDefaultRole">
        <DataCollectors>
          <DataCollector uri="datacollector://microsoft/CodeCoverage/1.0" assemblyQualifiedName="Microsoft.VisualStudio.TestTools.CodeCoverage.CoveragePlugIn, Microsoft.VisualStudio.QualityTools.Plugins.CodeCoverage, Version=10.0.0.0, Culture=neutral, PublicKeyToken=b03f5f7f11d50a3a" friendlyName="Code Coverage">
            <Configuration>
              <CodeCoverage xmlns="">
                <Regular>
                  <CodeCoverageItem binaryFile="C:\Users\Tusia\Documents\GitHub\robust\VendingMachine\VendingMachine\bin\Debug\VendingMachine.exe" pdbFile="C:\Users\Tusia\Documents\GitHub\robust\VendingMachine\VendingMachine\bin\Debug\VendingMachine.instr.pdb" instrumentInPlace="true" />
                </Regular>
              </CodeCoverage>
            </Configuration>
          </DataCollector>
        </DataCollectors>
      </AgentRule>
    </Execution>
  </TestSettings>
  <Times creation="2013-04-26T22:24:39.7465363+02:00" queuing="2013-04-26T22:24:40.5205806+02:00" start="2013-04-26T22:24:40.6225864+02:00" finish="2013-04-26T22:24:45.7138777+02:00" />
  <ResultSummary outcome="NotRunnable">
    <Counters total="39" executed="38" passed="38" error="0" failed="0" timeout="0" aborted="0" inconclusive="0" passedButRunAborted="0" notRunnable="1" notExecuted="0" disconnected="0" warning="0" completed="0" inProgress="0" pending="0" />
    <ResultFiles>
      <ResultFile path="TUNIA\data.coverage" />
    </ResultFiles>
  </ResultSummary>
  <TestDefinitions>
    <UnitTest name="AddCoin761" storage="c:\users\tusia\documents\github\robust\vendingmachine\vendingmachine.tests\bin\debug\vendingmachine.tests.dll" id="947c0953-7c1e-02b4-1011-fdb51c529281">
      <Execution id="d4622c80-3eb0-4cbe-ad07-3599854c3374" />
      <TestMethod codeBase="C:/Users/Tusia/Documents/GitHub/robust/VendingMachine/VendingMachine.Tests/bin/Debug/VendingMachine.Tests.DLL" adapterTypeName="Microsoft.VisualStudio.TestTools.TestTypes.Unit.UnitTestAdapter, Microsoft.VisualStudio.QualityTools.Tips.UnitTest.Adapter, Version=10.0.0.0, Culture=neutral, PublicKeyToken=b03f5f7f11d50a3a" className="VendingMachine.Stock.CoinManagerTest, VendingMachine.Tests, Version=0.0.0.0, Culture=neutral, PublicKeyToken=null" name="AddCoin761" />
    </UnitTest>
    <UnitTest name="CheckChangeNotEnoughMoney" storage="c:\users\tusia\documents\github\robust\vendingmachine\vendingmachine.tests\bin\debug\vendingmachine.tests.dll" id="a068d388-d049-dbf1-7f43-3b8ae6b9a8ec">
      <Execution id="50447be9-c983-4883-b3e4-c6a9dd27d170" />
      <TestMethod codeBase="C:/Users/Tusia/Documents/GitHub/robust/VendingMachine/VendingMachine.Tests/bin/Debug/VendingMachine.Tests.DLL" adapterTypeName="Microsoft.VisualStudio.TestTools.TestTypes.Unit.UnitTestAdapter, Microsoft.VisualStudio.QualityTools.Tips.UnitTest.Adapter, Version=10.0.0.0, Culture=neutral, PublicKeyToken=b03f5f7f11d50a3a" className="VendingMachine.Stock.CoinManagerTest, VendingMachine.Tests, Version=0.0.0.0, Culture=neutral, PublicKeyToken=null" name="CheckChangeNotEnoughMoney" />
    </UnitTest>
    <UnitTest name="AddProductIncorrectAmountParameter" storage="c:\users\tusia\documents\github\robust\vendingmachine\vendingmachine.tests\bin\debug\vendingmachine.tests.dll" id="c2dd427d-8b83-9eff-6966-88846ec7045e">
      <Execution id="f47229cd-7a13-4602-aff4-61fefeb1db99" />
      <TestMethod codeBase="C:/Users/Tusia/Documents/GitHub/robust/VendingMachine/VendingMachine.Tests/bin/Debug/VendingMachine.Tests.DLL" adapterTypeName="Microsoft.VisualStudio.TestTools.TestTypes.Unit.UnitTestAdapter, Microsoft.VisualStudio.QualityTools.Tips.UnitTest.Adapter, Version=10.0.0.0, Culture=neutral, PublicKeyToken=b03f5f7f11d50a3a" className="VendingMachine.Stock.StockManagerTest, VendingMachine.Tests, Version=0.0.0.0, Culture=neutral, PublicKeyToken=null" name="AddProductIncorrectAmountParameter" />
    </UnitTest>
    <UnitTest name="ToValue832" storage="c:\users\tusia\documents\github\robust\vendingmachine\vendingmachine.tests\bin\debug\vendingmachine.tests.dll" id="29afddcd-a882-5ec0-ef27-736173ee2cfa">
      <Execution id="cc0fcd62-06e7-4443-9388-d093100e724d" />
      <TestMethod codeBase="C:/Users/Tusia/Documents/GitHub/robust/VendingMachine/VendingMachine.Tests/bin/Debug/VendingMachine.Tests.DLL" adapterTypeName="Microsoft.VisualStudio.TestTools.TestTypes.Unit.UnitTestAdapter, Microsoft.VisualStudio.QualityTools.Tips.UnitTest.Adapter, Version=10.0.0.0, Culture=neutral, PublicKeyToken=b03f5f7f11d50a3a" className="VendingMachine.Data.CoinExtensionsTest, VendingMachine.Tests, Version=0.0.0.0, Culture=neutral, PublicKeyToken=null" name="ToValue832" />
    </UnitTest>
    <UnitTest name="AddCoinThrowsContractException830" storage="c:\users\tusia\documents\github\robust\vendingmachine\vendingmachine.tests\bin\debug\vendingmachine.tests.dll" id="891b0eca-5777-6ba9-9abe-919f58267acc">
      <Execution id="0c359c62-4250-404f-a68d-110d11f0a1fa" />
      <TestMethod codeBase="C:/Users/Tusia/Documents/GitHub/robust/VendingMachine/VendingMachine.Tests/bin/Debug/VendingMachine.Tests.DLL" adapterTypeName="Microsoft.VisualStudio.TestTools.TestTypes.Unit.UnitTestAdapter, Microsoft.VisualStudio.QualityTools.Tips.UnitTest.Adapter, Version=10.0.0.0, Culture=neutral, PublicKeyToken=b03f5f7f11d50a3a" className="VendingMachine.Stock.CoinManagerTest, VendingMachine.Tests, Version=0.0.0.0, Culture=neutral, PublicKeyToken=null" name="AddCoinThrowsContractException830" />
    </UnitTest>
    <UnitTest name="GetChangeCaseNull" storage="c:\users\tusia\documents\github\robust\vendingmachine\vendingmachine.tests\bin\debug\vendingmachine.tests.dll" id="8700dc92-37b9-97d8-2d04-3577c03a9f57">
      <Execution id="3d46dcd3-c617-4f38-ba7f-cdf05740c84c" />
      <TestMethod codeBase="C:/Users/Tusia/Documents/GitHub/robust/VendingMachine/VendingMachine.Tests/bin/Debug/VendingMachine.Tests.DLL" adapterTypeName="Microsoft.VisualStudio.TestTools.TestTypes.Unit.UnitTestAdapter, Microsoft.VisualStudio.QualityTools.Tips.UnitTest.Adapter, Version=10.0.0.0, Culture=neutral, PublicKeyToken=b03f5f7f11d50a3a" className="VendingMachine.Stock.CoinManagerTest, VendingMachine.Tests, Version=0.0.0.0, Culture=neutral, PublicKeyToken=null" name="GetChangeCaseNull" />
    </UnitTest>
    <UnitTest name="CheckChangeNotEnoughSmallCoins" storage="c:\users\tusia\documents\github\robust\vendingmachine\vendingmachine.tests\bin\debug\vendingmachine.tests.dll" id="6d3e4499-9d6f-49ac-6aef-7b79018d1aa8">
      <Execution id="7d42ebfd-c053-4056-9a40-71efd6abd232" />
      <TestMethod codeBase="C:/Users/Tusia/Documents/GitHub/robust/VendingMachine/VendingMachine.Tests/bin/Debug/VendingMachine.Tests.DLL" adapterTypeName="Microsoft.VisualStudio.TestTools.TestTypes.Unit.UnitTestAdapter, Microsoft.VisualStudio.QualityTools.Tips.UnitTest.Adapter, Version=10.0.0.0, Culture=neutral, PublicKeyToken=b03f5f7f11d50a3a" className="VendingMachine.Stock.CoinManagerTest, VendingMachine.Tests, Version=0.0.0.0, Culture=neutral, PublicKeyToken=null" name="CheckChangeNotEnoughSmallCoins" />
    </UnitTest>
    <UnitTest name="ToValue347" storage="c:\users\tusia\documents\github\robust\vendingmachine\vendingmachine.tests\bin\debug\vendingmachine.tests.dll" id="fd0594a0-e09f-0a9f-2b91-7b43f72abdef">
      <Execution id="3e0e382e-0be1-4c03-bdc1-56b0a4a5b456" />
      <TestMethod codeBase="C:/Users/Tusia/Documents/GitHub/robust/VendingMachine/VendingMachine.Tests/bin/Debug/VendingMachine.Tests.DLL" adapterTypeName="Microsoft.VisualStudio.TestTools.TestTypes.Unit.UnitTestAdapter, Microsoft.VisualStudio.QualityTools.Tips.UnitTest.Adapter, Version=10.0.0.0, Culture=neutral, PublicKeyToken=b03f5f7f11d50a3a" className="VendingMachine.Data.CoinExtensionsTest, VendingMachine.Tests, Version=0.0.0.0, Culture=neutral, PublicKeyToken=null" name="ToValue347" />
    </UnitTest>
    <UnitTest name="EjectCoinNotEnoughCoins" storage="c:\users\tusia\documents\github\robust\vendingmachine\vendingmachine.tests\bin\debug\vendingmachine.tests.dll" id="d5a36cc4-16a7-0c24-c41b-6d6de69a256e">
      <Execution id="0bfaa033-bb18-4869-a68f-6bc1b362c6ca" />
      <TestMethod codeBase="C:/Users/Tusia/Documents/GitHub/robust/VendingMachine/VendingMachine.Tests/bin/Debug/VendingMachine.Tests.DLL" adapterTypeName="Microsoft.VisualStudio.TestTools.TestTypes.Unit.UnitTestAdapter, Microsoft.VisualStudio.QualityTools.Tips.UnitTest.Adapter, Version=10.0.0.0, Culture=neutral, PublicKeyToken=b03f5f7f11d50a3a" className="VendingMachine.Stock.CoinManagerTest, VendingMachine.Tests, Version=0.0.0.0, Culture=neutral, PublicKeyToken=null" name="EjectCoinNotEnoughCoins" />
    </UnitTest>
    <UnitTest name="TestMethod2" storage="c:\users\tusia\documents\github\robust\vendingmachine\vendingmachine.tests\bin\debug\vendingmachine.tests.dll" id="30212e84-72a6-dcb3-2391-f34d4ae79066">
      <Execution id="1604f148-646a-4cfa-9db4-5556d85e3568" />
      <TestMethod codeBase="C:/Users/Tusia/Documents/GitHub/robust/VendingMachine/VendingMachine.Tests/bin/Debug/VendingMachine.Tests.DLL" adapterTypeName="Microsoft.VisualStudio.TestTools.TestTypes.Unit.UnitTestAdapter, Microsoft.VisualStudio.QualityTools.Tips.UnitTest.Adapter, Version=10.0.0.0, Culture=neutral, PublicKeyToken=b03f5f7f11d50a3a" className="VendingMachine.Stock.StockManagerTest, VendingMachine.Tests, Version=0.0.0.0, Culture=neutral, PublicKeyToken=null" name="TestMethod2" />
    </UnitTest>
    <UnitTest name="TestMethod1" storage="c:\users\tusia\documents\github\robust\vendingmachine\vendingmachine.tests\bin\debug\vendingmachine.tests.dll" id="3c39e665-fbbd-a325-5731-748af5e9cf8e">
      <Execution id="8b5b0b75-2847-4450-a435-71dd21c227c4" />
      <TestMethod codeBase="C:/Users/Tusia/Documents/GitHub/robust/VendingMachine/VendingMachine.Tests/bin/Debug/VendingMachine.Tests.DLL" adapterTypeName="Microsoft.VisualStudio.TestTools.TestTypes.Unit.UnitTestAdapter, Microsoft.VisualStudio.QualityTools.Tips.UnitTest.Adapter, Version=10.0.0.0, Culture=neutral, PublicKeyToken=b03f5f7f11d50a3a" className="VendingMachine.Tests.Stock.StockManagerTest, VendingMachine.Tests, Version=0.0.0.0, Culture=neutral, PublicKeyToken=null" name="TestMethod1" />
    </UnitTest>
    <UnitTest name="EjectCoinThrowsContractException868" storage="c:\users\tusia\documents\github\robust\vendingmachine\vendingmachine.tests\bin\debug\vendingmachine.tests.dll" id="9f90a1ba-c149-0d89-6a79-5d82a4b7d1e9">
      <Execution id="0eb2cea3-ef22-429a-9886-a5b988557a5e" />
      <TestMethod codeBase="C:/Users/Tusia/Documents/GitHub/robust/VendingMachine/VendingMachine.Tests/bin/Debug/VendingMachine.Tests.DLL" adapterTypeName="Microsoft.VisualStudio.TestTools.TestTypes.Unit.UnitTestAdapter, Microsoft.VisualStudio.QualityTools.Tips.UnitTest.Adapter, Version=10.0.0.0, Culture=neutral, PublicKeyToken=b03f5f7f11d50a3a" className="VendingMachine.Stock.CoinManagerTest, VendingMachine.Tests, Version=0.0.0.0, Culture=neutral, PublicKeyToken=null" name="EjectCoinThrowsContractException868" />
    </UnitTest>
    <UnitTest name="ToValue1" storage="c:\users\tusia\documents\github\robust\vendingmachine\vendingmachine.tests\bin\debug\vendingmachine.tests.dll" id="8dfb708c-bcdc-5477-ef07-b275041ca24b">
      <Execution id="0ef86bd8-2f63-4961-9397-0276ba7c87ee" />
      <TestMethod codeBase="C:/Users/Tusia/Documents/GitHub/robust/VendingMachine/VendingMachine.Tests/bin/Debug/VendingMachine.Tests.DLL" adapterTypeName="Microsoft.VisualStudio.TestTools.TestTypes.Unit.UnitTestAdapter, Microsoft.VisualStudio.QualityTools.Tips.UnitTest.Adapter, Version=10.0.0.0, Culture=neutral, PublicKeyToken=b03f5f7f11d50a3a" className="VendingMachine.Data.CoinExtensionsTest, VendingMachine.Tests, Version=0.0.0.0, Culture=neutral, PublicKeyToken=null" name="ToValue1" />
    </UnitTest>
    <UnitTest name="CheckChangeExactAmountOfMoney" storage="c:\users\tusia\documents\github\robust\vendingmachine\vendingmachine.tests\bin\debug\vendingmachine.tests.dll" id="0c8fb27b-46a7-3502-f11f-b98500b102d8">
      <Execution id="045be8f1-58a9-4790-ad82-3edbf3a6b82e" />
      <TestMethod codeBase="C:/Users/Tusia/Documents/GitHub/robust/VendingMachine/VendingMachine.Tests/bin/Debug/VendingMachine.Tests.DLL" adapterTypeName="Microsoft.VisualStudio.TestTools.TestTypes.Unit.UnitTestAdapter, Microsoft.VisualStudio.QualityTools.Tips.UnitTest.Adapter, Version=10.0.0.0, Culture=neutral, PublicKeyToken=b03f5f7f11d50a3a" className="VendingMachine.Stock.CoinManagerTest, VendingMachine.Tests, Version=0.0.0.0, Culture=neutral, PublicKeyToken=null" name="CheckChangeExactAmountOfMoney" />
    </UnitTest>
    <UnitTest name="ToValueThrowsContractException646" storage="c:\users\tusia\documents\github\robust\vendingmachine\vendingmachine.tests\bin\debug\vendingmachine.tests.dll" id="55d8445b-1833-2470-93d4-70d9e8c158e2">
      <Execution id="9bbdb648-197a-461d-b47d-4fb816f4d41c" />
      <TestMethod codeBase="C:/Users/Tusia/Documents/GitHub/robust/VendingMachine/VendingMachine.Tests/bin/Debug/VendingMachine.Tests.DLL" adapterTypeName="Microsoft.VisualStudio.TestTools.TestTypes.Unit.UnitTestAdapter, Microsoft.VisualStudio.QualityTools.Tips.UnitTest.Adapter, Version=10.0.0.0, Culture=neutral, PublicKeyToken=b03f5f7f11d50a3a" className="VendingMachine.Data.CoinExtensionsTest, VendingMachine.Tests, Version=0.0.0.0, Culture=neutral, PublicKeyToken=null" name="ToValueThrowsContractException646" />
    </UnitTest>
    <UnitTest name="GetChangeNotEnoughSmallCoins" storage="c:\users\tusia\documents\github\robust\vendingmachine\vendingmachine.tests\bin\debug\vendingmachine.tests.dll" id="9ce0e3ea-570b-54f6-4480-66ae16f40c23">
      <Execution id="48d2e6cf-2034-418e-86a2-632b1ff499f3" />
      <TestMethod codeBase="C:/Users/Tusia/Documents/GitHub/robust/VendingMachine/VendingMachine.Tests/bin/Debug/VendingMachine.Tests.DLL" adapterTypeName="Microsoft.VisualStudio.TestTools.TestTypes.Unit.UnitTestAdapter, Microsoft.VisualStudio.QualityTools.Tips.UnitTest.Adapter, Version=10.0.0.0, Culture=neutral, PublicKeyToken=b03f5f7f11d50a3a" className="VendingMachine.Stock.CoinManagerTest, VendingMachine.Tests, Version=0.0.0.0, Culture=neutral, PublicKeyToken=null" name="GetChangeNotEnoughSmallCoins" />
    </UnitTest>
    <UnitTest name="AddProductNonExististantProduct" storage="c:\users\tusia\documents\github\robust\vendingmachine\vendingmachine.tests\bin\debug\vendingmachine.tests.dll" id="76c71063-edc7-4420-4a6d-cd188aff0645">
      <Execution id="7dd4bbe9-7fca-466a-8ca7-facd25769e9f" />
      <TestMethod codeBase="C:/Users/Tusia/Documents/GitHub/robust/VendingMachine/VendingMachine.Tests/bin/Debug/VendingMachine.Tests.DLL" adapterTypeName="Microsoft.VisualStudio.TestTools.TestTypes.Unit.UnitTestAdapter, Microsoft.VisualStudio.QualityTools.Tips.UnitTest.Adapter, Version=10.0.0.0, Culture=neutral, PublicKeyToken=b03f5f7f11d50a3a" className="VendingMachine.Stock.StockManagerTest, VendingMachine.Tests, Version=0.0.0.0, Culture=neutral, PublicKeyToken=null" name="AddProductNonExististantProduct" />
    </UnitTest>
    <UnitTest name="CheckChange0Inserted" storage="c:\users\tusia\documents\github\robust\vendingmachine\vendingmachine.tests\bin\debug\vendingmachine.tests.dll" id="5265aad5-dd33-667e-7260-26ac5508221a">
      <Execution id="f55e5061-e91e-4eec-a4f4-29754ecd992f" />
      <TestMethod codeBase="C:/Users/Tusia/Documents/GitHub/robust/VendingMachine/VendingMachine.Tests/bin/Debug/VendingMachine.Tests.DLL" adapterTypeName="Microsoft.VisualStudio.TestTools.TestTypes.Unit.UnitTestAdapter, Microsoft.VisualStudio.QualityTools.Tips.UnitTest.Adapter, Version=10.0.0.0, Culture=neutral, PublicKeyToken=b03f5f7f11d50a3a" className="VendingMachine.Stock.CoinManagerTest, VendingMachine.Tests, Version=0.0.0.0, Culture=neutral, PublicKeyToken=null" name="CheckChange0Inserted" />
    </UnitTest>
    <UnitTest name="GetChangeNoChange" storage="c:\users\tusia\documents\github\robust\vendingmachine\vendingmachine.tests\bin\debug\vendingmachine.tests.dll" id="24f0352f-d792-ba2d-85c4-0ecb496e8074">
      <Execution id="e090eb85-80bc-49a2-80e7-6dc9c5003791" />
      <TestMethod codeBase="C:/Users/Tusia/Documents/GitHub/robust/VendingMachine/VendingMachine.Tests/bin/Debug/VendingMachine.Tests.DLL" adapterTypeName="Microsoft.VisualStudio.TestTools.TestTypes.Unit.UnitTestAdapter, Microsoft.VisualStudio.QualityTools.Tips.UnitTest.Adapter, Version=10.0.0.0, Culture=neutral, PublicKeyToken=b03f5f7f11d50a3a" className="VendingMachine.Stock.CoinManagerTest, VendingMachine.Tests, Version=0.0.0.0, Culture=neutral, PublicKeyToken=null" name="GetChangeNoChange" />
    </UnitTest>
    <UnitTest name="AddProductDifferentPrice" storage="c:\users\tusia\documents\github\robust\vendingmachine\vendingmachine.tests\bin\debug\vendingmachine.tests.dll" id="ccfb871b-c825-c6e7-eb79-8e1bd0877aee">
      <Execution id="5f69348f-d73c-410d-ac25-73e918b43b70" />
      <TestMethod codeBase="C:/Users/Tusia/Documents/GitHub/robust/VendingMachine/VendingMachine.Tests/bin/Debug/VendingMachine.Tests.DLL" adapterTypeName="Microsoft.VisualStudio.TestTools.TestTypes.Unit.UnitTestAdapter, Microsoft.VisualStudio.QualityTools.Tips.UnitTest.Adapter, Version=10.0.0.0, Culture=neutral, PublicKeyToken=b03f5f7f11d50a3a" className="VendingMachine.Stock.StockManagerTest, VendingMachine.Tests, Version=0.0.0.0, Culture=neutral, PublicKeyToken=null" name="AddProductDifferentPrice" />
    </UnitTest>
    <UnitTest name="EjectCoinCaseNotEmpty" storage="c:\users\tusia\documents\github\robust\vendingmachine\vendingmachine.tests\bin\debug\vendingmachine.tests.dll" id="ace49edf-99b2-109f-ac51-dfcee8b9cd8c">
      <Execution id="9a55da65-8e44-4356-aaea-077ca37fa281" />
      <TestMethod codeBase="C:/Users/Tusia/Documents/GitHub/robust/VendingMachine/VendingMachine.Tests/bin/Debug/VendingMachine.Tests.DLL" adapterTypeName="Microsoft.VisualStudio.TestTools.TestTypes.Unit.UnitTestAdapter, Microsoft.VisualStudio.QualityTools.Tips.UnitTest.Adapter, Version=10.0.0.0, Culture=neutral, PublicKeyToken=b03f5f7f11d50a3a" className="VendingMachine.Stock.CoinManagerTest, VendingMachine.Tests, Version=0.0.0.0, Culture=neutral, PublicKeyToken=null" name="EjectCoinCaseNotEmpty" />
    </UnitTest>
    <UnitTest name="GetChangeNotEnoughMoney" storage="c:\users\tusia\documents\github\robust\vendingmachine\vendingmachine.tests\bin\debug\vendingmachine.tests.dll" id="404dc43c-589e-c0d4-e4fb-83e23d94a714">
      <Execution id="f2ae0c41-59e7-4eb6-9bdc-72e23d8249ed" />
      <TestMethod codeBase="C:/Users/Tusia/Documents/GitHub/robust/VendingMachine/VendingMachine.Tests/bin/Debug/VendingMachine.Tests.DLL" adapterTypeName="Microsoft.VisualStudio.TestTools.TestTypes.Unit.UnitTestAdapter, Microsoft.VisualStudio.QualityTools.Tips.UnitTest.Adapter, Version=10.0.0.0, Culture=neutral, PublicKeyToken=b03f5f7f11d50a3a" className="VendingMachine.Stock.CoinManagerTest, VendingMachine.Tests, Version=0.0.0.0, Culture=neutral, PublicKeyToken=null" name="GetChangeNotEnoughMoney" />
    </UnitTest>
    <UnitTest name="EjectCoin502" storage="c:\users\tusia\documents\github\robust\vendingmachine\vendingmachine.tests\bin\debug\vendingmachine.tests.dll" id="30c9cfb6-1e60-9299-1d60-73ed769d9f7a">
      <Execution id="dfd81be1-fdad-41f2-bbe7-3876bf0eb90e" />
      <TestMethod codeBase="C:/Users/Tusia/Documents/GitHub/robust/VendingMachine/VendingMachine.Tests/bin/Debug/VendingMachine.Tests.DLL" adapterTypeName="Microsoft.VisualStudio.TestTools.TestTypes.Unit.UnitTestAdapter, Microsoft.VisualStudio.QualityTools.Tips.UnitTest.Adapter, Version=10.0.0.0, Culture=neutral, PublicKeyToken=b03f5f7f11d50a3a" className="VendingMachine.Stock.CoinManagerTest, VendingMachine.Tests, Version=0.0.0.0, Culture=neutral, PublicKeyToken=null" name="EjectCoin502" />
    </UnitTest>
    <UnitTest name="AddCoin494" storage="c:\users\tusia\documents\github\robust\vendingmachine\vendingmachine.tests\bin\debug\vendingmachine.tests.dll" id="da51f33f-ea83-f502-ff09-5a7441acce99">
      <Execution id="0517e3b7-41da-4f69-b565-2b925723d5fa" />
      <TestMethod codeBase="C:/Users/Tusia/Documents/GitHub/robust/VendingMachine/VendingMachine.Tests/bin/Debug/VendingMachine.Tests.DLL" adapterTypeName="Microsoft.VisualStudio.TestTools.TestTypes.Unit.UnitTestAdapter, Microsoft.VisualStudio.QualityTools.Tips.UnitTest.Adapter, Version=10.0.0.0, Culture=neutral, PublicKeyToken=b03f5f7f11d50a3a" className="VendingMachine.Stock.CoinManagerTest, VendingMachine.Tests, Version=0.0.0.0, Culture=neutral, PublicKeyToken=null" name="AddCoin494" />
    </UnitTest>
    <UnitTest name="CheckChangeIncorrectInserted" storage="c:\users\tusia\documents\github\robust\vendingmachine\vendingmachine.tests\bin\debug\vendingmachine.tests.dll" id="2d4bfb69-fdb8-a0aa-73d2-e65fc112358b">
      <Execution id="ce347c2b-a735-4044-ad7c-833aa679a4bc" />
      <TestMethod codeBase="C:/Users/Tusia/Documents/GitHub/robust/VendingMachine/VendingMachine.Tests/bin/Debug/VendingMachine.Tests.DLL" adapterTypeName="Microsoft.VisualStudio.TestTools.TestTypes.Unit.UnitTestAdapter, Microsoft.VisualStudio.QualityTools.Tips.UnitTest.Adapter, Version=10.0.0.0, Culture=neutral, PublicKeyToken=b03f5f7f11d50a3a" className="VendingMachine.Stock.CoinManagerTest, VendingMachine.Tests, Version=0.0.0.0, Culture=neutral, PublicKeyToken=null" name="CheckChangeIncorrectInserted" />
    </UnitTest>
    <UnitTest name="EjectCoin257" storage="c:\users\tusia\documents\github\robust\vendingmachine\vendingmachine.tests\bin\debug\vendingmachine.tests.dll" id="4e37d7d6-cf35-f992-0c05-6c0385638b93">
      <Execution id="9647f238-f7d5-4066-a1ba-bfd6c4bb7538" />
      <TestMethod codeBase="C:/Users/Tusia/Documents/GitHub/robust/VendingMachine/VendingMachine.Tests/bin/Debug/VendingMachine.Tests.DLL" adapterTypeName="Microsoft.VisualStudio.TestTools.TestTypes.Unit.UnitTestAdapter, Microsoft.VisualStudio.QualityTools.Tips.UnitTest.Adapter, Version=10.0.0.0, Culture=neutral, PublicKeyToken=b03f5f7f11d50a3a" className="VendingMachine.Stock.CoinManagerTest, VendingMachine.Tests, Version=0.0.0.0, Culture=neutral, PublicKeyToken=null" name="EjectCoin257" />
    </UnitTest>
    <UnitTest name="ToValue513" storage="c:\users\tusia\documents\github\robust\vendingmachine\vendingmachine.tests\bin\debug\vendingmachine.tests.dll" id="cb63e72a-b73d-fd8f-0241-2a5abe4c325b">
      <Execution id="35fa7e20-2960-44ae-a06c-ded9a9dd3b78" />
      <TestMethod codeBase="C:/Users/Tusia/Documents/GitHub/robust/VendingMachine/VendingMachine.Tests/bin/Debug/VendingMachine.Tests.DLL" adapterTypeName="Microsoft.VisualStudio.TestTools.TestTypes.Unit.UnitTestAdapter, Microsoft.VisualStudio.QualityTools.Tips.UnitTest.Adapter, Version=10.0.0.0, Culture=neutral, PublicKeyToken=b03f5f7f11d50a3a" className="VendingMachine.Data.CoinExtensionsTest, VendingMachine.Tests, Version=0.0.0.0, Culture=neutral, PublicKeyToken=null" name="ToValue513" />
    </UnitTest>
    <UnitTest name="ConstructorTest" storage="c:\users\tusia\documents\github\robust\vendingmachine\vendingmachine.tests\bin\debug\vendingmachine.tests.dll" id="53f981c6-9727-3108-39ac-83eedd228892">
      <Execution id="ddaf1164-32d0-43c1-897e-7b7ff37d3ccd" />
      <TestMethod codeBase="C:/Users/Tusia/Documents/GitHub/robust/VendingMachine/VendingMachine.Tests/bin/Debug/VendingMachine.Tests.DLL" adapterTypeName="Microsoft.VisualStudio.TestTools.TestTypes.Unit.UnitTestAdapter, Microsoft.VisualStudio.QualityTools.Tips.UnitTest.Adapter, Version=10.0.0.0, Culture=neutral, PublicKeyToken=b03f5f7f11d50a3a" className="VendingMachine.Stock.CoinManagerTest, VendingMachine.Tests, Version=0.0.0.0, Culture=neutral, PublicKeyToken=null" name="ConstructorTest" />
    </UnitTest>
    <UnitTest name="GetChangeInvalidPrice" storage="c:\users\tusia\documents\github\robust\vendingmachine\vendingmachine.tests\bin\debug\vendingmachine.tests.dll" id="7f88cb8b-eee6-0363-ed47-2970a645d244">
      <Execution id="d9d5a2cc-4776-443e-9290-0f7f12c2a85b" />
      <TestMethod codeBase="C:/Users/Tusia/Documents/GitHub/robust/VendingMachine/VendingMachine.Tests/bin/Debug/VendingMachine.Tests.DLL" adapterTypeName="Microsoft.VisualStudio.TestTools.TestTypes.Unit.UnitTestAdapter, Microsoft.VisualStudio.QualityTools.Tips.UnitTest.Adapter, Version=10.0.0.0, Culture=neutral, PublicKeyToken=b03f5f7f11d50a3a" className="VendingMachine.Stock.CoinManagerTest, VendingMachine.Tests, Version=0.0.0.0, Culture=neutral, PublicKeyToken=null" name="GetChangeInvalidPrice" />
    </UnitTest>
    <UnitTest name="CheckChangeCorrect" storage="c:\users\tusia\documents\github\robust\vendingmachine\vendingmachine.tests\bin\debug\vendingmachine.tests.dll" id="4d0ca4a4-c15d-2656-877e-5942f7f24fd2">
      <Execution id="231ff6cc-dc85-450b-b9cf-4054a745669a" />
      <TestMethod codeBase="C:/Users/Tusia/Documents/GitHub/robust/VendingMachine/VendingMachine.Tests/bin/Debug/VendingMachine.Tests.DLL" adapterTypeName="Microsoft.VisualStudio.TestTools.TestTypes.Unit.UnitTestAdapter, Microsoft.VisualStudio.QualityTools.Tips.UnitTest.Adapter, Version=10.0.0.0, Culture=neutral, PublicKeyToken=b03f5f7f11d50a3a" className="VendingMachine.Stock.CoinManagerTest, VendingMachine.Tests, Version=0.0.0.0, Culture=neutral, PublicKeyToken=null" name="CheckChangeCorrect" />
    </UnitTest>
    <UnitTest name="AddProductPriceWrongParam" storage="c:\users\tusia\documents\github\robust\vendingmachine\vendingmachine.tests\bin\debug\vendingmachine.tests.dll" id="6d1921e2-18fe-e780-08a0-ccc369b92565">
      <Execution id="9bc7efd4-f5b2-4d6b-9730-5f28304f6fde" />
      <TestMethod codeBase="C:/Users/Tusia/Documents/GitHub/robust/VendingMachine/VendingMachine.Tests/bin/Debug/VendingMachine.Tests.DLL" adapterTypeName="Microsoft.VisualStudio.TestTools.TestTypes.Unit.UnitTestAdapter, Microsoft.VisualStudio.QualityTools.Tips.UnitTest.Adapter, Version=10.0.0.0, Culture=neutral, PublicKeyToken=b03f5f7f11d50a3a" className="VendingMachine.Stock.StockManagerTest, VendingMachine.Tests, Version=0.0.0.0, Culture=neutral, PublicKeyToken=null" name="AddProductPriceWrongParam" />
    </UnitTest>
    <UnitTest name="GetChangeCorrect" storage="c:\users\tusia\documents\github\robust\vendingmachine\vendingmachine.tests\bin\debug\vendingmachine.tests.dll" id="935fa1c0-4d7c-f2ee-6900-320ebb1d7581">
      <Execution id="3dbd4a3f-e9bf-4613-b8f5-2efb1866d43f" />
      <TestMethod codeBase="C:/Users/Tusia/Documents/GitHub/robust/VendingMachine/VendingMachine.Tests/bin/Debug/VendingMachine.Tests.DLL" adapterTypeName="Microsoft.VisualStudio.TestTools.TestTypes.Unit.UnitTestAdapter, Microsoft.VisualStudio.QualityTools.Tips.UnitTest.Adapter, Version=10.0.0.0, Culture=neutral, PublicKeyToken=b03f5f7f11d50a3a" className="VendingMachine.Stock.CoinManagerTest, VendingMachine.Tests, Version=0.0.0.0, Culture=neutral, PublicKeyToken=null" name="GetChangeCorrect" />
    </UnitTest>
    <UnitTest name="CheckChangeIncorrectPrice" storage="c:\users\tusia\documents\github\robust\vendingmachine\vendingmachine.tests\bin\debug\vendingmachine.tests.dll" id="b6da7ee9-bda4-31b6-292c-a6a8b4bfa96f">
      <Execution id="f6856d52-9614-4ea8-a4a8-3a370eb94545" />
      <TestMethod codeBase="C:/Users/Tusia/Documents/GitHub/robust/VendingMachine/VendingMachine.Tests/bin/Debug/VendingMachine.Tests.DLL" adapterTypeName="Microsoft.VisualStudio.TestTools.TestTypes.Unit.UnitTestAdapter, Microsoft.VisualStudio.QualityTools.Tips.UnitTest.Adapter, Version=10.0.0.0, Culture=neutral, PublicKeyToken=b03f5f7f11d50a3a" className="VendingMachine.Stock.CoinManagerTest, VendingMachine.Tests, Version=0.0.0.0, Culture=neutral, PublicKeyToken=null" name="CheckChangeIncorrectPrice" />
    </UnitTest>
    <UnitTest name="ToValue66" storage="c:\users\tusia\documents\github\robust\vendingmachine\vendingmachine.tests\bin\debug\vendingmachine.tests.dll" id="088c6cd8-f53a-f171-2e65-b7eb597ed333">
      <Execution id="a6e9e05c-3785-4381-b028-c9ee1d3eb667" />
      <TestMethod codeBase="C:/Users/Tusia/Documents/GitHub/robust/VendingMachine/VendingMachine.Tests/bin/Debug/VendingMachine.Tests.DLL" adapterTypeName="Microsoft.VisualStudio.TestTools.TestTypes.Unit.UnitTestAdapter, Microsoft.VisualStudio.QualityTools.Tips.UnitTest.Adapter, Version=10.0.0.0, Culture=neutral, PublicKeyToken=b03f5f7f11d50a3a" className="VendingMachine.Data.CoinExtensionsTest, VendingMachine.Tests, Version=0.0.0.0, Culture=neutral, PublicKeyToken=null" name="ToValue66" />
    </UnitTest>
    <UnitTest name="GetChangeInvalidInserted" storage="c:\users\tusia\documents\github\robust\vendingmachine\vendingmachine.tests\bin\debug\vendingmachine.tests.dll" id="6fc79fb8-a117-a0de-f31b-da70692e090f">
      <Execution id="f6fc366e-c310-490a-a47c-edf5bced5e18" />
      <TestMethod codeBase="C:/Users/Tusia/Documents/GitHub/robust/VendingMachine/VendingMachine.Tests/bin/Debug/VendingMachine.Tests.DLL" adapterTypeName="Microsoft.VisualStudio.TestTools.TestTypes.Unit.UnitTestAdapter, Microsoft.VisualStudio.QualityTools.Tips.UnitTest.Adapter, Version=10.0.0.0, Culture=neutral, PublicKeyToken=b03f5f7f11d50a3a" className="VendingMachine.Stock.CoinManagerTest, VendingMachine.Tests, Version=0.0.0.0, Culture=neutral, PublicKeyToken=null" name="GetChangeInvalidInserted" />
    </UnitTest>
    <UnitTest name="AddProductNull" storage="c:\users\tusia\documents\github\robust\vendingmachine\vendingmachine.tests\bin\debug\vendingmachine.tests.dll" id="fe867f9e-7155-1777-4f47-3cc8893537ad">
      <Execution id="45ddf7a7-ea97-4f92-8874-7a8bbff16c37" />
      <TestMethod codeBase="C:/Users/Tusia/Documents/GitHub/robust/VendingMachine/VendingMachine.Tests/bin/Debug/VendingMachine.Tests.DLL" adapterTypeName="Microsoft.VisualStudio.TestTools.TestTypes.Unit.UnitTestAdapter, Microsoft.VisualStudio.QualityTools.Tips.UnitTest.Adapter, Version=10.0.0.0, Culture=neutral, PublicKeyToken=b03f5f7f11d50a3a" className="VendingMachine.Stock.StockManagerTest, VendingMachine.Tests, Version=0.0.0.0, Culture=neutral, PublicKeyToken=null" name="AddProductNull" />
    </UnitTest>
    <UnitTest name="AddCoin911" storage="c:\users\tusia\documents\github\robust\vendingmachine\vendingmachine.tests\bin\debug\vendingmachine.tests.dll" id="3d99bcbb-cb4c-3ab5-6940-bd878958e058">
      <Execution id="5fb6ab38-c7df-4018-b25f-fb9e9360ce03" />
      <TestMethod codeBase="C:/Users/Tusia/Documents/GitHub/robust/VendingMachine/VendingMachine.Tests/bin/Debug/VendingMachine.Tests.DLL" adapterTypeName="Microsoft.VisualStudio.TestTools.TestTypes.Unit.UnitTestAdapter, Microsoft.VisualStudio.QualityTools.Tips.UnitTest.Adapter, Version=10.0.0.0, Culture=neutral, PublicKeyToken=b03f5f7f11d50a3a" className="VendingMachine.Stock.CoinManagerTest, VendingMachine.Tests, Version=0.0.0.0, Culture=neutral, PublicKeyToken=null" name="AddCoin911" />
    </UnitTest>
    <UnitTest name="AddProductCorrect" storage="c:\users\tusia\documents\github\robust\vendingmachine\vendingmachine.tests\bin\debug\vendingmachine.tests.dll" id="f663eada-a79a-9208-22e2-a903b532a881">
      <Execution id="3c98f172-25e5-491b-8fda-d41a4ac18f5e" />
      <TestMethod codeBase="C:/Users/Tusia/Documents/GitHub/robust/VendingMachine/VendingMachine.Tests/bin/Debug/VendingMachine.Tests.DLL" adapterTypeName="Microsoft.VisualStudio.TestTools.TestTypes.Unit.UnitTestAdapter, Microsoft.VisualStudio.QualityTools.Tips.UnitTest.Adapter, Version=10.0.0.0, Culture=neutral, PublicKeyToken=b03f5f7f11d50a3a" className="VendingMachine.Stock.StockManagerTest, VendingMachine.Tests, Version=0.0.0.0, Culture=neutral, PublicKeyToken=null" name="AddProductCorrect" />
    </UnitTest>
    <UnitTest name="ToValue932" storage="c:\users\tusia\documents\github\robust\vendingmachine\vendingmachine.tests\bin\debug\vendingmachine.tests.dll" id="54049617-1cc9-58d2-6255-301b7d1b471e">
      <Execution id="cd597d6a-c148-4225-a949-e8d79bcf7f87" />
      <TestMethod codeBase="C:/Users/Tusia/Documents/GitHub/robust/VendingMachine/VendingMachine.Tests/bin/Debug/VendingMachine.Tests.DLL" adapterTypeName="Microsoft.VisualStudio.TestTools.TestTypes.Unit.UnitTestAdapter, Microsoft.VisualStudio.QualityTools.Tips.UnitTest.Adapter, Version=10.0.0.0, Culture=neutral, PublicKeyToken=b03f5f7f11d50a3a" className="VendingMachine.Data.CoinExtensionsTest, VendingMachine.Tests, Version=0.0.0.0, Culture=neutral, PublicKeyToken=null" name="ToValue932" />
    </UnitTest>
  </TestDefinitions>
  <TestLists>
    <TestList name="Results Not in a List" id="8c84fa94-04c1-424b-9868-57a2d4851a1d" />
    <TestList name="All Loaded Results" id="19431567-8539-422a-85d7-44ee4e166bda" />
  </TestLists>
  <TestEntries>
    <TestEntry testId="935fa1c0-4d7c-f2ee-6900-320ebb1d7581" executionId="3dbd4a3f-e9bf-4613-b8f5-2efb1866d43f" testListId="8c84fa94-04c1-424b-9868-57a2d4851a1d" />
    <TestEntry testId="24f0352f-d792-ba2d-85c4-0ecb496e8074" executionId="e090eb85-80bc-49a2-80e7-6dc9c5003791" testListId="8c84fa94-04c1-424b-9868-57a2d4851a1d" />
    <TestEntry testId="9ce0e3ea-570b-54f6-4480-66ae16f40c23" executionId="48d2e6cf-2034-418e-86a2-632b1ff499f3" testListId="8c84fa94-04c1-424b-9868-57a2d4851a1d" />
    <TestEntry testId="404dc43c-589e-c0d4-e4fb-83e23d94a714" executionId="f2ae0c41-59e7-4eb6-9bdc-72e23d8249ed" testListId="8c84fa94-04c1-424b-9868-57a2d4851a1d" />
    <TestEntry testId="8700dc92-37b9-97d8-2d04-3577c03a9f57" executionId="3d46dcd3-c617-4f38-ba7f-cdf05740c84c" testListId="8c84fa94-04c1-424b-9868-57a2d4851a1d" />
    <TestEntry testId="7f88cb8b-eee6-0363-ed47-2970a645d244" executionId="d9d5a2cc-4776-443e-9290-0f7f12c2a85b" testListId="8c84fa94-04c1-424b-9868-57a2d4851a1d" />
    <TestEntry testId="6fc79fb8-a117-a0de-f31b-da70692e090f" executionId="f6fc366e-c310-490a-a47c-edf5bced5e18" testListId="8c84fa94-04c1-424b-9868-57a2d4851a1d" />
    <TestEntry testId="53f981c6-9727-3108-39ac-83eedd228892" executionId="ddaf1164-32d0-43c1-897e-7b7ff37d3ccd" testListId="8c84fa94-04c1-424b-9868-57a2d4851a1d" />
    <TestEntry testId="0c8fb27b-46a7-3502-f11f-b98500b102d8" executionId="045be8f1-58a9-4790-ad82-3edbf3a6b82e" testListId="8c84fa94-04c1-424b-9868-57a2d4851a1d" />
    <TestEntry testId="4d0ca4a4-c15d-2656-877e-5942f7f24fd2" executionId="231ff6cc-dc85-450b-b9cf-4054a745669a" testListId="8c84fa94-04c1-424b-9868-57a2d4851a1d" />
    <TestEntry testId="6d3e4499-9d6f-49ac-6aef-7b79018d1aa8" executionId="7d42ebfd-c053-4056-9a40-71efd6abd232" testListId="8c84fa94-04c1-424b-9868-57a2d4851a1d" />
    <TestEntry testId="a068d388-d049-dbf1-7f43-3b8ae6b9a8ec" executionId="50447be9-c983-4883-b3e4-c6a9dd27d170" testListId="8c84fa94-04c1-424b-9868-57a2d4851a1d" />
    <TestEntry testId="2d4bfb69-fdb8-a0aa-73d2-e65fc112358b" executionId="ce347c2b-a735-4044-ad7c-833aa679a4bc" testListId="8c84fa94-04c1-424b-9868-57a2d4851a1d" />
    <TestEntry testId="b6da7ee9-bda4-31b6-292c-a6a8b4bfa96f" executionId="f6856d52-9614-4ea8-a4a8-3a370eb94545" testListId="8c84fa94-04c1-424b-9868-57a2d4851a1d" />
    <TestEntry testId="5265aad5-dd33-667e-7260-26ac5508221a" executionId="f55e5061-e91e-4eec-a4f4-29754ecd992f" testListId="8c84fa94-04c1-424b-9868-57a2d4851a1d" />
    <TestEntry testId="891b0eca-5777-6ba9-9abe-919f58267acc" executionId="0c359c62-4250-404f-a68d-110d11f0a1fa" testListId="8c84fa94-04c1-424b-9868-57a2d4851a1d" />
    <TestEntry testId="3d99bcbb-cb4c-3ab5-6940-bd878958e058" executionId="5fb6ab38-c7df-4018-b25f-fb9e9360ce03" testListId="8c84fa94-04c1-424b-9868-57a2d4851a1d" />
    <TestEntry testId="947c0953-7c1e-02b4-1011-fdb51c529281" executionId="d4622c80-3eb0-4cbe-ad07-3599854c3374" testListId="8c84fa94-04c1-424b-9868-57a2d4851a1d" />
    <TestEntry testId="da51f33f-ea83-f502-ff09-5a7441acce99" executionId="0517e3b7-41da-4f69-b565-2b925723d5fa" testListId="8c84fa94-04c1-424b-9868-57a2d4851a1d" />
    <TestEntry testId="9f90a1ba-c149-0d89-6a79-5d82a4b7d1e9" executionId="0eb2cea3-ef22-429a-9886-a5b988557a5e" testListId="8c84fa94-04c1-424b-9868-57a2d4851a1d" />
    <TestEntry testId="30c9cfb6-1e60-9299-1d60-73ed769d9f7a" executionId="dfd81be1-fdad-41f2-bbe7-3876bf0eb90e" testListId="8c84fa94-04c1-424b-9868-57a2d4851a1d" />
    <TestEntry testId="4e37d7d6-cf35-f992-0c05-6c0385638b93" executionId="9647f238-f7d5-4066-a1ba-bfd6c4bb7538" testListId="8c84fa94-04c1-424b-9868-57a2d4851a1d" />
    <TestEntry testId="d5a36cc4-16a7-0c24-c41b-6d6de69a256e" executionId="0bfaa033-bb18-4869-a68f-6bc1b362c6ca" testListId="8c84fa94-04c1-424b-9868-57a2d4851a1d" />
    <TestEntry testId="ace49edf-99b2-109f-ac51-dfcee8b9cd8c" executionId="9a55da65-8e44-4356-aaea-077ca37fa281" testListId="8c84fa94-04c1-424b-9868-57a2d4851a1d" />
    <TestEntry testId="29afddcd-a882-5ec0-ef27-736173ee2cfa" executionId="cc0fcd62-06e7-4443-9388-d093100e724d" testListId="8c84fa94-04c1-424b-9868-57a2d4851a1d" />
    <TestEntry testId="cb63e72a-b73d-fd8f-0241-2a5abe4c325b" executionId="35fa7e20-2960-44ae-a06c-ded9a9dd3b78" testListId="8c84fa94-04c1-424b-9868-57a2d4851a1d" />
    <TestEntry testId="55d8445b-1833-2470-93d4-70d9e8c158e2" executionId="9bbdb648-197a-461d-b47d-4fb816f4d41c" testListId="8c84fa94-04c1-424b-9868-57a2d4851a1d" />
    <TestEntry testId="8dfb708c-bcdc-5477-ef07-b275041ca24b" executionId="0ef86bd8-2f63-4961-9397-0276ba7c87ee" testListId="8c84fa94-04c1-424b-9868-57a2d4851a1d" />
    <TestEntry testId="54049617-1cc9-58d2-6255-301b7d1b471e" executionId="cd597d6a-c148-4225-a949-e8d79bcf7f87" testListId="8c84fa94-04c1-424b-9868-57a2d4851a1d" />
    <TestEntry testId="fd0594a0-e09f-0a9f-2b91-7b43f72abdef" executionId="3e0e382e-0be1-4c03-bdc1-56b0a4a5b456" testListId="8c84fa94-04c1-424b-9868-57a2d4851a1d" />
    <TestEntry testId="088c6cd8-f53a-f171-2e65-b7eb597ed333" executionId="a6e9e05c-3785-4381-b028-c9ee1d3eb667" testListId="8c84fa94-04c1-424b-9868-57a2d4851a1d" />
    <TestEntry testId="3c39e665-fbbd-a325-5731-748af5e9cf8e" executionId="8b5b0b75-2847-4450-a435-71dd21c227c4" testListId="8c84fa94-04c1-424b-9868-57a2d4851a1d" />
    <TestEntry testId="30212e84-72a6-dcb3-2391-f34d4ae79066" executionId="1604f148-646a-4cfa-9db4-5556d85e3568" testListId="8c84fa94-04c1-424b-9868-57a2d4851a1d" />
    <TestEntry testId="f663eada-a79a-9208-22e2-a903b532a881" executionId="3c98f172-25e5-491b-8fda-d41a4ac18f5e" testListId="8c84fa94-04c1-424b-9868-57a2d4851a1d" />
    <TestEntry testId="c2dd427d-8b83-9eff-6966-88846ec7045e" executionId="f47229cd-7a13-4602-aff4-61fefeb1db99" testListId="8c84fa94-04c1-424b-9868-57a2d4851a1d" />
    <TestEntry testId="76c71063-edc7-4420-4a6d-cd188aff0645" executionId="7dd4bbe9-7fca-466a-8ca7-facd25769e9f" testListId="8c84fa94-04c1-424b-9868-57a2d4851a1d" />
    <TestEntry testId="fe867f9e-7155-1777-4f47-3cc8893537ad" executionId="45ddf7a7-ea97-4f92-8874-7a8bbff16c37" testListId="8c84fa94-04c1-424b-9868-57a2d4851a1d" />
    <TestEntry testId="ccfb871b-c825-c6e7-eb79-8e1bd0877aee" executionId="5f69348f-d73c-410d-ac25-73e918b43b70" testListId="8c84fa94-04c1-424b-9868-57a2d4851a1d" />
    <TestEntry testId="6d1921e2-18fe-e780-08a0-ccc369b92565" executionId="9bc7efd4-f5b2-4d6b-9730-5f28304f6fde" testListId="8c84fa94-04c1-424b-9868-57a2d4851a1d" />
  </TestEntries>
  <Results>
    <UnitTestResult executionId="3dbd4a3f-e9bf-4613-b8f5-2efb1866d43f" testId="935fa1c0-4d7c-f2ee-6900-320ebb1d7581" testName="GetChangeCorrect" computerName="TUNIA" duration="00:00:00.1881691" startTime="2013-04-26T22:24:41.7166490+02:00" endTime="2013-04-26T22:24:42.4736923+02:00" testType="13cdc9d9-ddb5-4fa4-a97d-d965ccfc6d4b" outcome="Passed" testListId="8c84fa94-04c1-424b-9868-57a2d4851a1d" relativeResultsDirectory="3dbd4a3f-e9bf-4613-b8f5-2efb1866d43f">
    </UnitTestResult>
    <UnitTestResult executionId="e090eb85-80bc-49a2-80e7-6dc9c5003791" testId="24f0352f-d792-ba2d-85c4-0ecb496e8074" testName="GetChangeNoChange" computerName="TUNIA" duration="00:00:00.0107107" startTime="2013-04-26T22:24:42.4816928+02:00" endTime="2013-04-26T22:24:42.5006939+02:00" testType="13cdc9d9-ddb5-4fa4-a97d-d965ccfc6d4b" outcome="Passed" testListId="8c84fa94-04c1-424b-9868-57a2d4851a1d" relativeResultsDirectory="e090eb85-80bc-49a2-80e7-6dc9c5003791">
    </UnitTestResult>
    <UnitTestResult executionId="48d2e6cf-2034-418e-86a2-632b1ff499f3" testId="9ce0e3ea-570b-54f6-4480-66ae16f40c23" testName="GetChangeNotEnoughSmallCoins" computerName="TUNIA" duration="00:00:00.0116641" startTime="2013-04-26T22:24:42.5086943+02:00" endTime="2013-04-26T22:24:42.5266954+02:00" testType="13cdc9d9-ddb5-4fa4-a97d-d965ccfc6d4b" outcome="Passed" testListId="8c84fa94-04c1-424b-9868-57a2d4851a1d" relativeResultsDirectory="48d2e6cf-2034-418e-86a2-632b1ff499f3">
    </UnitTestResult>
    <UnitTestResult executionId="f2ae0c41-59e7-4eb6-9bdc-72e23d8249ed" testId="404dc43c-589e-c0d4-e4fb-83e23d94a714" testName="GetChangeNotEnoughMoney" computerName="TUNIA" duration="00:00:00.0013875" startTime="2013-04-26T22:24:42.5506967+02:00" endTime="2013-04-26T22:24:42.5586972+02:00" testType="13cdc9d9-ddb5-4fa4-a97d-d965ccfc6d4b" outcome="Passed" testListId="8c84fa94-04c1-424b-9868-57a2d4851a1d" relativeResultsDirectory="f2ae0c41-59e7-4eb6-9bdc-72e23d8249ed">
    </UnitTestResult>
    <UnitTestResult executionId="3d46dcd3-c617-4f38-ba7f-cdf05740c84c" testId="8700dc92-37b9-97d8-2d04-3577c03a9f57" testName="GetChangeCaseNull" computerName="TUNIA" duration="00:00:00.0004722" startTime="2013-04-26T22:24:42.5626974+02:00" endTime="2013-04-26T22:24:42.5726980+02:00" testType="13cdc9d9-ddb5-4fa4-a97d-d965ccfc6d4b" outcome="Passed" testListId="8c84fa94-04c1-424b-9868-57a2d4851a1d" relativeResultsDirectory="3d46dcd3-c617-4f38-ba7f-cdf05740c84c">
    </UnitTestResult>
    <UnitTestResult executionId="d9d5a2cc-4776-443e-9290-0f7f12c2a85b" testId="7f88cb8b-eee6-0363-ed47-2970a645d244" testName="GetChangeInvalidPrice" computerName="TUNIA" duration="00:00:00.0005218" startTime="2013-04-26T22:24:42.5756982+02:00" endTime="2013-04-26T22:24:42.5846987+02:00" testType="13cdc9d9-ddb5-4fa4-a97d-d965ccfc6d4b" outcome="Passed" testListId="8c84fa94-04c1-424b-9868-57a2d4851a1d" relativeResultsDirectory="d9d5a2cc-4776-443e-9290-0f7f12c2a85b">
    </UnitTestResult>
    <UnitTestResult executionId="f6fc366e-c310-490a-a47c-edf5bced5e18" testId="6fc79fb8-a117-a0de-f31b-da70692e090f" testName="GetChangeInvalidInserted" computerName="TUNIA" duration="00:00:00.0005055" startTime="2013-04-26T22:24:42.5876988+02:00" endTime="2013-04-26T22:24:42.5966994+02:00" testType="13cdc9d9-ddb5-4fa4-a97d-d965ccfc6d4b" outcome="Passed" testListId="8c84fa94-04c1-424b-9868-57a2d4851a1d" relativeResultsDirectory="f6fc366e-c310-490a-a47c-edf5bced5e18">
    </UnitTestResult>
    <UnitTestResult executionId="ddaf1164-32d0-43c1-897e-7b7ff37d3ccd" testId="53f981c6-9727-3108-39ac-83eedd228892" testName="ConstructorTest" computerName="TUNIA" duration="00:00:00.0003819" startTime="2013-04-26T22:24:42.5986995+02:00" endTime="2013-04-26T22:24:42.6066999+02:00" testType="13cdc9d9-ddb5-4fa4-a97d-d965ccfc6d4b" outcome="Passed" testListId="8c84fa94-04c1-424b-9868-57a2d4851a1d" relativeResultsDirectory="ddaf1164-32d0-43c1-897e-7b7ff37d3ccd">
    </UnitTestResult>
    <UnitTestResult executionId="045be8f1-58a9-4790-ad82-3edbf3a6b82e" testId="0c8fb27b-46a7-3502-f11f-b98500b102d8" testName="CheckChangeExactAmountOfMoney" computerName="TUNIA" duration="00:00:00.0020744" startTime="2013-04-26T22:24:42.6147004+02:00" endTime="2013-04-26T22:24:42.6227008+02:00" testType="13cdc9d9-ddb5-4fa4-a97d-d965ccfc6d4b" outcome="Passed" testListId="8c84fa94-04c1-424b-9868-57a2d4851a1d" relativeResultsDirectory="045be8f1-58a9-4790-ad82-3edbf3a6b82e">
    </UnitTestResult>
    <UnitTestResult executionId="231ff6cc-dc85-450b-b9cf-4054a745669a" testId="4d0ca4a4-c15d-2656-877e-5942f7f24fd2" testName="CheckChangeCorrect" computerName="TUNIA" duration="00:00:00.0009174" startTime="2013-04-26T22:24:42.6297013+02:00" endTime="2013-04-26T22:24:42.6387018+02:00" testType="13cdc9d9-ddb5-4fa4-a97d-d965ccfc6d4b" outcome="Passed" testListId="8c84fa94-04c1-424b-9868-57a2d4851a1d" relativeResultsDirectory="231ff6cc-dc85-450b-b9cf-4054a745669a">
    </UnitTestResult>
    <UnitTestResult executionId="7d42ebfd-c053-4056-9a40-71efd6abd232" testId="6d3e4499-9d6f-49ac-6aef-7b79018d1aa8" testName="CheckChangeNotEnoughSmallCoins" computerName="TUNIA" duration="00:00:00.0004191" startTime="2013-04-26T22:24:42.6577029+02:00" endTime="2013-04-26T22:24:42.6647033+02:00" testType="13cdc9d9-ddb5-4fa4-a97d-d965ccfc6d4b" outcome="Passed" testListId="8c84fa94-04c1-424b-9868-57a2d4851a1d" relativeResultsDirectory="7d42ebfd-c053-4056-9a40-71efd6abd232">
    </UnitTestResult>
    <UnitTestResult executionId="50447be9-c983-4883-b3e4-c6a9dd27d170" testId="a068d388-d049-dbf1-7f43-3b8ae6b9a8ec" testName="CheckChangeNotEnoughMoney" computerName="TUNIA" duration="00:00:00.0003622" startTime="2013-04-26T22:24:42.6707036+02:00" endTime="2013-04-26T22:24:42.6797041+02:00" testType="13cdc9d9-ddb5-4fa4-a97d-d965ccfc6d4b" outcome="Passed" testListId="8c84fa94-04c1-424b-9868-57a2d4851a1d" relativeResultsDirectory="50447be9-c983-4883-b3e4-c6a9dd27d170">
    </UnitTestResult>
    <UnitTestResult executionId="ce347c2b-a735-4044-ad7c-833aa679a4bc" testId="2d4bfb69-fdb8-a0aa-73d2-e65fc112358b" testName="CheckChangeIncorrectInserted" computerName="TUNIA" duration="00:00:00.0005042" startTime="2013-04-26T22:24:42.6857045+02:00" endTime="2013-04-26T22:24:42.6937049+02:00" testType="13cdc9d9-ddb5-4fa4-a97d-d965ccfc6d4b" outcome="Passed" testListId="8c84fa94-04c1-424b-9868-57a2d4851a1d" relativeResultsDirectory="ce347c2b-a735-4044-ad7c-833aa679a4bc">
    </UnitTestResult>
    <UnitTestResult executionId="f6856d52-9614-4ea8-a4a8-3a370eb94545" testId="b6da7ee9-bda4-31b6-292c-a6a8b4bfa96f" testName="CheckChangeIncorrectPrice" computerName="TUNIA" duration="00:00:00.0005859" startTime="2013-04-26T22:24:42.6967051+02:00" endTime="2013-04-26T22:24:42.7037055+02:00" testType="13cdc9d9-ddb5-4fa4-a97d-d965ccfc6d4b" outcome="Passed" testListId="8c84fa94-04c1-424b-9868-57a2d4851a1d" relativeResultsDirectory="f6856d52-9614-4ea8-a4a8-3a370eb94545">
    </UnitTestResult>
    <UnitTestResult executionId="f55e5061-e91e-4eec-a4f4-29754ecd992f" testId="5265aad5-dd33-667e-7260-26ac5508221a" testName="CheckChange0Inserted" computerName="TUNIA" duration="00:00:00.0003280" startTime="2013-04-26T22:24:42.7067057+02:00" endTime="2013-04-26T22:24:42.7167062+02:00" testType="13cdc9d9-ddb5-4fa4-a97d-d965ccfc6d4b" outcome="Passed" testListId="8c84fa94-04c1-424b-9868-57a2d4851a1d" relativeResultsDirectory="f55e5061-e91e-4eec-a4f4-29754ecd992f">
    </UnitTestResult>
    <UnitTestResult executionId="0c359c62-4250-404f-a68d-110d11f0a1fa" testId="891b0eca-5777-6ba9-9abe-919f58267acc" testName="AddCoinThrowsContractException830" computerName="TUNIA" duration="00:00:00.1456601" startTime="2013-04-26T22:24:42.7197064+02:00" endTime="2013-04-26T22:24:42.8727151+02:00" testType="13cdc9d9-ddb5-4fa4-a97d-d965ccfc6d4b" outcome="Passed" testListId="8c84fa94-04c1-424b-9868-57a2d4851a1d" relativeResultsDirectory="0c359c62-4250-404f-a68d-110d11f0a1fa">
    </UnitTestResult>
    <UnitTestResult executionId="5fb6ab38-c7df-4018-b25f-fb9e9360ce03" testId="3d99bcbb-cb4c-3ab5-6940-bd878958e058" testName="AddCoin911" computerName="TUNIA" duration="00:00:00.0075742" startTime="2013-04-26T22:24:42.8757153+02:00" endTime="2013-04-26T22:24:42.9057170+02:00" testType="13cdc9d9-ddb5-4fa4-a97d-d965ccfc6d4b" outcome="Passed" testListId="8c84fa94-04c1-424b-9868-57a2d4851a1d" relativeResultsDirectory="5fb6ab38-c7df-4018-b25f-fb9e9360ce03">
    </UnitTestResult>
    <UnitTestResult executionId="d4622c80-3eb0-4cbe-ad07-3599854c3374" testId="947c0953-7c1e-02b4-1011-fdb51c529281" testName="AddCoin761" computerName="TUNIA" duration="00:00:00.0087034" startTime="2013-04-26T22:24:42.9157176+02:00" endTime="2013-04-26T22:24:42.9627203+02:00" testType="13cdc9d9-ddb5-4fa4-a97d-d965ccfc6d4b" outcome="Passed" testListId="8c84fa94-04c1-424b-9868-57a2d4851a1d" relativeResultsDirectory="d4622c80-3eb0-4cbe-ad07-3599854c3374">
    </UnitTestResult>
    <UnitTestResult executionId="0517e3b7-41da-4f69-b565-2b925723d5fa" testId="da51f33f-ea83-f502-ff09-5a7441acce99" testName="AddCoin494" computerName="TUNIA" duration="00:00:00.0033700" startTime="2013-04-26T22:24:42.9657205+02:00" endTime="2013-04-26T22:24:42.9877217+02:00" testType="13cdc9d9-ddb5-4fa4-a97d-d965ccfc6d4b" outcome="Passed" testListId="8c84fa94-04c1-424b-9868-57a2d4851a1d" relativeResultsDirectory="0517e3b7-41da-4f69-b565-2b925723d5fa">
    </UnitTestResult>
    <UnitTestResult executionId="0eb2cea3-ef22-429a-9886-a5b988557a5e" testId="9f90a1ba-c149-0d89-6a79-5d82a4b7d1e9" testName="EjectCoinThrowsContractException868" computerName="TUNIA" duration="00:00:00.0017943" startTime="2013-04-26T22:24:43.0027226+02:00" endTime="2013-04-26T22:24:43.0157233+02:00" testType="13cdc9d9-ddb5-4fa4-a97d-d965ccfc6d4b" outcome="Passed" testListId="8c84fa94-04c1-424b-9868-57a2d4851a1d" relativeResultsDirectory="0eb2cea3-ef22-429a-9886-a5b988557a5e">
    </UnitTestResult>
    <UnitTestResult executionId="dfd81be1-fdad-41f2-bbe7-3876bf0eb90e" testId="30c9cfb6-1e60-9299-1d60-73ed769d9f7a" testName="EjectCoin502" computerName="TUNIA" duration="00:00:00.0991672" startTime="2013-04-26T22:24:43.0267240+02:00" endTime="2013-04-26T22:24:43.1377303+02:00" testType="13cdc9d9-ddb5-4fa4-a97d-d965ccfc6d4b" outcome="Passed" testListId="8c84fa94-04c1-424b-9868-57a2d4851a1d" relativeResultsDirectory="dfd81be1-fdad-41f2-bbe7-3876bf0eb90e">
    </UnitTestResult>
    <UnitTestResult executionId="9647f238-f7d5-4066-a1ba-bfd6c4bb7538" testId="4e37d7d6-cf35-f992-0c05-6c0385638b93" testName="EjectCoin257" computerName="TUNIA" duration="00:00:00.0020650" startTime="2013-04-26T22:24:43.1417305+02:00" endTime="2013-04-26T22:24:43.1717323+02:00" testType="13cdc9d9-ddb5-4fa4-a97d-d965ccfc6d4b" outcome="Passed" testListId="8c84fa94-04c1-424b-9868-57a2d4851a1d" relativeResultsDirectory="9647f238-f7d5-4066-a1ba-bfd6c4bb7538">
    </UnitTestResult>
    <UnitTestResult executionId="0bfaa033-bb18-4869-a68f-6bc1b362c6ca" testId="d5a36cc4-16a7-0c24-c41b-6d6de69a256e" testName="EjectCoinNotEnoughCoins" computerName="TUNIA" duration="00:00:00.0011031" startTime="2013-04-26T22:24:43.1747324+02:00" endTime="2013-04-26T22:24:43.1857331+02:00" testType="13cdc9d9-ddb5-4fa4-a97d-d965ccfc6d4b" outcome="Passed" testListId="8c84fa94-04c1-424b-9868-57a2d4851a1d" relativeResultsDirectory="0bfaa033-bb18-4869-a68f-6bc1b362c6ca">
    </UnitTestResult>
    <UnitTestResult executionId="9a55da65-8e44-4356-aaea-077ca37fa281" testId="ace49edf-99b2-109f-ac51-dfcee8b9cd8c" testName="EjectCoinCaseNotEmpty" computerName="TUNIA" duration="00:00:00.0091542" startTime="2013-04-26T22:24:43.2027340+02:00" endTime="2013-04-26T22:24:43.2297356+02:00" testType="13cdc9d9-ddb5-4fa4-a97d-d965ccfc6d4b" outcome="Passed" testListId="8c84fa94-04c1-424b-9868-57a2d4851a1d" relativeResultsDirectory="9a55da65-8e44-4356-aaea-077ca37fa281">
    </UnitTestResult>
    <UnitTestResult executionId="cc0fcd62-06e7-4443-9388-d093100e724d" testId="29afddcd-a882-5ec0-ef27-736173ee2cfa" testName="ToValue832" computerName="TUNIA" duration="00:00:00.0004448" startTime="2013-04-26T22:24:43.2387361+02:00" endTime="2013-04-26T22:24:43.2617374+02:00" testType="13cdc9d9-ddb5-4fa4-a97d-d965ccfc6d4b" outcome="Passed" testListId="8c84fa94-04c1-424b-9868-57a2d4851a1d" relativeResultsDirectory="cc0fcd62-06e7-4443-9388-d093100e724d">
    </UnitTestResult>
    <UnitTestResult executionId="35fa7e20-2960-44ae-a06c-ded9a9dd3b78" testId="cb63e72a-b73d-fd8f-0241-2a5abe4c325b" testName="ToValue513" computerName="TUNIA" duration="00:00:00.0010205" startTime="2013-04-26T22:24:43.2677377+02:00" endTime="2013-04-26T22:24:43.3007396+02:00" testType="13cdc9d9-ddb5-4fa4-a97d-d965ccfc6d4b" outcome="Passed" testListId="8c84fa94-04c1-424b-9868-57a2d4851a1d" relativeResultsDirectory="35fa7e20-2960-44ae-a06c-ded9a9dd3b78">
    </UnitTestResult>
    <UnitTestResult executionId="9bbdb648-197a-461d-b47d-4fb816f4d41c" testId="55d8445b-1833-2470-93d4-70d9e8c158e2" testName="ToValueThrowsContractException646" computerName="TUNIA" duration="00:00:00.2990873" startTime="2013-04-26T22:24:43.3087401+02:00" endTime="2013-04-26T22:24:43.6157576+02:00" testType="13cdc9d9-ddb5-4fa4-a97d-d965ccfc6d4b" outcome="Passed" testListId="8c84fa94-04c1-424b-9868-57a2d4851a1d" relativeResultsDirectory="9bbdb648-197a-461d-b47d-4fb816f4d41c">
    </UnitTestResult>
    <UnitTestResult executionId="0ef86bd8-2f63-4961-9397-0276ba7c87ee" testId="8dfb708c-bcdc-5477-ef07-b275041ca24b" testName="ToValue1" computerName="TUNIA" duration="00:00:00.0004482" startTime="2013-04-26T22:24:43.6187578+02:00" endTime="2013-04-26T22:24:43.6257582+02:00" testType="13cdc9d9-ddb5-4fa4-a97d-d965ccfc6d4b" outcome="Passed" testListId="8c84fa94-04c1-424b-9868-57a2d4851a1d" relativeResultsDirectory="0ef86bd8-2f63-4961-9397-0276ba7c87ee">
    </UnitTestResult>
    <UnitTestResult executionId="cd597d6a-c148-4225-a949-e8d79bcf7f87" testId="54049617-1cc9-58d2-6255-301b7d1b471e" testName="ToValue932" computerName="TUNIA" duration="00:00:00.0002741" startTime="2013-04-26T22:24:43.6297585+02:00" endTime="2013-04-26T22:24:43.6367589+02:00" testType="13cdc9d9-ddb5-4fa4-a97d-d965ccfc6d4b" outcome="Passed" testListId="8c84fa94-04c1-424b-9868-57a2d4851a1d" relativeResultsDirectory="cd597d6a-c148-4225-a949-e8d79bcf7f87">
    </UnitTestResult>
    <UnitTestResult executionId="3e0e382e-0be1-4c03-bdc1-56b0a4a5b456" testId="fd0594a0-e09f-0a9f-2b91-7b43f72abdef" testName="ToValue347" computerName="TUNIA" duration="00:00:00.0002275" startTime="2013-04-26T22:24:43.6407591+02:00" endTime="2013-04-26T22:24:43.6487595+02:00" testType="13cdc9d9-ddb5-4fa4-a97d-d965ccfc6d4b" outcome="Passed" testListId="8c84fa94-04c1-424b-9868-57a2d4851a1d" relativeResultsDirectory="3e0e382e-0be1-4c03-bdc1-56b0a4a5b456">
    </UnitTestResult>
    <UnitTestResult executionId="a6e9e05c-3785-4381-b028-c9ee1d3eb667" testId="088c6cd8-f53a-f171-2e65-b7eb597ed333" testName="ToValue66" computerName="TUNIA" duration="00:00:00.0002455" startTime="2013-04-26T22:24:43.6517597+02:00" endTime="2013-04-26T22:24:43.6577601+02:00" testType="13cdc9d9-ddb5-4fa4-a97d-d965ccfc6d4b" outcome="Passed" testListId="8c84fa94-04c1-424b-9868-57a2d4851a1d" relativeResultsDirectory="a6e9e05c-3785-4381-b028-c9ee1d3eb667">
    </UnitTestResult>
    <UnitTestResult executionId="8b5b0b75-2847-4450-a435-71dd21c227c4" testId="3c39e665-fbbd-a325-5731-748af5e9cf8e" testName="TestMethod1" computerName="TUNIA" testType="13cdc9d9-ddb5-4fa4-a97d-d965ccfc6d4b" outcome="NotRunnable" testListId="8c84fa94-04c1-424b-9868-57a2d4851a1d" relativeResultsDirectory="8b5b0b75-2847-4450-a435-71dd21c227c4">
      <Output>
        <ErrorInfo>
          <Message>UTA004: Illegal use of attribute on VendingMachine.Tests.Stock.StockManagerTest.TestMethod1. The TestMethodAttribute can be defined only inside a class marked with the TestClass attribute.</Message>
        </ErrorInfo>
      </Output>
    </UnitTestResult>
    <UnitTestResult executionId="1604f148-646a-4cfa-9db4-5556d85e3568" testId="30212e84-72a6-dcb3-2391-f34d4ae79066" testName="TestMethod2" computerName="TUNIA" duration="00:00:00.0001963" startTime="2013-04-26T22:24:43.6647605+02:00" endTime="2013-04-26T22:24:43.6707608+02:00" testType="13cdc9d9-ddb5-4fa4-a97d-d965ccfc6d4b" outcome="Passed" testListId="8c84fa94-04c1-424b-9868-57a2d4851a1d" relativeResultsDirectory="1604f148-646a-4cfa-9db4-5556d85e3568">
    </UnitTestResult>
    <UnitTestResult executionId="3c98f172-25e5-491b-8fda-d41a4ac18f5e" testId="f663eada-a79a-9208-22e2-a903b532a881" testName="AddProductCorrect" computerName="TUNIA" duration="00:00:00.0113976" startTime="2013-04-26T22:24:43.6747610+02:00" endTime="2013-04-26T22:24:43.6957622+02:00" testType="13cdc9d9-ddb5-4fa4-a97d-d965ccfc6d4b" outcome="Passed" testListId="8c84fa94-04c1-424b-9868-57a2d4851a1d" relativeResultsDirectory="3c98f172-25e5-491b-8fda-d41a4ac18f5e">
    </UnitTestResult>
    <UnitTestResult executionId="f47229cd-7a13-4602-aff4-61fefeb1db99" testId="c2dd427d-8b83-9eff-6966-88846ec7045e" testName="AddProductIncorrectAmountParameter" computerName="TUNIA" duration="00:00:00.0004683" startTime="2013-04-26T22:24:43.6987624+02:00" endTime="2013-04-26T22:24:43.7047627+02:00" testType="13cdc9d9-ddb5-4fa4-a97d-d965ccfc6d4b" outcome="Passed" testListId="8c84fa94-04c1-424b-9868-57a2d4851a1d" relativeResultsDirectory="f47229cd-7a13-4602-aff4-61fefeb1db99">
    </UnitTestResult>
    <UnitTestResult executionId="7dd4bbe9-7fca-466a-8ca7-facd25769e9f" testId="76c71063-edc7-4420-4a6d-cd188aff0645" testName="AddProductNonExististantProduct" computerName="TUNIA" duration="00:00:00.0393352" startTime="2013-04-26T22:24:43.7087630+02:00" endTime="2013-04-26T22:24:43.7707665+02:00" testType="13cdc9d9-ddb5-4fa4-a97d-d965ccfc6d4b" outcome="Passed" testListId="8c84fa94-04c1-424b-9868-57a2d4851a1d" relativeResultsDirectory="7dd4bbe9-7fca-466a-8ca7-facd25769e9f">
    </UnitTestResult>
    <UnitTestResult executionId="45ddf7a7-ea97-4f92-8874-7a8bbff16c37" testId="fe867f9e-7155-1777-4f47-3cc8893537ad" testName="AddProductNull" computerName="TUNIA" duration="00:00:00.0004170" startTime="2013-04-26T22:24:43.7747667+02:00" endTime="2013-04-26T22:24:43.7837673+02:00" testType="13cdc9d9-ddb5-4fa4-a97d-d965ccfc6d4b" outcome="Passed" testListId="8c84fa94-04c1-424b-9868-57a2d4851a1d" relativeResultsDirectory="45ddf7a7-ea97-4f92-8874-7a8bbff16c37">
    </UnitTestResult>
    <UnitTestResult executionId="5f69348f-d73c-410d-ac25-73e918b43b70" testId="ccfb871b-c825-c6e7-eb79-8e1bd0877aee" testName="AddProductDifferentPrice" computerName="TUNIA" duration="00:00:00.0025749" startTime="2013-04-26T22:24:43.7857674+02:00" endTime="2013-04-26T22:24:43.7947679+02:00" testType="13cdc9d9-ddb5-4fa4-a97d-d965ccfc6d4b" outcome="Passed" testListId="8c84fa94-04c1-424b-9868-57a2d4851a1d" relativeResultsDirectory="5f69348f-d73c-410d-ac25-73e918b43b70">
    </UnitTestResult>
    <UnitTestResult executionId="9bc7efd4-f5b2-4d6b-9730-5f28304f6fde" testId="6d1921e2-18fe-e780-08a0-ccc369b92565" testName="AddProductPriceWrongParam" computerName="TUNIA" duration="00:00:00.0006347" startTime="2013-04-26T22:24:43.8007682+02:00" endTime="2013-04-26T22:24:43.8087687+02:00" testType="13cdc9d9-ddb5-4fa4-a97d-d965ccfc6d4b" outcome="Passed" testListId="8c84fa94-04c1-424b-9868-57a2d4851a1d" relativeResultsDirectory="9bc7efd4-f5b2-4d6b-9730-5f28304f6fde">
    </UnitTestResult>
  </Results>
</TestRun>