<?xml version="1.0" encoding="UTF-8"?>
<TestRun id="c1818e13-f6af-4388-980a-274236e21fca" name="Tusia@TUNIA 2013-04-26 23:09:51" runUser="Tunia\Tusia" xmlns="http://microsoft.com/schemas/VisualStudio/TeamTest/2010">
  <TestSettings name="Local" id="73543c8f-e1ba-4016-a1b2-c5482740e447">
    <Description>These are default test settings for a local test run.</Description>
    <Deployment runDeploymentRoot="Tusia_TUNIA 2013-04-26 23_09_51">
      <DeploymentItem filename="VendingMachine\StockDatabase.xml" />
      <DeploymentItem filename="VendingMachine\CoinDatabase.xml" />
      <DeploymentItem filename="C:\Users\Tusia\Documents\GitHub\robust\VendingMachine\VendingMachine.Tests\MolesAssemblies\VendingMachine.Moles.dll" />
      <DeploymentItem filename="C:\Users\Tusia\Documents\GitHub\robust\VendingMachine\VendingMachine\bin\Debug\VendingMachine.exe" />
    </Deployment>
    <Execution>
      <TestTypeSpecific>
        <UnitTestRunConfig testTypeId="13cdc9d9-ddb5-4fa4-a97d-d965ccfc6d4b">
          <AssemblyResolution>
            <TestDirectory useLoadContext="true" />
          </AssemblyResolution>
        </UnitTestRunConfig>
        <WebTestRunConfiguration testTypeId="4e7599fa-5ecb-43e9-a887-cd63cf72d207">
          <Browser name="Internet Explorer 7.0">
            <Headers>
              <Header name="User-Agent" value="Mozilla/4.0 (compatible; MSIE 7.0; Windows NT 5.1)" />
              <Header name="Accept" value="*/*" />
              <Header name="Accept-Language" value="{{$IEAcceptLanguage}}" />
              <Header name="Accept-Encoding" value="GZIP" />
            </Headers>
          </Browser>
        </WebTestRunConfiguration>
      </TestTypeSpecific>
      <AgentRule name="LocalMachineDefaultRole">
        <DataCollectors>
          <DataCollector uri="datacollector://microsoft/CodeCoverage/1.0" assemblyQualifiedName="Microsoft.VisualStudio.TestTools.CodeCoverage.CoveragePlugIn, Microsoft.VisualStudio.QualityTools.Plugins.CodeCoverage, Version=10.0.0.0, Culture=neutral, PublicKeyToken=b03f5f7f11d50a3a" friendlyName="Code Coverage">
            <Configuration>
              <CodeCoverage xmlns="">
                <Regular>
                  <CodeCoverageItem binaryFile="C:\Users\Tusia\Documents\GitHub\robust\VendingMachine\VendingMachine\bin\Debug\VendingMachine.exe" pdbFile="C:\Users\Tusia\Documents\GitHub\robust\VendingMachine\VendingMachine\bin\Debug\VendingMachine.instr.pdb" instrumentInPlace="true" />
                </Regular>
              </CodeCoverage>
            </Configuration>
          </DataCollector>
        </DataCollectors>
      </AgentRule>
    </Execution>
  </TestSettings>
  <Times creation="2013-04-26T23:09:51.7346532+02:00" queuing="2013-04-26T23:09:52.4486940+02:00" start="2013-04-26T23:09:52.5456996+02:00" finish="2013-04-26T23:09:55.5818732+02:00" />
  <ResultSummary outcome="Completed">
    <Counters total="1" executed="1" passed="1" error="0" failed="0" timeout="0" aborted="0" inconclusive="0" passedButRunAborted="0" notRunnable="0" notExecuted="0" disconnected="0" warning="0" completed="0" inProgress="0" pending="0" />
    <ResultFiles>
      <ResultFile path="TUNIA\data.coverage" />
    </ResultFiles>
  </ResultSummary>
  <TestDefinitions>
    <UnitTest name="EjectProductMany" storage="c:\users\tusia\documents\github\robust\vendingmachine\vendingmachine.tests\bin\debug\vendingmachine.tests.dll" id="e1b4354e-28b6-d62d-90ab-9997badb1471">
      <Execution id="18f9fc80-3b18-4812-bfe3-d79282ddf3e2" />
      <TestMethod codeBase="C:/Users/Tusia/Documents/GitHub/robust/VendingMachine/VendingMachine.Tests/bin/Debug/VendingMachine.Tests.DLL" adapterTypeName="Microsoft.VisualStudio.TestTools.TestTypes.Unit.UnitTestAdapter, Microsoft.VisualStudio.QualityTools.Tips.UnitTest.Adapter, Version=10.0.0.0, Culture=neutral, PublicKeyToken=b03f5f7f11d50a3a" className="VendingMachine.Stock.StockManagerTest, VendingMachine.Tests, Version=0.0.0.0, Culture=neutral, PublicKeyToken=null" name="EjectProductMany" />
    </UnitTest>
  </TestDefinitions>
  <TestLists>
    <TestList name="Results Not in a List" id="8c84fa94-04c1-424b-9868-57a2d4851a1d" />
    <TestList name="All Loaded Results" id="19431567-8539-422a-85d7-44ee4e166bda" />
  </TestLists>
  <TestEntries>
    <TestEntry testId="e1b4354e-28b6-d62d-90ab-9997badb1471" executionId="18f9fc80-3b18-4812-bfe3-d79282ddf3e2" testListId="8c84fa94-04c1-424b-9868-57a2d4851a1d" />
  </TestEntries>
  <Results>
    <UnitTestResult executionId="18f9fc80-3b18-4812-bfe3-d79282ddf3e2" testId="e1b4354e-28b6-d62d-90ab-9997badb1471" testName="EjectProductMany" computerName="TUNIA" duration="00:00:00.0490643" startTime="2013-04-26T23:09:53.6097604+02:00" endTime="2013-04-26T23:09:54.1707925+02:00" testType="13cdc9d9-ddb5-4fa4-a97d-d965ccfc6d4b" outcome="Passed" testListId="8c84fa94-04c1-424b-9868-57a2d4851a1d" relativeResultsDirectory="18f9fc80-3b18-4812-bfe3-d79282ddf3e2">
    </UnitTestResult>
  </Results>
</TestRun>