<?xml version="1.0" encoding="UTF-8"?>
<TestRun id="9f217f5f-f985-4dc7-a108-244e555473da" name="Tusia@TUNIA 2013-04-26 21:54:10" runUser="Tunia\Tusia" xmlns="http://microsoft.com/schemas/VisualStudio/TeamTest/2010">
  <TestSettings name="Local" id="73543c8f-e1ba-4016-a1b2-c5482740e447">
    <Description>These are default test settings for a local test run.</Description>
    <Deployment runDeploymentRoot="Tusia_TUNIA 2013-04-26 21_54_10">
      <DeploymentItem filename="VendingMachine\StockDatabase.xml" />
      <DeploymentItem filename="VendingMachine\CoinDatabase.xml" />
      <DeploymentItem filename="C:\Users\Tusia\Documents\GitHub\robust\VendingMachine\VendingMachine.Tests\MolesAssemblies\VendingMachine.Moles.dll" />
      <DeploymentItem filename="C:\Users\Tusia\Documents\GitHub\robust\VendingMachine\VendingMachine\bin\Debug\VendingMachine.exe" />
    </Deployment>
    <Execution>
      <TestTypeSpecific>
        <UnitTestRunConfig testTypeId="13cdc9d9-ddb5-4fa4-a97d-d965ccfc6d4b">
          <AssemblyResolution>
            <TestDirectory useLoadContext="true" />
          </AssemblyResolution>
        </UnitTestRunConfig>
        <WebTestRunConfiguration testTypeId="4e7599fa-5ecb-43e9-a887-cd63cf72d207">
          <Browser name="Internet Explorer 7.0">
            <Headers>
              <Header name="User-Agent" value="Mozilla/4.0 (compatible; MSIE 7.0; Windows NT 5.1)" />
              <Header name="Accept" value="*/*" />
              <Header name="Accept-Language" value="{{$IEAcceptLanguage}}" />
              <Header name="Accept-Encoding" value="GZIP" />
            </Headers>
          </Browser>
        </WebTestRunConfiguration>
      </TestTypeSpecific>
      <AgentRule name="LocalMachineDefaultRole">
        <DataCollectors>
          <DataCollector uri="datacollector://microsoft/CodeCoverage/1.0" assemblyQualifiedName="Microsoft.VisualStudio.TestTools.CodeCoverage.CoveragePlugIn, Microsoft.VisualStudio.QualityTools.Plugins.CodeCoverage, Version=10.0.0.0, Culture=neutral, PublicKeyToken=b03f5f7f11d50a3a" friendlyName="Code Coverage">
            <Configuration>
              <CodeCoverage xmlns="">
                <Regular>
                  <CodeCoverageItem binaryFile="C:\Users\Tusia\Documents\GitHub\robust\VendingMachine\VendingMachine\bin\Debug\VendingMachine.exe" pdbFile="C:\Users\Tusia\Documents\GitHub\robust\VendingMachine\VendingMachine\bin\Debug\VendingMachine.instr.pdb" instrumentInPlace="true" />
                </Regular>
              </CodeCoverage>
            </Configuration>
          </DataCollector>
        </DataCollectors>
      </AgentRule>
    </Execution>
  </TestSettings>
  <Times creation="2013-04-26T21:54:10.4149046+02:00" queuing="2013-04-26T21:54:30.5250548+02:00" start="2013-04-26T21:54:31.0430844+02:00" finish="2013-04-26T21:54:40.8186436+02:00" />
  <ResultSummary outcome="Failed">
    <Counters total="2" executed="2" passed="1" error="0" failed="1" timeout="0" aborted="0" inconclusive="0" passedButRunAborted="0" notRunnable="0" notExecuted="0" disconnected="0" warning="0" completed="0" inProgress="0" pending="0" />
    <ResultFiles>
      <ResultFile path="TUNIA\data.coverage" />
    </ResultFiles>
  </ResultSummary>
  <TestDefinitions>
    <UnitTest name="AddProductCorrect" storage="c:\users\tusia\documents\github\robust\vendingmachine\vendingmachine.tests\bin\debug\vendingmachine.tests.dll" id="f663eada-a79a-9208-22e2-a903b532a881">
      <Execution id="264a6bde-4004-4bc3-bb56-350b41cbdb6c" />
      <TestMethod codeBase="C:/Users/Tusia/Documents/GitHub/robust/VendingMachine/VendingMachine.Tests/bin/Debug/VendingMachine.Tests.DLL" adapterTypeName="Microsoft.VisualStudio.TestTools.TestTypes.Unit.UnitTestAdapter, Microsoft.VisualStudio.QualityTools.Tips.UnitTest.Adapter, Version=10.0.0.0, Culture=neutral, PublicKeyToken=b03f5f7f11d50a3a" className="VendingMachine.Stock.StockManagerTest, VendingMachine.Tests, Version=0.0.0.0, Culture=neutral, PublicKeyToken=null" name="AddProductCorrect" />
    </UnitTest>
    <UnitTest name="AddProductAmount0" storage="c:\users\tusia\documents\github\robust\vendingmachine\vendingmachine.tests\bin\debug\vendingmachine.tests.dll" id="39ee19f1-b85b-5fcb-43b6-7a5364aeed52">
      <Execution id="523313b7-b081-4ee5-8fac-07e57f87414c" />
      <TestMethod codeBase="C:/Users/Tusia/Documents/GitHub/robust/VendingMachine/VendingMachine.Tests/bin/Debug/VendingMachine.Tests.DLL" adapterTypeName="Microsoft.VisualStudio.TestTools.TestTypes.Unit.UnitTestAdapter, Microsoft.VisualStudio.QualityTools.Tips.UnitTest.Adapter, Version=10.0.0.0, Culture=neutral, PublicKeyToken=b03f5f7f11d50a3a" className="VendingMachine.Stock.StockManagerTest, VendingMachine.Tests, Version=0.0.0.0, Culture=neutral, PublicKeyToken=null" name="AddProductAmount0" />
    </UnitTest>
  </TestDefinitions>
  <TestLists>
    <TestList name="Results Not in a List" id="8c84fa94-04c1-424b-9868-57a2d4851a1d" />
    <TestList name="All Loaded Results" id="19431567-8539-422a-85d7-44ee4e166bda" />
  </TestLists>
  <TestEntries>
    <TestEntry testId="f663eada-a79a-9208-22e2-a903b532a881" executionId="264a6bde-4004-4bc3-bb56-350b41cbdb6c" testListId="8c84fa94-04c1-424b-9868-57a2d4851a1d" />
    <TestEntry testId="39ee19f1-b85b-5fcb-43b6-7a5364aeed52" executionId="523313b7-b081-4ee5-8fac-07e57f87414c" testListId="8c84fa94-04c1-424b-9868-57a2d4851a1d" />
  </TestEntries>
  <Results>
    <UnitTestResult executionId="264a6bde-4004-4bc3-bb56-350b41cbdb6c" testId="f663eada-a79a-9208-22e2-a903b532a881" testName="AddProductCorrect" computerName="TUNIA" duration="00:00:00.4172919" startTime="2013-04-26T21:54:36.3963906+02:00" endTime="2013-04-26T21:54:38.8455307+02:00" testType="13cdc9d9-ddb5-4fa4-a97d-d965ccfc6d4b" outcome="Passed" testListId="8c84fa94-04c1-424b-9868-57a2d4851a1d" relativeResultsDirectory="264a6bde-4004-4bc3-bb56-350b41cbdb6c">
    </UnitTestResult>
    <UnitTestResult executionId="523313b7-b081-4ee5-8fac-07e57f87414c" testId="39ee19f1-b85b-5fcb-43b6-7a5364aeed52" testName="AddProductAmount0" computerName="TUNIA" duration="00:00:00.1934357" startTime="2013-04-26T21:54:38.8535312+02:00" endTime="2013-04-26T21:54:39.0565428+02:00" testType="13cdc9d9-ddb5-4fa4-a97d-d965ccfc6d4b" outcome="Failed" testListId="8c84fa94-04c1-424b-9868-57a2d4851a1d" relativeResultsDirectory="523313b7-b081-4ee5-8fac-07e57f87414c">
      <Output>
        <ErrorInfo>
          <Message>Test method VendingMachine.Stock.StockManagerTest.AddProductAmount0 threw exception: 
System.Diagnostics.Contracts.__ContractsRuntime+ContractException: Precondition failed: product.Ammount &gt; 0  PRE: Added ammount must be &gt;= 0</Message>
          <StackTrace>    at System.Diagnostics.Contracts.__ContractsRuntime.TriggerFailure(ContractFailureKind kind, String msg, String userMessage, String conditionTxt, Exception inner) in C:\Users\Tusia\Documents\GitHub\robust\VendingMachine\VendingMachine\Machine\VendingMachine.cs:line 0
   at System.Diagnostics.Contracts.__ContractsRuntime.ReportFailure(ContractFailureKind kind, String msg, String conditionTxt, Exception inner) in C:\Users\Tusia\Documents\GitHub\robust\VendingMachine\VendingMachine\Machine\VendingMachine.cs:line 0
   at System.Diagnostics.Contracts.__ContractsRuntime.Requires(Boolean condition, String msg, String conditionTxt) in C:\Users\Tusia\Documents\GitHub\robust\VendingMachine\VendingMachine\Machine\VendingMachine.cs:line 0
   at VendingMachine.Stock.StockManager.AddProduct(Product product) in C:\Users\Tusia\Documents\GitHub\robust\VendingMachine\VendingMachine\Stock\StockManager.cs:line 90
   at VendingMachine.Stock.StockManagerTest.AddProductAmount0() in C:\Users\Tusia\Documents\GitHub\robust\VendingMachine\VendingMachine.Tests\Stock\StockManagerTest.AddProduct.cs:line 73
</StackTrace>
        </ErrorInfo>
      </Output>
    </UnitTestResult>
  </Results>
</TestRun>