<?xml version="1.0" encoding="UTF-8"?>
<TestRun id="b8bf7963-f170-452d-abef-8ec1d21bdac3" name="Tusia@TUNIA 2013-04-26 18:08:13" runUser="Tunia\Tusia" xmlns="http://microsoft.com/schemas/VisualStudio/TeamTest/2010">
  <TestSettings name="Local" id="73543c8f-e1ba-4016-a1b2-c5482740e447">
    <Description>These are default test settings for a local test run.</Description>
    <Deployment runDeploymentRoot="Tusia_TUNIA 2013-04-26 18_08_13">
      <DeploymentItem filename="VendingMachine\StockDatabase.xml" />
      <DeploymentItem filename="VendingMachine\CoinDatabase.xml" />
      <DeploymentItem filename="C:\Users\Tusia\Documents\GitHub\robust\VendingMachine\VendingMachine.Tests\MolesAssemblies\VendingMachine.Moles.dll" />
      <DeploymentItem filename="C:\Users\Tusia\Documents\GitHub\robust\VendingMachine\VendingMachine\bin\Debug\VendingMachine.exe" />
    </Deployment>
    <Execution>
      <TestTypeSpecific>
        <UnitTestRunConfig testTypeId="13cdc9d9-ddb5-4fa4-a97d-d965ccfc6d4b">
          <AssemblyResolution>
            <TestDirectory useLoadContext="true" />
          </AssemblyResolution>
        </UnitTestRunConfig>
        <WebTestRunConfiguration testTypeId="4e7599fa-5ecb-43e9-a887-cd63cf72d207">
          <Browser name="Internet Explorer 7.0">
            <Headers>
              <Header name="User-Agent" value="Mozilla/4.0 (compatible; MSIE 7.0; Windows NT 5.1)" />
              <Header name="Accept" value="*/*" />
              <Header name="Accept-Language" value="{{$IEAcceptLanguage}}" />
              <Header name="Accept-Encoding" value="GZIP" />
            </Headers>
          </Browser>
        </WebTestRunConfiguration>
      </TestTypeSpecific>
      <AgentRule name="LocalMachineDefaultRole">
        <DataCollectors>
          <DataCollector uri="datacollector://microsoft/CodeCoverage/1.0" assemblyQualifiedName="Microsoft.VisualStudio.TestTools.CodeCoverage.CoveragePlugIn, Microsoft.VisualStudio.QualityTools.Plugins.CodeCoverage, Version=10.0.0.0, Culture=neutral, PublicKeyToken=b03f5f7f11d50a3a" friendlyName="Code Coverage">
            <Configuration>
              <CodeCoverage xmlns="">
                <Regular>
                  <CodeCoverageItem binaryFile="C:\Users\Tusia\Documents\GitHub\robust\VendingMachine\VendingMachine\bin\Debug\VendingMachine.exe" pdbFile="C:\Users\Tusia\Documents\GitHub\robust\VendingMachine\VendingMachine\bin\Debug\VendingMachine.instr.pdb" instrumentInPlace="true" />
                </Regular>
              </CodeCoverage>
            </Configuration>
          </DataCollector>
        </DataCollectors>
      </AgentRule>
    </Execution>
  </TestSettings>
  <Times creation="2013-04-26T18:08:13.5944988+02:00" queuing="2013-04-26T18:08:14.4605483+02:00" start="2013-04-26T18:08:14.5845554+02:00" finish="2013-04-26T18:08:18.1547596+02:00" />
  <ResultSummary outcome="NotRunnable">
    <Counters total="34" executed="32" passed="32" error="0" failed="0" timeout="0" aborted="0" inconclusive="0" passedButRunAborted="0" notRunnable="2" notExecuted="0" disconnected="0" warning="0" completed="0" inProgress="0" pending="0" />
    <ResultFiles>
      <ResultFile path="TUNIA\data.coverage" />
    </ResultFiles>
  </ResultSummary>
  <TestDefinitions>
    <UnitTest name="AddCoin761" storage="c:\users\tusia\documents\github\robust\vendingmachine\vendingmachine.tests\bin\debug\vendingmachine.tests.dll" id="947c0953-7c1e-02b4-1011-fdb51c529281">
      <Execution id="3d8398c9-2657-4b0e-a495-00a5d731fa02" />
      <TestMethod codeBase="C:/Users/Tusia/Documents/GitHub/robust/VendingMachine/VendingMachine.Tests/bin/Debug/VendingMachine.Tests.DLL" adapterTypeName="Microsoft.VisualStudio.TestTools.TestTypes.Unit.UnitTestAdapter, Microsoft.VisualStudio.QualityTools.Tips.UnitTest.Adapter, Version=10.0.0.0, Culture=neutral, PublicKeyToken=b03f5f7f11d50a3a" className="VendingMachine.Stock.CoinManagerTest, VendingMachine.Tests, Version=0.0.0.0, Culture=neutral, PublicKeyToken=null" name="AddCoin761" />
    </UnitTest>
    <UnitTest name="GetChange1" storage="c:\users\tusia\documents\github\robust\vendingmachine\vendingmachine.tests\bin\debug\vendingmachine.tests.dll" id="96d832da-fef4-5048-6ced-c5fbd56b5956">
      <Execution id="1c90cb4e-4c09-4836-83db-a01e64204df7" />
      <TestMethod codeBase="C:/Users/Tusia/Documents/GitHub/robust/VendingMachine/VendingMachine.Tests/bin/Debug/VendingMachine.Tests.DLL" adapterTypeName="Microsoft.VisualStudio.TestTools.TestTypes.Unit.UnitTestAdapter, Microsoft.VisualStudio.QualityTools.Tips.UnitTest.Adapter, Version=10.0.0.0, Culture=neutral, PublicKeyToken=b03f5f7f11d50a3a" className="VendingMachine.Stock.CoinManagerTest, VendingMachine.Tests, Version=0.0.0.0, Culture=neutral, PublicKeyToken=null" name="GetChange1" />
    </UnitTest>
    <UnitTest name="GetChange6" storage="c:\users\tusia\documents\github\robust\vendingmachine\vendingmachine.tests\bin\debug\vendingmachine.tests.dll" id="a2defa04-bfcf-da58-55ba-a68e924cbc56">
      <Execution id="c5899c53-648c-4769-bb5f-4dc94994197a" />
      <TestMethod codeBase="C:/Users/Tusia/Documents/GitHub/robust/VendingMachine/VendingMachine.Tests/bin/Debug/VendingMachine.Tests.DLL" adapterTypeName="Microsoft.VisualStudio.TestTools.TestTypes.Unit.UnitTestAdapter, Microsoft.VisualStudio.QualityTools.Tips.UnitTest.Adapter, Version=10.0.0.0, Culture=neutral, PublicKeyToken=b03f5f7f11d50a3a" className="VendingMachine.Stock.CoinManagerTest, VendingMachine.Tests, Version=0.0.0.0, Culture=neutral, PublicKeyToken=null" name="GetChange6" />
    </UnitTest>
    <UnitTest name="ToValue832" storage="c:\users\tusia\documents\github\robust\vendingmachine\vendingmachine.tests\bin\debug\vendingmachine.tests.dll" id="29afddcd-a882-5ec0-ef27-736173ee2cfa">
      <Execution id="cbab5d89-c22a-455e-bb91-5d9eedf81b2c" />
      <TestMethod codeBase="C:/Users/Tusia/Documents/GitHub/robust/VendingMachine/VendingMachine.Tests/bin/Debug/VendingMachine.Tests.DLL" adapterTypeName="Microsoft.VisualStudio.TestTools.TestTypes.Unit.UnitTestAdapter, Microsoft.VisualStudio.QualityTools.Tips.UnitTest.Adapter, Version=10.0.0.0, Culture=neutral, PublicKeyToken=b03f5f7f11d50a3a" className="VendingMachine.Data.CoinExtensionsTest, VendingMachine.Tests, Version=0.0.0.0, Culture=neutral, PublicKeyToken=null" name="ToValue832" />
    </UnitTest>
    <UnitTest name="AddCoinThrowsContractException830" storage="c:\users\tusia\documents\github\robust\vendingmachine\vendingmachine.tests\bin\debug\vendingmachine.tests.dll" id="891b0eca-5777-6ba9-9abe-919f58267acc">
      <Execution id="de3af79c-46f6-46e0-9b8a-3eca7e3fceb0" />
      <TestMethod codeBase="C:/Users/Tusia/Documents/GitHub/robust/VendingMachine/VendingMachine.Tests/bin/Debug/VendingMachine.Tests.DLL" adapterTypeName="Microsoft.VisualStudio.TestTools.TestTypes.Unit.UnitTestAdapter, Microsoft.VisualStudio.QualityTools.Tips.UnitTest.Adapter, Version=10.0.0.0, Culture=neutral, PublicKeyToken=b03f5f7f11d50a3a" className="VendingMachine.Stock.CoinManagerTest, VendingMachine.Tests, Version=0.0.0.0, Culture=neutral, PublicKeyToken=null" name="AddCoinThrowsContractException830" />
    </UnitTest>
    <UnitTest name="ToValue347" storage="c:\users\tusia\documents\github\robust\vendingmachine\vendingmachine.tests\bin\debug\vendingmachine.tests.dll" id="fd0594a0-e09f-0a9f-2b91-7b43f72abdef">
      <Execution id="b4b3fc53-fc08-42a1-87b2-dfb533a025cc" />
      <TestMethod codeBase="C:/Users/Tusia/Documents/GitHub/robust/VendingMachine/VendingMachine.Tests/bin/Debug/VendingMachine.Tests.DLL" adapterTypeName="Microsoft.VisualStudio.TestTools.TestTypes.Unit.UnitTestAdapter, Microsoft.VisualStudio.QualityTools.Tips.UnitTest.Adapter, Version=10.0.0.0, Culture=neutral, PublicKeyToken=b03f5f7f11d50a3a" className="VendingMachine.Data.CoinExtensionsTest, VendingMachine.Tests, Version=0.0.0.0, Culture=neutral, PublicKeyToken=null" name="ToValue347" />
    </UnitTest>
    <UnitTest name="AddProductThrowsContractException156" storage="c:\users\tusia\documents\github\robust\vendingmachine\vendingmachine.tests\bin\debug\vendingmachine.tests.dll" id="e7702e2e-a287-a96f-4432-23c134a38cba">
      <Execution id="8d06d4d5-22fd-4b79-b7bb-474eb458f69c" />
      <TestMethod codeBase="C:/Users/Tusia/Documents/GitHub/robust/VendingMachine/VendingMachine.Tests/bin/Debug/VendingMachine.Tests.DLL" adapterTypeName="Microsoft.VisualStudio.TestTools.TestTypes.Unit.UnitTestAdapter, Microsoft.VisualStudio.QualityTools.Tips.UnitTest.Adapter, Version=10.0.0.0, Culture=neutral, PublicKeyToken=b03f5f7f11d50a3a" className="VendingMachine.Stock.StockManagerTest, VendingMachine.Tests, Version=0.0.0.0, Culture=neutral, PublicKeyToken=null" name="AddProductThrowsContractException156" />
    </UnitTest>
    <UnitTest name="EjectCoinThrowsContractException868" storage="c:\users\tusia\documents\github\robust\vendingmachine\vendingmachine.tests\bin\debug\vendingmachine.tests.dll" id="9f90a1ba-c149-0d89-6a79-5d82a4b7d1e9">
      <Execution id="194a949d-3b03-468d-8280-14103abf6be0" />
      <TestMethod codeBase="C:/Users/Tusia/Documents/GitHub/robust/VendingMachine/VendingMachine.Tests/bin/Debug/VendingMachine.Tests.DLL" adapterTypeName="Microsoft.VisualStudio.TestTools.TestTypes.Unit.UnitTestAdapter, Microsoft.VisualStudio.QualityTools.Tips.UnitTest.Adapter, Version=10.0.0.0, Culture=neutral, PublicKeyToken=b03f5f7f11d50a3a" className="VendingMachine.Stock.CoinManagerTest, VendingMachine.Tests, Version=0.0.0.0, Culture=neutral, PublicKeyToken=null" name="EjectCoinThrowsContractException868" />
    </UnitTest>
    <UnitTest name="ToValue1" storage="c:\users\tusia\documents\github\robust\vendingmachine\vendingmachine.tests\bin\debug\vendingmachine.tests.dll" id="8dfb708c-bcdc-5477-ef07-b275041ca24b">
      <Execution id="75b916a8-dc75-46cd-99dd-94dedb0b4764" />
      <TestMethod codeBase="C:/Users/Tusia/Documents/GitHub/robust/VendingMachine/VendingMachine.Tests/bin/Debug/VendingMachine.Tests.DLL" adapterTypeName="Microsoft.VisualStudio.TestTools.TestTypes.Unit.UnitTestAdapter, Microsoft.VisualStudio.QualityTools.Tips.UnitTest.Adapter, Version=10.0.0.0, Culture=neutral, PublicKeyToken=b03f5f7f11d50a3a" className="VendingMachine.Data.CoinExtensionsTest, VendingMachine.Tests, Version=0.0.0.0, Culture=neutral, PublicKeyToken=null" name="ToValue1" />
    </UnitTest>
    <UnitTest name="ConstructorTest" storage="c:\users\tusia\documents\github\robust\vendingmachine\vendingmachine.tests\bin\debug\vendingmachine.tests.dll" id="53f981c6-9727-3108-39ac-83eedd228892">
      <Execution id="52b466d8-831b-48a5-9294-f96d5a6e4ce5" />
      <TestMethod codeBase="C:/Users/Tusia/Documents/GitHub/robust/VendingMachine/VendingMachine.Tests/bin/Debug/VendingMachine.Tests.DLL" adapterTypeName="Microsoft.VisualStudio.TestTools.TestTypes.Unit.UnitTestAdapter, Microsoft.VisualStudio.QualityTools.Tips.UnitTest.Adapter, Version=10.0.0.0, Culture=neutral, PublicKeyToken=b03f5f7f11d50a3a" className="VendingMachine.Stock.CoinManagerTest, VendingMachine.Tests, Version=0.0.0.0, Culture=neutral, PublicKeyToken=null" name="ConstructorTest" />
    </UnitTest>
    <UnitTest name="ToValueThrowsContractException646" storage="c:\users\tusia\documents\github\robust\vendingmachine\vendingmachine.tests\bin\debug\vendingmachine.tests.dll" id="55d8445b-1833-2470-93d4-70d9e8c158e2">
      <Execution id="f9fe18fd-e9b1-4b72-acce-6bf1755e1b0b" />
      <TestMethod codeBase="C:/Users/Tusia/Documents/GitHub/robust/VendingMachine/VendingMachine.Tests/bin/Debug/VendingMachine.Tests.DLL" adapterTypeName="Microsoft.VisualStudio.TestTools.TestTypes.Unit.UnitTestAdapter, Microsoft.VisualStudio.QualityTools.Tips.UnitTest.Adapter, Version=10.0.0.0, Culture=neutral, PublicKeyToken=b03f5f7f11d50a3a" className="VendingMachine.Data.CoinExtensionsTest, VendingMachine.Tests, Version=0.0.0.0, Culture=neutral, PublicKeyToken=null" name="ToValueThrowsContractException646" />
    </UnitTest>
    <UnitTest name="GetChange3" storage="c:\users\tusia\documents\github\robust\vendingmachine\vendingmachine.tests\bin\debug\vendingmachine.tests.dll" id="5594059a-9306-ef23-6a00-ebf32694560a">
      <Execution id="3e84f323-cb62-487d-9365-aa42701b46aa" />
      <TestMethod codeBase="C:/Users/Tusia/Documents/GitHub/robust/VendingMachine/VendingMachine.Tests/bin/Debug/VendingMachine.Tests.DLL" adapterTypeName="Microsoft.VisualStudio.TestTools.TestTypes.Unit.UnitTestAdapter, Microsoft.VisualStudio.QualityTools.Tips.UnitTest.Adapter, Version=10.0.0.0, Culture=neutral, PublicKeyToken=b03f5f7f11d50a3a" className="VendingMachine.Stock.CoinManagerTest, VendingMachine.Tests, Version=0.0.0.0, Culture=neutral, PublicKeyToken=null" name="GetChange3" />
    </UnitTest>
    <UnitTest name="GetChange2" storage="c:\users\tusia\documents\github\robust\vendingmachine\vendingmachine.tests\bin\debug\vendingmachine.tests.dll" id="c5737dec-2360-eb79-9567-2f789f1f480a">
      <Execution id="0d4dcbfb-7103-4b31-bdc8-0d8f34d5f26a" />
      <TestMethod codeBase="C:/Users/Tusia/Documents/GitHub/robust/VendingMachine/VendingMachine.Tests/bin/Debug/VendingMachine.Tests.DLL" adapterTypeName="Microsoft.VisualStudio.TestTools.TestTypes.Unit.UnitTestAdapter, Microsoft.VisualStudio.QualityTools.Tips.UnitTest.Adapter, Version=10.0.0.0, Culture=neutral, PublicKeyToken=b03f5f7f11d50a3a" className="VendingMachine.Stock.CoinManagerTest, VendingMachine.Tests, Version=0.0.0.0, Culture=neutral, PublicKeyToken=null" name="GetChange2" />
    </UnitTest>
    <UnitTest name="TestMethod1" storage="c:\users\tusia\documents\github\robust\vendingmachine\vendingmachine.tests\bin\debug\vendingmachine.tests.dll" id="3c39e665-fbbd-a325-5731-748af5e9cf8e">
      <Execution id="1b472ff2-cba6-439f-84b8-dea9eaa33cec" />
      <TestMethod codeBase="C:/Users/Tusia/Documents/GitHub/robust/VendingMachine/VendingMachine.Tests/bin/Debug/VendingMachine.Tests.DLL" adapterTypeName="Microsoft.VisualStudio.TestTools.TestTypes.Unit.UnitTestAdapter, Microsoft.VisualStudio.QualityTools.Tips.UnitTest.Adapter, Version=10.0.0.0, Culture=neutral, PublicKeyToken=b03f5f7f11d50a3a" className="VendingMachine.Tests.Stock.StockManagerTest, VendingMachine.Tests, Version=0.0.0.0, Culture=neutral, PublicKeyToken=null" name="TestMethod1" />
    </UnitTest>
    <UnitTest name="CheckChange5" storage="c:\users\tusia\documents\github\robust\vendingmachine\vendingmachine.tests\bin\debug\vendingmachine.tests.dll" id="84960dfc-69a6-0202-fe17-eb73cf6eef5b">
      <Execution id="00c521ff-2d83-4f10-89b0-e389132f5fe8" />
      <TestMethod codeBase="C:/Users/Tusia/Documents/GitHub/robust/VendingMachine/VendingMachine.Tests/bin/Debug/VendingMachine.Tests.DLL" adapterTypeName="Microsoft.VisualStudio.TestTools.TestTypes.Unit.UnitTestAdapter, Microsoft.VisualStudio.QualityTools.Tips.UnitTest.Adapter, Version=10.0.0.0, Culture=neutral, PublicKeyToken=b03f5f7f11d50a3a" className="VendingMachine.Stock.CoinManagerTest, VendingMachine.Tests, Version=0.0.0.0, Culture=neutral, PublicKeyToken=null" name="CheckChange5" />
    </UnitTest>
    <UnitTest name="GetChange5" storage="c:\users\tusia\documents\github\robust\vendingmachine\vendingmachine.tests\bin\debug\vendingmachine.tests.dll" id="5dffe32b-41dd-3453-f4d7-1dd2fd27a7da">
      <Execution id="b0ff80c7-4b4a-43b3-8f4d-0a3ae8b93a26" />
      <TestMethod codeBase="C:/Users/Tusia/Documents/GitHub/robust/VendingMachine/VendingMachine.Tests/bin/Debug/VendingMachine.Tests.DLL" adapterTypeName="Microsoft.VisualStudio.TestTools.TestTypes.Unit.UnitTestAdapter, Microsoft.VisualStudio.QualityTools.Tips.UnitTest.Adapter, Version=10.0.0.0, Culture=neutral, PublicKeyToken=b03f5f7f11d50a3a" className="VendingMachine.Stock.CoinManagerTest, VendingMachine.Tests, Version=0.0.0.0, Culture=neutral, PublicKeyToken=null" name="GetChange5" />
    </UnitTest>
    <UnitTest name="CheckChange4" storage="c:\users\tusia\documents\github\robust\vendingmachine\vendingmachine.tests\bin\debug\vendingmachine.tests.dll" id="b6c2c35d-0af7-d47a-0832-f4d395487f14">
      <Execution id="03a3aa53-8cb2-4b0f-b6c9-f75ee6a1d08b" />
      <TestMethod codeBase="C:/Users/Tusia/Documents/GitHub/robust/VendingMachine/VendingMachine.Tests/bin/Debug/VendingMachine.Tests.DLL" adapterTypeName="Microsoft.VisualStudio.TestTools.TestTypes.Unit.UnitTestAdapter, Microsoft.VisualStudio.QualityTools.Tips.UnitTest.Adapter, Version=10.0.0.0, Culture=neutral, PublicKeyToken=b03f5f7f11d50a3a" className="VendingMachine.Stock.CoinManagerTest, VendingMachine.Tests, Version=0.0.0.0, Culture=neutral, PublicKeyToken=null" name="CheckChange4" />
    </UnitTest>
    <UnitTest name="GetChange4" storage="c:\users\tusia\documents\github\robust\vendingmachine\vendingmachine.tests\bin\debug\vendingmachine.tests.dll" id="fcea77ae-2d01-1d51-4dda-cdf4746afeb5">
      <Execution id="514a74e9-6656-43e9-ade0-18b1063d367c" />
      <TestMethod codeBase="C:/Users/Tusia/Documents/GitHub/robust/VendingMachine/VendingMachine.Tests/bin/Debug/VendingMachine.Tests.DLL" adapterTypeName="Microsoft.VisualStudio.TestTools.TestTypes.Unit.UnitTestAdapter, Microsoft.VisualStudio.QualityTools.Tips.UnitTest.Adapter, Version=10.0.0.0, Culture=neutral, PublicKeyToken=b03f5f7f11d50a3a" className="VendingMachine.Stock.CoinManagerTest, VendingMachine.Tests, Version=0.0.0.0, Culture=neutral, PublicKeyToken=null" name="GetChange4" />
    </UnitTest>
    <UnitTest name="EjectCoinCaseNotEmpty" storage="c:\users\tusia\documents\github\robust\vendingmachine\vendingmachine.tests\bin\debug\vendingmachine.tests.dll" id="ace49edf-99b2-109f-ac51-dfcee8b9cd8c">
      <Execution id="fc50abb7-c978-4305-9fb6-e5b7f640a54c" />
      <TestMethod codeBase="C:/Users/Tusia/Documents/GitHub/robust/VendingMachine/VendingMachine.Tests/bin/Debug/VendingMachine.Tests.DLL" adapterTypeName="Microsoft.VisualStudio.TestTools.TestTypes.Unit.UnitTestAdapter, Microsoft.VisualStudio.QualityTools.Tips.UnitTest.Adapter, Version=10.0.0.0, Culture=neutral, PublicKeyToken=b03f5f7f11d50a3a" className="VendingMachine.Stock.CoinManagerTest, VendingMachine.Tests, Version=0.0.0.0, Culture=neutral, PublicKeyToken=null" name="EjectCoinCaseNotEmpty" />
    </UnitTest>
    <UnitTest name="EjectCoin502" storage="c:\users\tusia\documents\github\robust\vendingmachine\vendingmachine.tests\bin\debug\vendingmachine.tests.dll" id="30c9cfb6-1e60-9299-1d60-73ed769d9f7a">
      <Execution id="ef25e687-47aa-44d1-99c2-42718ed3b268" />
      <TestMethod codeBase="C:/Users/Tusia/Documents/GitHub/robust/VendingMachine/VendingMachine.Tests/bin/Debug/VendingMachine.Tests.DLL" adapterTypeName="Microsoft.VisualStudio.TestTools.TestTypes.Unit.UnitTestAdapter, Microsoft.VisualStudio.QualityTools.Tips.UnitTest.Adapter, Version=10.0.0.0, Culture=neutral, PublicKeyToken=b03f5f7f11d50a3a" className="VendingMachine.Stock.CoinManagerTest, VendingMachine.Tests, Version=0.0.0.0, Culture=neutral, PublicKeyToken=null" name="EjectCoin502" />
    </UnitTest>
    <UnitTest name="AddCoin494" storage="c:\users\tusia\documents\github\robust\vendingmachine\vendingmachine.tests\bin\debug\vendingmachine.tests.dll" id="da51f33f-ea83-f502-ff09-5a7441acce99">
      <Execution id="9d56996b-1837-4841-9ff8-29ecf320ccae" />
      <TestMethod codeBase="C:/Users/Tusia/Documents/GitHub/robust/VendingMachine/VendingMachine.Tests/bin/Debug/VendingMachine.Tests.DLL" adapterTypeName="Microsoft.VisualStudio.TestTools.TestTypes.Unit.UnitTestAdapter, Microsoft.VisualStudio.QualityTools.Tips.UnitTest.Adapter, Version=10.0.0.0, Culture=neutral, PublicKeyToken=b03f5f7f11d50a3a" className="VendingMachine.Stock.CoinManagerTest, VendingMachine.Tests, Version=0.0.0.0, Culture=neutral, PublicKeyToken=null" name="AddCoin494" />
    </UnitTest>
    <UnitTest name="AddCoin911" storage="c:\users\tusia\documents\github\robust\vendingmachine\vendingmachine.tests\bin\debug\vendingmachine.tests.dll" id="3d99bcbb-cb4c-3ab5-6940-bd878958e058">
      <Execution id="d85e3173-74cd-4164-9d6f-6a67b9b5d26b" />
      <TestMethod codeBase="C:/Users/Tusia/Documents/GitHub/robust/VendingMachine/VendingMachine.Tests/bin/Debug/VendingMachine.Tests.DLL" adapterTypeName="Microsoft.VisualStudio.TestTools.TestTypes.Unit.UnitTestAdapter, Microsoft.VisualStudio.QualityTools.Tips.UnitTest.Adapter, Version=10.0.0.0, Culture=neutral, PublicKeyToken=b03f5f7f11d50a3a" className="VendingMachine.Stock.CoinManagerTest, VendingMachine.Tests, Version=0.0.0.0, Culture=neutral, PublicKeyToken=null" name="AddCoin911" />
    </UnitTest>
    <UnitTest name="EjectCoin257" storage="c:\users\tusia\documents\github\robust\vendingmachine\vendingmachine.tests\bin\debug\vendingmachine.tests.dll" id="4e37d7d6-cf35-f992-0c05-6c0385638b93">
      <Execution id="baebdf96-bba4-412b-a586-d83d360c86f3" />
      <TestMethod codeBase="C:/Users/Tusia/Documents/GitHub/robust/VendingMachine/VendingMachine.Tests/bin/Debug/VendingMachine.Tests.DLL" adapterTypeName="Microsoft.VisualStudio.TestTools.TestTypes.Unit.UnitTestAdapter, Microsoft.VisualStudio.QualityTools.Tips.UnitTest.Adapter, Version=10.0.0.0, Culture=neutral, PublicKeyToken=b03f5f7f11d50a3a" className="VendingMachine.Stock.CoinManagerTest, VendingMachine.Tests, Version=0.0.0.0, Culture=neutral, PublicKeyToken=null" name="EjectCoin257" />
    </UnitTest>
    <UnitTest name="ToValue513" storage="c:\users\tusia\documents\github\robust\vendingmachine\vendingmachine.tests\bin\debug\vendingmachine.tests.dll" id="cb63e72a-b73d-fd8f-0241-2a5abe4c325b">
      <Execution id="ec3aecef-8b2f-49fa-bbb6-f6a916ac2691" />
      <TestMethod codeBase="C:/Users/Tusia/Documents/GitHub/robust/VendingMachine/VendingMachine.Tests/bin/Debug/VendingMachine.Tests.DLL" adapterTypeName="Microsoft.VisualStudio.TestTools.TestTypes.Unit.UnitTestAdapter, Microsoft.VisualStudio.QualityTools.Tips.UnitTest.Adapter, Version=10.0.0.0, Culture=neutral, PublicKeyToken=b03f5f7f11d50a3a" className="VendingMachine.Data.CoinExtensionsTest, VendingMachine.Tests, Version=0.0.0.0, Culture=neutral, PublicKeyToken=null" name="ToValue513" />
    </UnitTest>
    <UnitTest name="CheckChange3" storage="c:\users\tusia\documents\github\robust\vendingmachine\vendingmachine.tests\bin\debug\vendingmachine.tests.dll" id="ca8fef68-3e6e-0e47-5116-2fa2d4889893">
      <Execution id="72698c43-fca5-416e-bdbc-8339c015f499" />
      <TestMethod codeBase="C:/Users/Tusia/Documents/GitHub/robust/VendingMachine/VendingMachine.Tests/bin/Debug/VendingMachine.Tests.DLL" adapterTypeName="Microsoft.VisualStudio.TestTools.TestTypes.Unit.UnitTestAdapter, Microsoft.VisualStudio.QualityTools.Tips.UnitTest.Adapter, Version=10.0.0.0, Culture=neutral, PublicKeyToken=b03f5f7f11d50a3a" className="VendingMachine.Stock.CoinManagerTest, VendingMachine.Tests, Version=0.0.0.0, Culture=neutral, PublicKeyToken=null" name="CheckChange3" />
    </UnitTest>
    <UnitTest name="GetChange7" storage="c:\users\tusia\documents\github\robust\vendingmachine\vendingmachine.tests\bin\debug\vendingmachine.tests.dll" id="6d2f4fdb-262b-0e34-2661-1d7f9a9f91b6">
      <Execution id="0a701c44-c987-418a-9463-4c8da821ceab" />
      <TestMethod codeBase="C:/Users/Tusia/Documents/GitHub/robust/VendingMachine/VendingMachine.Tests/bin/Debug/VendingMachine.Tests.DLL" adapterTypeName="Microsoft.VisualStudio.TestTools.TestTypes.Unit.UnitTestAdapter, Microsoft.VisualStudio.QualityTools.Tips.UnitTest.Adapter, Version=10.0.0.0, Culture=neutral, PublicKeyToken=b03f5f7f11d50a3a" className="VendingMachine.Stock.CoinManagerTest, VendingMachine.Tests, Version=0.0.0.0, Culture=neutral, PublicKeyToken=null" name="GetChange7" />
    </UnitTest>
    <UnitTest name="EjectCoinNotEnoughCoins" storage="c:\users\tusia\documents\github\robust\vendingmachine\vendingmachine.tests\bin\debug\vendingmachine.tests.dll" id="d5a36cc4-16a7-0c24-c41b-6d6de69a256e">
      <Execution id="5ec6c434-a813-44dd-8cc4-1bbd718c7780" />
      <TestMethod codeBase="C:/Users/Tusia/Documents/GitHub/robust/VendingMachine/VendingMachine.Tests/bin/Debug/VendingMachine.Tests.DLL" adapterTypeName="Microsoft.VisualStudio.TestTools.TestTypes.Unit.UnitTestAdapter, Microsoft.VisualStudio.QualityTools.Tips.UnitTest.Adapter, Version=10.0.0.0, Culture=neutral, PublicKeyToken=b03f5f7f11d50a3a" className="VendingMachine.Stock.CoinManagerTest, VendingMachine.Tests, Version=0.0.0.0, Culture=neutral, PublicKeyToken=null" name="EjectCoinNotEnoughCoins" />
    </UnitTest>
    <UnitTest name="CheckChangeCorrect" storage="c:\users\tusia\documents\github\robust\vendingmachine\vendingmachine.tests\bin\debug\vendingmachine.tests.dll" id="4d0ca4a4-c15d-2656-877e-5942f7f24fd2">
      <Execution id="4be784e9-0063-44e7-9f68-3d54a44750a7" />
      <TestMethod codeBase="C:/Users/Tusia/Documents/GitHub/robust/VendingMachine/VendingMachine.Tests/bin/Debug/VendingMachine.Tests.DLL" adapterTypeName="Microsoft.VisualStudio.TestTools.TestTypes.Unit.UnitTestAdapter, Microsoft.VisualStudio.QualityTools.Tips.UnitTest.Adapter, Version=10.0.0.0, Culture=neutral, PublicKeyToken=b03f5f7f11d50a3a" className="VendingMachine.Stock.CoinManagerTest, VendingMachine.Tests, Version=0.0.0.0, Culture=neutral, PublicKeyToken=null" name="CheckChangeCorrect" />
    </UnitTest>
    <UnitTest name="CheckChange6" storage="c:\users\tusia\documents\github\robust\vendingmachine\vendingmachine.tests\bin\debug\vendingmachine.tests.dll" id="3696d49b-035b-cd4c-8acb-25a2a6271173">
      <Execution id="c9197436-d9c1-4a5a-b2e8-a75c75089f25" />
      <TestMethod codeBase="C:/Users/Tusia/Documents/GitHub/robust/VendingMachine/VendingMachine.Tests/bin/Debug/VendingMachine.Tests.DLL" adapterTypeName="Microsoft.VisualStudio.TestTools.TestTypes.Unit.UnitTestAdapter, Microsoft.VisualStudio.QualityTools.Tips.UnitTest.Adapter, Version=10.0.0.0, Culture=neutral, PublicKeyToken=b03f5f7f11d50a3a" className="VendingMachine.Stock.CoinManagerTest, VendingMachine.Tests, Version=0.0.0.0, Culture=neutral, PublicKeyToken=null" name="CheckChange6" />
    </UnitTest>
    <UnitTest name="CheckChange1" storage="c:\users\tusia\documents\github\robust\vendingmachine\vendingmachine.tests\bin\debug\vendingmachine.tests.dll" id="a6d57736-da70-60ac-0c2b-a0701969c5fb">
      <Execution id="141e56aa-f71a-43ea-8eb4-edf17a80bbed" />
      <TestMethod codeBase="C:/Users/Tusia/Documents/GitHub/robust/VendingMachine/VendingMachine.Tests/bin/Debug/VendingMachine.Tests.DLL" adapterTypeName="Microsoft.VisualStudio.TestTools.TestTypes.Unit.UnitTestAdapter, Microsoft.VisualStudio.QualityTools.Tips.UnitTest.Adapter, Version=10.0.0.0, Culture=neutral, PublicKeyToken=b03f5f7f11d50a3a" className="VendingMachine.Stock.CoinManagerTest, VendingMachine.Tests, Version=0.0.0.0, Culture=neutral, PublicKeyToken=null" name="CheckChange1" />
    </UnitTest>
    <UnitTest name="ToValue932" storage="c:\users\tusia\documents\github\robust\vendingmachine\vendingmachine.tests\bin\debug\vendingmachine.tests.dll" id="54049617-1cc9-58d2-6255-301b7d1b471e">
      <Execution id="c9aeea70-1652-4f3d-93d9-2921d1f6661b" />
      <TestMethod codeBase="C:/Users/Tusia/Documents/GitHub/robust/VendingMachine/VendingMachine.Tests/bin/Debug/VendingMachine.Tests.DLL" adapterTypeName="Microsoft.VisualStudio.TestTools.TestTypes.Unit.UnitTestAdapter, Microsoft.VisualStudio.QualityTools.Tips.UnitTest.Adapter, Version=10.0.0.0, Culture=neutral, PublicKeyToken=b03f5f7f11d50a3a" className="VendingMachine.Data.CoinExtensionsTest, VendingMachine.Tests, Version=0.0.0.0, Culture=neutral, PublicKeyToken=null" name="ToValue932" />
    </UnitTest>
    <UnitTest name="ToValue66" storage="c:\users\tusia\documents\github\robust\vendingmachine\vendingmachine.tests\bin\debug\vendingmachine.tests.dll" id="088c6cd8-f53a-f171-2e65-b7eb597ed333">
      <Execution id="0e85976e-dc93-4dc1-aca9-a109a183f818" />
      <TestMethod codeBase="C:/Users/Tusia/Documents/GitHub/robust/VendingMachine/VendingMachine.Tests/bin/Debug/VendingMachine.Tests.DLL" adapterTypeName="Microsoft.VisualStudio.TestTools.TestTypes.Unit.UnitTestAdapter, Microsoft.VisualStudio.QualityTools.Tips.UnitTest.Adapter, Version=10.0.0.0, Culture=neutral, PublicKeyToken=b03f5f7f11d50a3a" className="VendingMachine.Data.CoinExtensionsTest, VendingMachine.Tests, Version=0.0.0.0, Culture=neutral, PublicKeyToken=null" name="ToValue66" />
    </UnitTest>
    <UnitTest name="TestMethod2" storage="c:\users\tusia\documents\github\robust\vendingmachine\vendingmachine.tests\bin\debug\vendingmachine.tests.dll" id="298b599c-963b-d5e7-3c39-e72db05f2b77">
      <Execution id="900fb915-a9b4-4170-aae8-22d17fd0aaa6" />
      <TestMethod codeBase="C:/Users/Tusia/Documents/GitHub/robust/VendingMachine/VendingMachine.Tests/bin/Debug/VendingMachine.Tests.DLL" adapterTypeName="Microsoft.VisualStudio.TestTools.TestTypes.Unit.UnitTestAdapter, Microsoft.VisualStudio.QualityTools.Tips.UnitTest.Adapter, Version=10.0.0.0, Culture=neutral, PublicKeyToken=b03f5f7f11d50a3a" className="VendingMachine.Tests.Stock.StockManagerTest, VendingMachine.Tests, Version=0.0.0.0, Culture=neutral, PublicKeyToken=null" name="TestMethod2" />
    </UnitTest>
    <UnitTest name="CheckChange2" storage="c:\users\tusia\documents\github\robust\vendingmachine\vendingmachine.tests\bin\debug\vendingmachine.tests.dll" id="bdce1727-9e10-705f-71df-4ed9d0cc727b">
      <Execution id="fd9f08cb-37d4-4d02-83e7-5522ec0cb8ad" />
      <TestMethod codeBase="C:/Users/Tusia/Documents/GitHub/robust/VendingMachine/VendingMachine.Tests/bin/Debug/VendingMachine.Tests.DLL" adapterTypeName="Microsoft.VisualStudio.TestTools.TestTypes.Unit.UnitTestAdapter, Microsoft.VisualStudio.QualityTools.Tips.UnitTest.Adapter, Version=10.0.0.0, Culture=neutral, PublicKeyToken=b03f5f7f11d50a3a" className="VendingMachine.Stock.CoinManagerTest, VendingMachine.Tests, Version=0.0.0.0, Culture=neutral, PublicKeyToken=null" name="CheckChange2" />
    </UnitTest>
  </TestDefinitions>
  <TestLists>
    <TestList name="Results Not in a List" id="8c84fa94-04c1-424b-9868-57a2d4851a1d" />
    <TestList name="All Loaded Results" id="19431567-8539-422a-85d7-44ee4e166bda" />
  </TestLists>
  <TestEntries>
    <TestEntry testId="96d832da-fef4-5048-6ced-c5fbd56b5956" executionId="1c90cb4e-4c09-4836-83db-a01e64204df7" testListId="8c84fa94-04c1-424b-9868-57a2d4851a1d" />
    <TestEntry testId="c5737dec-2360-eb79-9567-2f789f1f480a" executionId="0d4dcbfb-7103-4b31-bdc8-0d8f34d5f26a" testListId="8c84fa94-04c1-424b-9868-57a2d4851a1d" />
    <TestEntry testId="5594059a-9306-ef23-6a00-ebf32694560a" executionId="3e84f323-cb62-487d-9365-aa42701b46aa" testListId="8c84fa94-04c1-424b-9868-57a2d4851a1d" />
    <TestEntry testId="fcea77ae-2d01-1d51-4dda-cdf4746afeb5" executionId="514a74e9-6656-43e9-ade0-18b1063d367c" testListId="8c84fa94-04c1-424b-9868-57a2d4851a1d" />
    <TestEntry testId="5dffe32b-41dd-3453-f4d7-1dd2fd27a7da" executionId="b0ff80c7-4b4a-43b3-8f4d-0a3ae8b93a26" testListId="8c84fa94-04c1-424b-9868-57a2d4851a1d" />
    <TestEntry testId="a2defa04-bfcf-da58-55ba-a68e924cbc56" executionId="c5899c53-648c-4769-bb5f-4dc94994197a" testListId="8c84fa94-04c1-424b-9868-57a2d4851a1d" />
    <TestEntry testId="6d2f4fdb-262b-0e34-2661-1d7f9a9f91b6" executionId="0a701c44-c987-418a-9463-4c8da821ceab" testListId="8c84fa94-04c1-424b-9868-57a2d4851a1d" />
    <TestEntry testId="891b0eca-5777-6ba9-9abe-919f58267acc" executionId="de3af79c-46f6-46e0-9b8a-3eca7e3fceb0" testListId="8c84fa94-04c1-424b-9868-57a2d4851a1d" />
    <TestEntry testId="3d99bcbb-cb4c-3ab5-6940-bd878958e058" executionId="d85e3173-74cd-4164-9d6f-6a67b9b5d26b" testListId="8c84fa94-04c1-424b-9868-57a2d4851a1d" />
    <TestEntry testId="947c0953-7c1e-02b4-1011-fdb51c529281" executionId="3d8398c9-2657-4b0e-a495-00a5d731fa02" testListId="8c84fa94-04c1-424b-9868-57a2d4851a1d" />
    <TestEntry testId="da51f33f-ea83-f502-ff09-5a7441acce99" executionId="9d56996b-1837-4841-9ff8-29ecf320ccae" testListId="8c84fa94-04c1-424b-9868-57a2d4851a1d" />
    <TestEntry testId="9f90a1ba-c149-0d89-6a79-5d82a4b7d1e9" executionId="194a949d-3b03-468d-8280-14103abf6be0" testListId="8c84fa94-04c1-424b-9868-57a2d4851a1d" />
    <TestEntry testId="30c9cfb6-1e60-9299-1d60-73ed769d9f7a" executionId="ef25e687-47aa-44d1-99c2-42718ed3b268" testListId="8c84fa94-04c1-424b-9868-57a2d4851a1d" />
    <TestEntry testId="4e37d7d6-cf35-f992-0c05-6c0385638b93" executionId="baebdf96-bba4-412b-a586-d83d360c86f3" testListId="8c84fa94-04c1-424b-9868-57a2d4851a1d" />
    <TestEntry testId="a6d57736-da70-60ac-0c2b-a0701969c5fb" executionId="141e56aa-f71a-43ea-8eb4-edf17a80bbed" testListId="8c84fa94-04c1-424b-9868-57a2d4851a1d" />
    <TestEntry testId="bdce1727-9e10-705f-71df-4ed9d0cc727b" executionId="fd9f08cb-37d4-4d02-83e7-5522ec0cb8ad" testListId="8c84fa94-04c1-424b-9868-57a2d4851a1d" />
    <TestEntry testId="ca8fef68-3e6e-0e47-5116-2fa2d4889893" executionId="72698c43-fca5-416e-bdbc-8339c015f499" testListId="8c84fa94-04c1-424b-9868-57a2d4851a1d" />
    <TestEntry testId="b6c2c35d-0af7-d47a-0832-f4d395487f14" executionId="03a3aa53-8cb2-4b0f-b6c9-f75ee6a1d08b" testListId="8c84fa94-04c1-424b-9868-57a2d4851a1d" />
    <TestEntry testId="84960dfc-69a6-0202-fe17-eb73cf6eef5b" executionId="00c521ff-2d83-4f10-89b0-e389132f5fe8" testListId="8c84fa94-04c1-424b-9868-57a2d4851a1d" />
    <TestEntry testId="3696d49b-035b-cd4c-8acb-25a2a6271173" executionId="c9197436-d9c1-4a5a-b2e8-a75c75089f25" testListId="8c84fa94-04c1-424b-9868-57a2d4851a1d" />
    <TestEntry testId="29afddcd-a882-5ec0-ef27-736173ee2cfa" executionId="cbab5d89-c22a-455e-bb91-5d9eedf81b2c" testListId="8c84fa94-04c1-424b-9868-57a2d4851a1d" />
    <TestEntry testId="cb63e72a-b73d-fd8f-0241-2a5abe4c325b" executionId="ec3aecef-8b2f-49fa-bbb6-f6a916ac2691" testListId="8c84fa94-04c1-424b-9868-57a2d4851a1d" />
    <TestEntry testId="55d8445b-1833-2470-93d4-70d9e8c158e2" executionId="f9fe18fd-e9b1-4b72-acce-6bf1755e1b0b" testListId="8c84fa94-04c1-424b-9868-57a2d4851a1d" />
    <TestEntry testId="8dfb708c-bcdc-5477-ef07-b275041ca24b" executionId="75b916a8-dc75-46cd-99dd-94dedb0b4764" testListId="8c84fa94-04c1-424b-9868-57a2d4851a1d" />
    <TestEntry testId="54049617-1cc9-58d2-6255-301b7d1b471e" executionId="c9aeea70-1652-4f3d-93d9-2921d1f6661b" testListId="8c84fa94-04c1-424b-9868-57a2d4851a1d" />
    <TestEntry testId="fd0594a0-e09f-0a9f-2b91-7b43f72abdef" executionId="b4b3fc53-fc08-42a1-87b2-dfb533a025cc" testListId="8c84fa94-04c1-424b-9868-57a2d4851a1d" />
    <TestEntry testId="088c6cd8-f53a-f171-2e65-b7eb597ed333" executionId="0e85976e-dc93-4dc1-aca9-a109a183f818" testListId="8c84fa94-04c1-424b-9868-57a2d4851a1d" />
    <TestEntry testId="3c39e665-fbbd-a325-5731-748af5e9cf8e" executionId="1b472ff2-cba6-439f-84b8-dea9eaa33cec" testListId="8c84fa94-04c1-424b-9868-57a2d4851a1d" />
    <TestEntry testId="298b599c-963b-d5e7-3c39-e72db05f2b77" executionId="900fb915-a9b4-4170-aae8-22d17fd0aaa6" testListId="8c84fa94-04c1-424b-9868-57a2d4851a1d" />
    <TestEntry testId="e7702e2e-a287-a96f-4432-23c134a38cba" executionId="8d06d4d5-22fd-4b79-b7bb-474eb458f69c" testListId="8c84fa94-04c1-424b-9868-57a2d4851a1d" />
    <TestEntry testId="53f981c6-9727-3108-39ac-83eedd228892" executionId="52b466d8-831b-48a5-9294-f96d5a6e4ce5" testListId="8c84fa94-04c1-424b-9868-57a2d4851a1d" />
    <TestEntry testId="d5a36cc4-16a7-0c24-c41b-6d6de69a256e" executionId="5ec6c434-a813-44dd-8cc4-1bbd718c7780" testListId="8c84fa94-04c1-424b-9868-57a2d4851a1d" />
    <TestEntry testId="ace49edf-99b2-109f-ac51-dfcee8b9cd8c" executionId="fc50abb7-c978-4305-9fb6-e5b7f640a54c" testListId="8c84fa94-04c1-424b-9868-57a2d4851a1d" />
    <TestEntry testId="4d0ca4a4-c15d-2656-877e-5942f7f24fd2" executionId="4be784e9-0063-44e7-9f68-3d54a44750a7" testListId="8c84fa94-04c1-424b-9868-57a2d4851a1d" />
  </TestEntries>
  <Results>
    <UnitTestResult executionId="1c90cb4e-4c09-4836-83db-a01e64204df7" testId="96d832da-fef4-5048-6ced-c5fbd56b5956" testName="GetChange1" computerName="TUNIA" duration="00:00:00.0711386" startTime="2013-04-26T18:08:15.5176088+02:00" endTime="2013-04-26T18:08:15.9726348+02:00" testType="13cdc9d9-ddb5-4fa4-a97d-d965ccfc6d4b" outcome="Passed" testListId="8c84fa94-04c1-424b-9868-57a2d4851a1d" relativeResultsDirectory="1c90cb4e-4c09-4836-83db-a01e64204df7">
    </UnitTestResult>
    <UnitTestResult executionId="0d4dcbfb-7103-4b31-bdc8-0d8f34d5f26a" testId="c5737dec-2360-eb79-9567-2f789f1f480a" testName="GetChange2" computerName="TUNIA" duration="00:00:00.0093651" startTime="2013-04-26T18:08:15.9776351+02:00" endTime="2013-04-26T18:08:16.0016365+02:00" testType="13cdc9d9-ddb5-4fa4-a97d-d965ccfc6d4b" outcome="Passed" testListId="8c84fa94-04c1-424b-9868-57a2d4851a1d" relativeResultsDirectory="0d4dcbfb-7103-4b31-bdc8-0d8f34d5f26a">
    </UnitTestResult>
    <UnitTestResult executionId="3e84f323-cb62-487d-9365-aa42701b46aa" testId="5594059a-9306-ef23-6a00-ebf32694560a" testName="GetChange3" computerName="TUNIA" duration="00:00:00.0277399" startTime="2013-04-26T18:08:16.0046366+02:00" endTime="2013-04-26T18:08:16.0396386+02:00" testType="13cdc9d9-ddb5-4fa4-a97d-d965ccfc6d4b" outcome="Passed" testListId="8c84fa94-04c1-424b-9868-57a2d4851a1d" relativeResultsDirectory="3e84f323-cb62-487d-9365-aa42701b46aa">
    </UnitTestResult>
    <UnitTestResult executionId="514a74e9-6656-43e9-ade0-18b1063d367c" testId="fcea77ae-2d01-1d51-4dda-cdf4746afeb5" testName="GetChange4" computerName="TUNIA" duration="00:00:00.0026810" startTime="2013-04-26T18:08:16.0426388+02:00" endTime="2013-04-26T18:08:16.0626400+02:00" testType="13cdc9d9-ddb5-4fa4-a97d-d965ccfc6d4b" outcome="Passed" testListId="8c84fa94-04c1-424b-9868-57a2d4851a1d" relativeResultsDirectory="514a74e9-6656-43e9-ade0-18b1063d367c">
    </UnitTestResult>
    <UnitTestResult executionId="b0ff80c7-4b4a-43b3-8f4d-0a3ae8b93a26" testId="5dffe32b-41dd-3453-f4d7-1dd2fd27a7da" testName="GetChange5" computerName="TUNIA" duration="00:00:00.0005560" startTime="2013-04-26T18:08:16.0696404+02:00" endTime="2013-04-26T18:08:16.0856413+02:00" testType="13cdc9d9-ddb5-4fa4-a97d-d965ccfc6d4b" outcome="Passed" testListId="8c84fa94-04c1-424b-9868-57a2d4851a1d" relativeResultsDirectory="b0ff80c7-4b4a-43b3-8f4d-0a3ae8b93a26">
    </UnitTestResult>
    <UnitTestResult executionId="c5899c53-648c-4769-bb5f-4dc94994197a" testId="a2defa04-bfcf-da58-55ba-a68e924cbc56" testName="GetChange6" computerName="TUNIA" duration="00:00:00.0030172" startTime="2013-04-26T18:08:16.0886414+02:00" endTime="2013-04-26T18:08:16.0976420+02:00" testType="13cdc9d9-ddb5-4fa4-a97d-d965ccfc6d4b" outcome="Passed" testListId="8c84fa94-04c1-424b-9868-57a2d4851a1d" relativeResultsDirectory="c5899c53-648c-4769-bb5f-4dc94994197a">
    </UnitTestResult>
    <UnitTestResult executionId="0a701c44-c987-418a-9463-4c8da821ceab" testId="6d2f4fdb-262b-0e34-2661-1d7f9a9f91b6" testName="GetChange7" computerName="TUNIA" duration="00:00:00.0005004" startTime="2013-04-26T18:08:16.1006421+02:00" endTime="2013-04-26T18:08:16.1096426+02:00" testType="13cdc9d9-ddb5-4fa4-a97d-d965ccfc6d4b" outcome="Passed" testListId="8c84fa94-04c1-424b-9868-57a2d4851a1d" relativeResultsDirectory="0a701c44-c987-418a-9463-4c8da821ceab">
    </UnitTestResult>
    <UnitTestResult executionId="de3af79c-46f6-46e0-9b8a-3eca7e3fceb0" testId="891b0eca-5777-6ba9-9abe-919f58267acc" testName="AddCoinThrowsContractException830" computerName="TUNIA" duration="00:00:00.0216554" startTime="2013-04-26T18:08:16.1126428+02:00" endTime="2013-04-26T18:08:16.1416445+02:00" testType="13cdc9d9-ddb5-4fa4-a97d-d965ccfc6d4b" outcome="Passed" testListId="8c84fa94-04c1-424b-9868-57a2d4851a1d" relativeResultsDirectory="de3af79c-46f6-46e0-9b8a-3eca7e3fceb0">
    </UnitTestResult>
    <UnitTestResult executionId="d85e3173-74cd-4164-9d6f-6a67b9b5d26b" testId="3d99bcbb-cb4c-3ab5-6940-bd878958e058" testName="AddCoin911" computerName="TUNIA" duration="00:00:00.0033127" startTime="2013-04-26T18:08:16.1446446+02:00" endTime="2013-04-26T18:08:16.1556453+02:00" testType="13cdc9d9-ddb5-4fa4-a97d-d965ccfc6d4b" outcome="Passed" testListId="8c84fa94-04c1-424b-9868-57a2d4851a1d" relativeResultsDirectory="d85e3173-74cd-4164-9d6f-6a67b9b5d26b">
    </UnitTestResult>
    <UnitTestResult executionId="3d8398c9-2657-4b0e-a495-00a5d731fa02" testId="947c0953-7c1e-02b4-1011-fdb51c529281" testName="AddCoin761" computerName="TUNIA" duration="00:00:00.0044586" startTime="2013-04-26T18:08:16.1616456+02:00" endTime="2013-04-26T18:08:16.1776465+02:00" testType="13cdc9d9-ddb5-4fa4-a97d-d965ccfc6d4b" outcome="Passed" testListId="8c84fa94-04c1-424b-9868-57a2d4851a1d" relativeResultsDirectory="3d8398c9-2657-4b0e-a495-00a5d731fa02">
    </UnitTestResult>
    <UnitTestResult executionId="9d56996b-1837-4841-9ff8-29ecf320ccae" testId="da51f33f-ea83-f502-ff09-5a7441acce99" testName="AddCoin494" computerName="TUNIA" duration="00:00:00.0039188" startTime="2013-04-26T18:08:16.1806467+02:00" endTime="2013-04-26T18:08:16.1916473+02:00" testType="13cdc9d9-ddb5-4fa4-a97d-d965ccfc6d4b" outcome="Passed" testListId="8c84fa94-04c1-424b-9868-57a2d4851a1d" relativeResultsDirectory="9d56996b-1837-4841-9ff8-29ecf320ccae">
    </UnitTestResult>
    <UnitTestResult executionId="194a949d-3b03-468d-8280-14103abf6be0" testId="9f90a1ba-c149-0d89-6a79-5d82a4b7d1e9" testName="EjectCoinThrowsContractException868" computerName="TUNIA" duration="00:00:00.0018302" startTime="2013-04-26T18:08:16.1946475+02:00" endTime="2013-04-26T18:08:16.2016479+02:00" testType="13cdc9d9-ddb5-4fa4-a97d-d965ccfc6d4b" outcome="Passed" testListId="8c84fa94-04c1-424b-9868-57a2d4851a1d" relativeResultsDirectory="194a949d-3b03-468d-8280-14103abf6be0">
    </UnitTestResult>
    <UnitTestResult executionId="ef25e687-47aa-44d1-99c2-42718ed3b268" testId="30c9cfb6-1e60-9299-1d60-73ed769d9f7a" testName="EjectCoin502" computerName="TUNIA" duration="00:00:00.0045707" startTime="2013-04-26T18:08:16.2066482+02:00" endTime="2013-04-26T18:08:16.2286494+02:00" testType="13cdc9d9-ddb5-4fa4-a97d-d965ccfc6d4b" outcome="Passed" testListId="8c84fa94-04c1-424b-9868-57a2d4851a1d" relativeResultsDirectory="ef25e687-47aa-44d1-99c2-42718ed3b268">
    </UnitTestResult>
    <UnitTestResult executionId="baebdf96-bba4-412b-a586-d83d360c86f3" testId="4e37d7d6-cf35-f992-0c05-6c0385638b93" testName="EjectCoin257" computerName="TUNIA" duration="00:00:00.0042764" startTime="2013-04-26T18:08:16.2526508+02:00" endTime="2013-04-26T18:08:16.2746521+02:00" testType="13cdc9d9-ddb5-4fa4-a97d-d965ccfc6d4b" outcome="Passed" testListId="8c84fa94-04c1-424b-9868-57a2d4851a1d" relativeResultsDirectory="baebdf96-bba4-412b-a586-d83d360c86f3">
    </UnitTestResult>
    <UnitTestResult executionId="141e56aa-f71a-43ea-8eb4-edf17a80bbed" testId="a6d57736-da70-60ac-0c2b-a0701969c5fb" testName="CheckChange1" computerName="TUNIA" duration="00:00:00.0021288" startTime="2013-04-26T18:08:16.2816525+02:00" endTime="2013-04-26T18:08:16.2956533+02:00" testType="13cdc9d9-ddb5-4fa4-a97d-d965ccfc6d4b" outcome="Passed" testListId="8c84fa94-04c1-424b-9868-57a2d4851a1d" relativeResultsDirectory="141e56aa-f71a-43ea-8eb4-edf17a80bbed">
    </UnitTestResult>
    <UnitTestResult executionId="fd9f08cb-37d4-4d02-83e7-5522ec0cb8ad" testId="bdce1727-9e10-705f-71df-4ed9d0cc727b" testName="CheckChange2" computerName="TUNIA" duration="00:00:00.0011805" startTime="2013-04-26T18:08:16.3046538+02:00" endTime="2013-04-26T18:08:16.3166545+02:00" testType="13cdc9d9-ddb5-4fa4-a97d-d965ccfc6d4b" outcome="Passed" testListId="8c84fa94-04c1-424b-9868-57a2d4851a1d" relativeResultsDirectory="fd9f08cb-37d4-4d02-83e7-5522ec0cb8ad">
    </UnitTestResult>
    <UnitTestResult executionId="72698c43-fca5-416e-bdbc-8339c015f499" testId="ca8fef68-3e6e-0e47-5116-2fa2d4889893" testName="CheckChange3" computerName="TUNIA" duration="00:00:00.0006197" startTime="2013-04-26T18:08:16.3216548+02:00" endTime="2013-04-26T18:08:16.3366556+02:00" testType="13cdc9d9-ddb5-4fa4-a97d-d965ccfc6d4b" outcome="Passed" testListId="8c84fa94-04c1-424b-9868-57a2d4851a1d" relativeResultsDirectory="72698c43-fca5-416e-bdbc-8339c015f499">
    </UnitTestResult>
    <UnitTestResult executionId="03a3aa53-8cb2-4b0f-b6c9-f75ee6a1d08b" testId="b6c2c35d-0af7-d47a-0832-f4d395487f14" testName="CheckChange4" computerName="TUNIA" duration="00:00:00.0005235" startTime="2013-04-26T18:08:16.3446561+02:00" endTime="2013-04-26T18:08:16.3506564+02:00" testType="13cdc9d9-ddb5-4fa4-a97d-d965ccfc6d4b" outcome="Passed" testListId="8c84fa94-04c1-424b-9868-57a2d4851a1d" relativeResultsDirectory="03a3aa53-8cb2-4b0f-b6c9-f75ee6a1d08b">
    </UnitTestResult>
    <UnitTestResult executionId="00c521ff-2d83-4f10-89b0-e389132f5fe8" testId="84960dfc-69a6-0202-fe17-eb73cf6eef5b" testName="CheckChange5" computerName="TUNIA" duration="00:00:00.0037734" startTime="2013-04-26T18:08:16.3536566+02:00" endTime="2013-04-26T18:08:16.3616571+02:00" testType="13cdc9d9-ddb5-4fa4-a97d-d965ccfc6d4b" outcome="Passed" testListId="8c84fa94-04c1-424b-9868-57a2d4851a1d" relativeResultsDirectory="00c521ff-2d83-4f10-89b0-e389132f5fe8">
    </UnitTestResult>
    <UnitTestResult executionId="c9197436-d9c1-4a5a-b2e8-a75c75089f25" testId="3696d49b-035b-cd4c-8acb-25a2a6271173" testName="CheckChange6" computerName="TUNIA" duration="00:00:00.0003237" startTime="2013-04-26T18:08:16.3656573+02:00" endTime="2013-04-26T18:08:16.3746578+02:00" testType="13cdc9d9-ddb5-4fa4-a97d-d965ccfc6d4b" outcome="Passed" testListId="8c84fa94-04c1-424b-9868-57a2d4851a1d" relativeResultsDirectory="c9197436-d9c1-4a5a-b2e8-a75c75089f25">
    </UnitTestResult>
    <UnitTestResult executionId="cbab5d89-c22a-455e-bb91-5d9eedf81b2c" testId="29afddcd-a882-5ec0-ef27-736173ee2cfa" testName="ToValue832" computerName="TUNIA" duration="00:00:00.0004859" startTime="2013-04-26T18:08:16.3786580+02:00" endTime="2013-04-26T18:08:16.3866585+02:00" testType="13cdc9d9-ddb5-4fa4-a97d-d965ccfc6d4b" outcome="Passed" testListId="8c84fa94-04c1-424b-9868-57a2d4851a1d" relativeResultsDirectory="cbab5d89-c22a-455e-bb91-5d9eedf81b2c">
    </UnitTestResult>
    <UnitTestResult executionId="ec3aecef-8b2f-49fa-bbb6-f6a916ac2691" testId="cb63e72a-b73d-fd8f-0241-2a5abe4c325b" testName="ToValue513" computerName="TUNIA" duration="00:00:00.0002245" startTime="2013-04-26T18:08:16.3896587+02:00" endTime="2013-04-26T18:08:16.3976591+02:00" testType="13cdc9d9-ddb5-4fa4-a97d-d965ccfc6d4b" outcome="Passed" testListId="8c84fa94-04c1-424b-9868-57a2d4851a1d" relativeResultsDirectory="ec3aecef-8b2f-49fa-bbb6-f6a916ac2691">
    </UnitTestResult>
    <UnitTestResult executionId="f9fe18fd-e9b1-4b72-acce-6bf1755e1b0b" testId="55d8445b-1833-2470-93d4-70d9e8c158e2" testName="ToValueThrowsContractException646" computerName="TUNIA" duration="00:00:00.0421612" startTime="2013-04-26T18:08:16.4006593+02:00" endTime="2013-04-26T18:08:16.4536623+02:00" testType="13cdc9d9-ddb5-4fa4-a97d-d965ccfc6d4b" outcome="Passed" testListId="8c84fa94-04c1-424b-9868-57a2d4851a1d" relativeResultsDirectory="f9fe18fd-e9b1-4b72-acce-6bf1755e1b0b">
    </UnitTestResult>
    <UnitTestResult executionId="75b916a8-dc75-46cd-99dd-94dedb0b4764" testId="8dfb708c-bcdc-5477-ef07-b275041ca24b" testName="ToValue1" computerName="TUNIA" duration="00:00:00.0005705" startTime="2013-04-26T18:08:16.4586626+02:00" endTime="2013-04-26T18:08:16.4736635+02:00" testType="13cdc9d9-ddb5-4fa4-a97d-d965ccfc6d4b" outcome="Passed" testListId="8c84fa94-04c1-424b-9868-57a2d4851a1d" relativeResultsDirectory="75b916a8-dc75-46cd-99dd-94dedb0b4764">
    </UnitTestResult>
    <UnitTestResult executionId="c9aeea70-1652-4f3d-93d9-2921d1f6661b" testId="54049617-1cc9-58d2-6255-301b7d1b471e" testName="ToValue932" computerName="TUNIA" duration="00:00:00.0002241" startTime="2013-04-26T18:08:16.4826640+02:00" endTime="2013-04-26T18:08:16.4896644+02:00" testType="13cdc9d9-ddb5-4fa4-a97d-d965ccfc6d4b" outcome="Passed" testListId="8c84fa94-04c1-424b-9868-57a2d4851a1d" relativeResultsDirectory="c9aeea70-1652-4f3d-93d9-2921d1f6661b">
    </UnitTestResult>
    <UnitTestResult executionId="b4b3fc53-fc08-42a1-87b2-dfb533a025cc" testId="fd0594a0-e09f-0a9f-2b91-7b43f72abdef" testName="ToValue347" computerName="TUNIA" duration="00:00:00.0002365" startTime="2013-04-26T18:08:16.4926645+02:00" endTime="2013-04-26T18:08:16.5046652+02:00" testType="13cdc9d9-ddb5-4fa4-a97d-d965ccfc6d4b" outcome="Passed" testListId="8c84fa94-04c1-424b-9868-57a2d4851a1d" relativeResultsDirectory="b4b3fc53-fc08-42a1-87b2-dfb533a025cc">
    </UnitTestResult>
    <UnitTestResult executionId="0e85976e-dc93-4dc1-aca9-a109a183f818" testId="088c6cd8-f53a-f171-2e65-b7eb597ed333" testName="ToValue66" computerName="TUNIA" duration="00:00:00.0002540" startTime="2013-04-26T18:08:16.5076654+02:00" endTime="2013-04-26T18:08:16.5216662+02:00" testType="13cdc9d9-ddb5-4fa4-a97d-d965ccfc6d4b" outcome="Passed" testListId="8c84fa94-04c1-424b-9868-57a2d4851a1d" relativeResultsDirectory="0e85976e-dc93-4dc1-aca9-a109a183f818">
    </UnitTestResult>
    <UnitTestResult executionId="1b472ff2-cba6-439f-84b8-dea9eaa33cec" testId="3c39e665-fbbd-a325-5731-748af5e9cf8e" testName="TestMethod1" computerName="TUNIA" testType="13cdc9d9-ddb5-4fa4-a97d-d965ccfc6d4b" outcome="NotRunnable" testListId="8c84fa94-04c1-424b-9868-57a2d4851a1d" relativeResultsDirectory="1b472ff2-cba6-439f-84b8-dea9eaa33cec">
      <Output>
        <ErrorInfo>
          <Message>UTA004: Illegal use of attribute on VendingMachine.Tests.Stock.StockManagerTest.TestMethod1. The TestMethodAttribute can be defined only inside a class marked with the TestClass attribute.</Message>
        </ErrorInfo>
      </Output>
    </UnitTestResult>
    <UnitTestResult executionId="900fb915-a9b4-4170-aae8-22d17fd0aaa6" testId="298b599c-963b-d5e7-3c39-e72db05f2b77" testName="TestMethod2" computerName="TUNIA" testType="13cdc9d9-ddb5-4fa4-a97d-d965ccfc6d4b" outcome="NotRunnable" testListId="8c84fa94-04c1-424b-9868-57a2d4851a1d" relativeResultsDirectory="900fb915-a9b4-4170-aae8-22d17fd0aaa6">
      <Output>
        <ErrorInfo>
          <Message>UTA004: Illegal use of attribute on VendingMachine.Tests.Stock.StockManagerTest.TestMethod2. The TestMethodAttribute can be defined only inside a class marked with the TestClass attribute.</Message>
        </ErrorInfo>
      </Output>
    </UnitTestResult>
    <UnitTestResult executionId="8d06d4d5-22fd-4b79-b7bb-474eb458f69c" testId="e7702e2e-a287-a96f-4432-23c134a38cba" testName="AddProductThrowsContractException156" computerName="TUNIA" duration="00:00:00.0078064" startTime="2013-04-26T18:08:16.5246664+02:00" endTime="2013-04-26T18:08:16.5406673+02:00" testType="13cdc9d9-ddb5-4fa4-a97d-d965ccfc6d4b" outcome="Passed" testListId="8c84fa94-04c1-424b-9868-57a2d4851a1d" relativeResultsDirectory="8d06d4d5-22fd-4b79-b7bb-474eb458f69c">
    </UnitTestResult>
    <UnitTestResult executionId="52b466d8-831b-48a5-9294-f96d5a6e4ce5" testId="53f981c6-9727-3108-39ac-83eedd228892" testName="ConstructorTest" computerName="TUNIA" duration="00:00:00.0004016" startTime="2013-04-26T18:08:16.5466676+02:00" endTime="2013-04-26T18:08:16.5526680+02:00" testType="13cdc9d9-ddb5-4fa4-a97d-d965ccfc6d4b" outcome="Passed" testListId="8c84fa94-04c1-424b-9868-57a2d4851a1d" relativeResultsDirectory="52b466d8-831b-48a5-9294-f96d5a6e4ce5">
    </UnitTestResult>
    <UnitTestResult executionId="5ec6c434-a813-44dd-8cc4-1bbd718c7780" testId="d5a36cc4-16a7-0c24-c41b-6d6de69a256e" testName="EjectCoinNotEnoughCoins" computerName="TUNIA" duration="00:00:00.0004965" startTime="2013-04-26T18:08:16.5556682+02:00" endTime="2013-04-26T18:08:16.5636686+02:00" testType="13cdc9d9-ddb5-4fa4-a97d-d965ccfc6d4b" outcome="Passed" testListId="8c84fa94-04c1-424b-9868-57a2d4851a1d" relativeResultsDirectory="5ec6c434-a813-44dd-8cc4-1bbd718c7780">
    </UnitTestResult>
    <UnitTestResult executionId="fc50abb7-c978-4305-9fb6-e5b7f640a54c" testId="ace49edf-99b2-109f-ac51-dfcee8b9cd8c" testName="EjectCoinCaseNotEmpty" computerName="TUNIA" duration="00:00:00.0023058" startTime="2013-04-26T18:08:16.5666688+02:00" endTime="2013-04-26T18:08:16.5756693+02:00" testType="13cdc9d9-ddb5-4fa4-a97d-d965ccfc6d4b" outcome="Passed" testListId="8c84fa94-04c1-424b-9868-57a2d4851a1d" relativeResultsDirectory="fc50abb7-c978-4305-9fb6-e5b7f640a54c">
    </UnitTestResult>
    <UnitTestResult executionId="4be784e9-0063-44e7-9f68-3d54a44750a7" testId="4d0ca4a4-c15d-2656-877e-5942f7f24fd2" testName="CheckChangeCorrect" computerName="TUNIA" duration="00:00:00.0003601" startTime="2013-04-26T18:08:16.5826697+02:00" endTime="2013-04-26T18:08:16.5926703+02:00" testType="13cdc9d9-ddb5-4fa4-a97d-d965ccfc6d4b" outcome="Passed" testListId="8c84fa94-04c1-424b-9868-57a2d4851a1d" relativeResultsDirectory="4be784e9-0063-44e7-9f68-3d54a44750a7">
    </UnitTestResult>
  </Results>
</TestRun>