<?xml version="1.0" encoding="UTF-8"?>
<TestRun id="bece30c8-1f8f-4eef-99bc-d66a263e5368" name="Tusia@TUNIA 2013-04-26 22:16:47" runUser="Tunia\Tusia" xmlns="http://microsoft.com/schemas/VisualStudio/TeamTest/2010">
  <TestSettings name="Local" id="73543c8f-e1ba-4016-a1b2-c5482740e447">
    <Description>These are default test settings for a local test run.</Description>
    <Deployment runDeploymentRoot="Tusia_TUNIA 2013-04-26 22_16_47">
      <DeploymentItem filename="VendingMachine\StockDatabase.xml" />
      <DeploymentItem filename="VendingMachine\CoinDatabase.xml" />
      <DeploymentItem filename="C:\Users\Tusia\Documents\GitHub\robust\VendingMachine\VendingMachine.Tests\MolesAssemblies\VendingMachine.Moles.dll" />
      <DeploymentItem filename="C:\Users\Tusia\Documents\GitHub\robust\VendingMachine\VendingMachine\bin\Debug\VendingMachine.exe" />
    </Deployment>
    <Execution>
      <TestTypeSpecific>
        <UnitTestRunConfig testTypeId="13cdc9d9-ddb5-4fa4-a97d-d965ccfc6d4b">
          <AssemblyResolution>
            <TestDirectory useLoadContext="true" />
          </AssemblyResolution>
        </UnitTestRunConfig>
        <WebTestRunConfiguration testTypeId="4e7599fa-5ecb-43e9-a887-cd63cf72d207">
          <Browser name="Internet Explorer 7.0">
            <Headers>
              <Header name="User-Agent" value="Mozilla/4.0 (compatible; MSIE 7.0; Windows NT 5.1)" />
              <Header name="Accept" value="*/*" />
              <Header name="Accept-Language" value="{{$IEAcceptLanguage}}" />
              <Header name="Accept-Encoding" value="GZIP" />
            </Headers>
          </Browser>
        </WebTestRunConfiguration>
      </TestTypeSpecific>
      <AgentRule name="LocalMachineDefaultRole">
        <DataCollectors>
          <DataCollector uri="datacollector://microsoft/CodeCoverage/1.0" assemblyQualifiedName="Microsoft.VisualStudio.TestTools.CodeCoverage.CoveragePlugIn, Microsoft.VisualStudio.QualityTools.Plugins.CodeCoverage, Version=10.0.0.0, Culture=neutral, PublicKeyToken=b03f5f7f11d50a3a" friendlyName="Code Coverage">
            <Configuration>
              <CodeCoverage xmlns="">
                <Regular>
                  <CodeCoverageItem binaryFile="C:\Users\Tusia\Documents\GitHub\robust\VendingMachine\VendingMachine\bin\Debug\VendingMachine.exe" pdbFile="C:\Users\Tusia\Documents\GitHub\robust\VendingMachine\VendingMachine\bin\Debug\VendingMachine.instr.pdb" instrumentInPlace="true" />
                </Regular>
              </CodeCoverage>
            </Configuration>
          </DataCollector>
        </DataCollectors>
      </AgentRule>
    </Execution>
  </TestSettings>
  <Times creation="2013-04-26T22:16:47.8525456+02:00" queuing="2013-04-26T22:16:49.4386363+02:00" start="2013-04-26T22:16:49.5356418+02:00" finish="2013-04-26T22:16:55.1149609+02:00" />
  <ResultSummary outcome="Failed">
    <Counters total="38" executed="37" passed="35" error="0" failed="2" timeout="0" aborted="0" inconclusive="0" passedButRunAborted="0" notRunnable="1" notExecuted="0" disconnected="0" warning="0" completed="0" inProgress="0" pending="0" />
    <ResultFiles>
      <ResultFile path="TUNIA\data.coverage" />
    </ResultFiles>
  </ResultSummary>
  <TestDefinitions>
    <UnitTest name="AddCoin761" storage="c:\users\tusia\documents\github\robust\vendingmachine\vendingmachine.tests\bin\debug\vendingmachine.tests.dll" id="947c0953-7c1e-02b4-1011-fdb51c529281">
      <Execution id="bbc89281-1e65-4540-bd9e-3ac9c9d603be" />
      <TestMethod codeBase="C:/Users/Tusia/Documents/GitHub/robust/VendingMachine/VendingMachine.Tests/bin/Debug/VendingMachine.Tests.DLL" adapterTypeName="Microsoft.VisualStudio.TestTools.TestTypes.Unit.UnitTestAdapter, Microsoft.VisualStudio.QualityTools.Tips.UnitTest.Adapter, Version=10.0.0.0, Culture=neutral, PublicKeyToken=b03f5f7f11d50a3a" className="VendingMachine.Stock.CoinManagerTest, VendingMachine.Tests, Version=0.0.0.0, Culture=neutral, PublicKeyToken=null" name="AddCoin761" />
    </UnitTest>
    <UnitTest name="CheckChangeNotEnoughMoney" storage="c:\users\tusia\documents\github\robust\vendingmachine\vendingmachine.tests\bin\debug\vendingmachine.tests.dll" id="a068d388-d049-dbf1-7f43-3b8ae6b9a8ec">
      <Execution id="1325ec29-681c-4461-a4a4-1b7566991e79" />
      <TestMethod codeBase="C:/Users/Tusia/Documents/GitHub/robust/VendingMachine/VendingMachine.Tests/bin/Debug/VendingMachine.Tests.DLL" adapterTypeName="Microsoft.VisualStudio.TestTools.TestTypes.Unit.UnitTestAdapter, Microsoft.VisualStudio.QualityTools.Tips.UnitTest.Adapter, Version=10.0.0.0, Culture=neutral, PublicKeyToken=b03f5f7f11d50a3a" className="VendingMachine.Stock.CoinManagerTest, VendingMachine.Tests, Version=0.0.0.0, Culture=neutral, PublicKeyToken=null" name="CheckChangeNotEnoughMoney" />
    </UnitTest>
    <UnitTest name="AddProductIncorrectAmountParameter" storage="c:\users\tusia\documents\github\robust\vendingmachine\vendingmachine.tests\bin\debug\vendingmachine.tests.dll" id="c2dd427d-8b83-9eff-6966-88846ec7045e">
      <Execution id="beaa03c1-fab1-4168-9d89-c9f6adccf3c7" />
      <TestMethod codeBase="C:/Users/Tusia/Documents/GitHub/robust/VendingMachine/VendingMachine.Tests/bin/Debug/VendingMachine.Tests.DLL" adapterTypeName="Microsoft.VisualStudio.TestTools.TestTypes.Unit.UnitTestAdapter, Microsoft.VisualStudio.QualityTools.Tips.UnitTest.Adapter, Version=10.0.0.0, Culture=neutral, PublicKeyToken=b03f5f7f11d50a3a" className="VendingMachine.Stock.StockManagerTest, VendingMachine.Tests, Version=0.0.0.0, Culture=neutral, PublicKeyToken=null" name="AddProductIncorrectAmountParameter" />
    </UnitTest>
    <UnitTest name="ToValue832" storage="c:\users\tusia\documents\github\robust\vendingmachine\vendingmachine.tests\bin\debug\vendingmachine.tests.dll" id="29afddcd-a882-5ec0-ef27-736173ee2cfa">
      <Execution id="417187dd-7981-4b58-8e20-18ed32c2065c" />
      <TestMethod codeBase="C:/Users/Tusia/Documents/GitHub/robust/VendingMachine/VendingMachine.Tests/bin/Debug/VendingMachine.Tests.DLL" adapterTypeName="Microsoft.VisualStudio.TestTools.TestTypes.Unit.UnitTestAdapter, Microsoft.VisualStudio.QualityTools.Tips.UnitTest.Adapter, Version=10.0.0.0, Culture=neutral, PublicKeyToken=b03f5f7f11d50a3a" className="VendingMachine.Data.CoinExtensionsTest, VendingMachine.Tests, Version=0.0.0.0, Culture=neutral, PublicKeyToken=null" name="ToValue832" />
    </UnitTest>
    <UnitTest name="AddCoinThrowsContractException830" storage="c:\users\tusia\documents\github\robust\vendingmachine\vendingmachine.tests\bin\debug\vendingmachine.tests.dll" id="891b0eca-5777-6ba9-9abe-919f58267acc">
      <Execution id="b9230a74-a7b6-498c-bdb9-e7b16217ce29" />
      <TestMethod codeBase="C:/Users/Tusia/Documents/GitHub/robust/VendingMachine/VendingMachine.Tests/bin/Debug/VendingMachine.Tests.DLL" adapterTypeName="Microsoft.VisualStudio.TestTools.TestTypes.Unit.UnitTestAdapter, Microsoft.VisualStudio.QualityTools.Tips.UnitTest.Adapter, Version=10.0.0.0, Culture=neutral, PublicKeyToken=b03f5f7f11d50a3a" className="VendingMachine.Stock.CoinManagerTest, VendingMachine.Tests, Version=0.0.0.0, Culture=neutral, PublicKeyToken=null" name="AddCoinThrowsContractException830" />
    </UnitTest>
    <UnitTest name="GetChangeCaseNull" storage="c:\users\tusia\documents\github\robust\vendingmachine\vendingmachine.tests\bin\debug\vendingmachine.tests.dll" id="8700dc92-37b9-97d8-2d04-3577c03a9f57">
      <Execution id="601049cf-751f-4441-93c9-1e58f17c0b9d" />
      <TestMethod codeBase="C:/Users/Tusia/Documents/GitHub/robust/VendingMachine/VendingMachine.Tests/bin/Debug/VendingMachine.Tests.DLL" adapterTypeName="Microsoft.VisualStudio.TestTools.TestTypes.Unit.UnitTestAdapter, Microsoft.VisualStudio.QualityTools.Tips.UnitTest.Adapter, Version=10.0.0.0, Culture=neutral, PublicKeyToken=b03f5f7f11d50a3a" className="VendingMachine.Stock.CoinManagerTest, VendingMachine.Tests, Version=0.0.0.0, Culture=neutral, PublicKeyToken=null" name="GetChangeCaseNull" />
    </UnitTest>
    <UnitTest name="CheckChangeNotEnoughSmallCoins" storage="c:\users\tusia\documents\github\robust\vendingmachine\vendingmachine.tests\bin\debug\vendingmachine.tests.dll" id="6d3e4499-9d6f-49ac-6aef-7b79018d1aa8">
      <Execution id="8daa56d5-de5b-4b63-8f86-3a99470f3358" />
      <TestMethod codeBase="C:/Users/Tusia/Documents/GitHub/robust/VendingMachine/VendingMachine.Tests/bin/Debug/VendingMachine.Tests.DLL" adapterTypeName="Microsoft.VisualStudio.TestTools.TestTypes.Unit.UnitTestAdapter, Microsoft.VisualStudio.QualityTools.Tips.UnitTest.Adapter, Version=10.0.0.0, Culture=neutral, PublicKeyToken=b03f5f7f11d50a3a" className="VendingMachine.Stock.CoinManagerTest, VendingMachine.Tests, Version=0.0.0.0, Culture=neutral, PublicKeyToken=null" name="CheckChangeNotEnoughSmallCoins" />
    </UnitTest>
    <UnitTest name="ToValue347" storage="c:\users\tusia\documents\github\robust\vendingmachine\vendingmachine.tests\bin\debug\vendingmachine.tests.dll" id="fd0594a0-e09f-0a9f-2b91-7b43f72abdef">
      <Execution id="73b681a2-7d29-4962-8bba-782529564111" />
      <TestMethod codeBase="C:/Users/Tusia/Documents/GitHub/robust/VendingMachine/VendingMachine.Tests/bin/Debug/VendingMachine.Tests.DLL" adapterTypeName="Microsoft.VisualStudio.TestTools.TestTypes.Unit.UnitTestAdapter, Microsoft.VisualStudio.QualityTools.Tips.UnitTest.Adapter, Version=10.0.0.0, Culture=neutral, PublicKeyToken=b03f5f7f11d50a3a" className="VendingMachine.Data.CoinExtensionsTest, VendingMachine.Tests, Version=0.0.0.0, Culture=neutral, PublicKeyToken=null" name="ToValue347" />
    </UnitTest>
    <UnitTest name="EjectCoinNotEnoughCoins" storage="c:\users\tusia\documents\github\robust\vendingmachine\vendingmachine.tests\bin\debug\vendingmachine.tests.dll" id="d5a36cc4-16a7-0c24-c41b-6d6de69a256e">
      <Execution id="07d9b742-c485-45a7-b745-8c446b13f708" />
      <TestMethod codeBase="C:/Users/Tusia/Documents/GitHub/robust/VendingMachine/VendingMachine.Tests/bin/Debug/VendingMachine.Tests.DLL" adapterTypeName="Microsoft.VisualStudio.TestTools.TestTypes.Unit.UnitTestAdapter, Microsoft.VisualStudio.QualityTools.Tips.UnitTest.Adapter, Version=10.0.0.0, Culture=neutral, PublicKeyToken=b03f5f7f11d50a3a" className="VendingMachine.Stock.CoinManagerTest, VendingMachine.Tests, Version=0.0.0.0, Culture=neutral, PublicKeyToken=null" name="EjectCoinNotEnoughCoins" />
    </UnitTest>
    <UnitTest name="TestMethod2" storage="c:\users\tusia\documents\github\robust\vendingmachine\vendingmachine.tests\bin\debug\vendingmachine.tests.dll" id="30212e84-72a6-dcb3-2391-f34d4ae79066">
      <Execution id="29d66ef3-f890-40af-8f1d-2b63d37156fd" />
      <TestMethod codeBase="C:/Users/Tusia/Documents/GitHub/robust/VendingMachine/VendingMachine.Tests/bin/Debug/VendingMachine.Tests.DLL" adapterTypeName="Microsoft.VisualStudio.TestTools.TestTypes.Unit.UnitTestAdapter, Microsoft.VisualStudio.QualityTools.Tips.UnitTest.Adapter, Version=10.0.0.0, Culture=neutral, PublicKeyToken=b03f5f7f11d50a3a" className="VendingMachine.Stock.StockManagerTest, VendingMachine.Tests, Version=0.0.0.0, Culture=neutral, PublicKeyToken=null" name="TestMethod2" />
    </UnitTest>
    <UnitTest name="TestMethod1" storage="c:\users\tusia\documents\github\robust\vendingmachine\vendingmachine.tests\bin\debug\vendingmachine.tests.dll" id="3c39e665-fbbd-a325-5731-748af5e9cf8e">
      <Execution id="0e19007d-479a-4f0a-9b21-eed7fc514538" />
      <TestMethod codeBase="C:/Users/Tusia/Documents/GitHub/robust/VendingMachine/VendingMachine.Tests/bin/Debug/VendingMachine.Tests.DLL" adapterTypeName="Microsoft.VisualStudio.TestTools.TestTypes.Unit.UnitTestAdapter, Microsoft.VisualStudio.QualityTools.Tips.UnitTest.Adapter, Version=10.0.0.0, Culture=neutral, PublicKeyToken=b03f5f7f11d50a3a" className="VendingMachine.Tests.Stock.StockManagerTest, VendingMachine.Tests, Version=0.0.0.0, Culture=neutral, PublicKeyToken=null" name="TestMethod1" />
    </UnitTest>
    <UnitTest name="EjectCoinThrowsContractException868" storage="c:\users\tusia\documents\github\robust\vendingmachine\vendingmachine.tests\bin\debug\vendingmachine.tests.dll" id="9f90a1ba-c149-0d89-6a79-5d82a4b7d1e9">
      <Execution id="f520c4df-f3b2-4485-a159-c461e0a59270" />
      <TestMethod codeBase="C:/Users/Tusia/Documents/GitHub/robust/VendingMachine/VendingMachine.Tests/bin/Debug/VendingMachine.Tests.DLL" adapterTypeName="Microsoft.VisualStudio.TestTools.TestTypes.Unit.UnitTestAdapter, Microsoft.VisualStudio.QualityTools.Tips.UnitTest.Adapter, Version=10.0.0.0, Culture=neutral, PublicKeyToken=b03f5f7f11d50a3a" className="VendingMachine.Stock.CoinManagerTest, VendingMachine.Tests, Version=0.0.0.0, Culture=neutral, PublicKeyToken=null" name="EjectCoinThrowsContractException868" />
    </UnitTest>
    <UnitTest name="ToValue1" storage="c:\users\tusia\documents\github\robust\vendingmachine\vendingmachine.tests\bin\debug\vendingmachine.tests.dll" id="8dfb708c-bcdc-5477-ef07-b275041ca24b">
      <Execution id="71af5c81-6717-432d-9be2-3fd1682bc695" />
      <TestMethod codeBase="C:/Users/Tusia/Documents/GitHub/robust/VendingMachine/VendingMachine.Tests/bin/Debug/VendingMachine.Tests.DLL" adapterTypeName="Microsoft.VisualStudio.TestTools.TestTypes.Unit.UnitTestAdapter, Microsoft.VisualStudio.QualityTools.Tips.UnitTest.Adapter, Version=10.0.0.0, Culture=neutral, PublicKeyToken=b03f5f7f11d50a3a" className="VendingMachine.Data.CoinExtensionsTest, VendingMachine.Tests, Version=0.0.0.0, Culture=neutral, PublicKeyToken=null" name="ToValue1" />
    </UnitTest>
    <UnitTest name="CheckChangeExactAmountOfMoney" storage="c:\users\tusia\documents\github\robust\vendingmachine\vendingmachine.tests\bin\debug\vendingmachine.tests.dll" id="0c8fb27b-46a7-3502-f11f-b98500b102d8">
      <Execution id="d906556c-da12-4cfb-9476-beea968dc680" />
      <TestMethod codeBase="C:/Users/Tusia/Documents/GitHub/robust/VendingMachine/VendingMachine.Tests/bin/Debug/VendingMachine.Tests.DLL" adapterTypeName="Microsoft.VisualStudio.TestTools.TestTypes.Unit.UnitTestAdapter, Microsoft.VisualStudio.QualityTools.Tips.UnitTest.Adapter, Version=10.0.0.0, Culture=neutral, PublicKeyToken=b03f5f7f11d50a3a" className="VendingMachine.Stock.CoinManagerTest, VendingMachine.Tests, Version=0.0.0.0, Culture=neutral, PublicKeyToken=null" name="CheckChangeExactAmountOfMoney" />
    </UnitTest>
    <UnitTest name="ToValueThrowsContractException646" storage="c:\users\tusia\documents\github\robust\vendingmachine\vendingmachine.tests\bin\debug\vendingmachine.tests.dll" id="55d8445b-1833-2470-93d4-70d9e8c158e2">
      <Execution id="a2348431-d77e-4da1-af94-781c382cce60" />
      <TestMethod codeBase="C:/Users/Tusia/Documents/GitHub/robust/VendingMachine/VendingMachine.Tests/bin/Debug/VendingMachine.Tests.DLL" adapterTypeName="Microsoft.VisualStudio.TestTools.TestTypes.Unit.UnitTestAdapter, Microsoft.VisualStudio.QualityTools.Tips.UnitTest.Adapter, Version=10.0.0.0, Culture=neutral, PublicKeyToken=b03f5f7f11d50a3a" className="VendingMachine.Data.CoinExtensionsTest, VendingMachine.Tests, Version=0.0.0.0, Culture=neutral, PublicKeyToken=null" name="ToValueThrowsContractException646" />
    </UnitTest>
    <UnitTest name="GetChangeNotEnoughSmallCoins" storage="c:\users\tusia\documents\github\robust\vendingmachine\vendingmachine.tests\bin\debug\vendingmachine.tests.dll" id="9ce0e3ea-570b-54f6-4480-66ae16f40c23">
      <Execution id="74339b42-235a-4054-90a9-a2ddb28c6f81" />
      <TestMethod codeBase="C:/Users/Tusia/Documents/GitHub/robust/VendingMachine/VendingMachine.Tests/bin/Debug/VendingMachine.Tests.DLL" adapterTypeName="Microsoft.VisualStudio.TestTools.TestTypes.Unit.UnitTestAdapter, Microsoft.VisualStudio.QualityTools.Tips.UnitTest.Adapter, Version=10.0.0.0, Culture=neutral, PublicKeyToken=b03f5f7f11d50a3a" className="VendingMachine.Stock.CoinManagerTest, VendingMachine.Tests, Version=0.0.0.0, Culture=neutral, PublicKeyToken=null" name="GetChangeNotEnoughSmallCoins" />
    </UnitTest>
    <UnitTest name="AddProductNonExististantProduct" storage="c:\users\tusia\documents\github\robust\vendingmachine\vendingmachine.tests\bin\debug\vendingmachine.tests.dll" id="76c71063-edc7-4420-4a6d-cd188aff0645">
      <Execution id="1c847ddc-0266-4ba2-a6e1-c9506969ab20" />
      <TestMethod codeBase="C:/Users/Tusia/Documents/GitHub/robust/VendingMachine/VendingMachine.Tests/bin/Debug/VendingMachine.Tests.DLL" adapterTypeName="Microsoft.VisualStudio.TestTools.TestTypes.Unit.UnitTestAdapter, Microsoft.VisualStudio.QualityTools.Tips.UnitTest.Adapter, Version=10.0.0.0, Culture=neutral, PublicKeyToken=b03f5f7f11d50a3a" className="VendingMachine.Stock.StockManagerTest, VendingMachine.Tests, Version=0.0.0.0, Culture=neutral, PublicKeyToken=null" name="AddProductNonExististantProduct" />
    </UnitTest>
    <UnitTest name="CheckChange0Inserted" storage="c:\users\tusia\documents\github\robust\vendingmachine\vendingmachine.tests\bin\debug\vendingmachine.tests.dll" id="5265aad5-dd33-667e-7260-26ac5508221a">
      <Execution id="54ffc514-d6bd-497d-990a-8019086e08f0" />
      <TestMethod codeBase="C:/Users/Tusia/Documents/GitHub/robust/VendingMachine/VendingMachine.Tests/bin/Debug/VendingMachine.Tests.DLL" adapterTypeName="Microsoft.VisualStudio.TestTools.TestTypes.Unit.UnitTestAdapter, Microsoft.VisualStudio.QualityTools.Tips.UnitTest.Adapter, Version=10.0.0.0, Culture=neutral, PublicKeyToken=b03f5f7f11d50a3a" className="VendingMachine.Stock.CoinManagerTest, VendingMachine.Tests, Version=0.0.0.0, Culture=neutral, PublicKeyToken=null" name="CheckChange0Inserted" />
    </UnitTest>
    <UnitTest name="GetChangeNoChange" storage="c:\users\tusia\documents\github\robust\vendingmachine\vendingmachine.tests\bin\debug\vendingmachine.tests.dll" id="24f0352f-d792-ba2d-85c4-0ecb496e8074">
      <Execution id="e90f2109-0e82-49eb-9827-fdaefd3ffe4f" />
      <TestMethod codeBase="C:/Users/Tusia/Documents/GitHub/robust/VendingMachine/VendingMachine.Tests/bin/Debug/VendingMachine.Tests.DLL" adapterTypeName="Microsoft.VisualStudio.TestTools.TestTypes.Unit.UnitTestAdapter, Microsoft.VisualStudio.QualityTools.Tips.UnitTest.Adapter, Version=10.0.0.0, Culture=neutral, PublicKeyToken=b03f5f7f11d50a3a" className="VendingMachine.Stock.CoinManagerTest, VendingMachine.Tests, Version=0.0.0.0, Culture=neutral, PublicKeyToken=null" name="GetChangeNoChange" />
    </UnitTest>
    <UnitTest name="AddProductDifferentPrice" storage="c:\users\tusia\documents\github\robust\vendingmachine\vendingmachine.tests\bin\debug\vendingmachine.tests.dll" id="ccfb871b-c825-c6e7-eb79-8e1bd0877aee">
      <Execution id="ebac1dcf-8f03-41c1-b070-1e8cdd9fb6bc" />
      <TestMethod codeBase="C:/Users/Tusia/Documents/GitHub/robust/VendingMachine/VendingMachine.Tests/bin/Debug/VendingMachine.Tests.DLL" adapterTypeName="Microsoft.VisualStudio.TestTools.TestTypes.Unit.UnitTestAdapter, Microsoft.VisualStudio.QualityTools.Tips.UnitTest.Adapter, Version=10.0.0.0, Culture=neutral, PublicKeyToken=b03f5f7f11d50a3a" className="VendingMachine.Stock.StockManagerTest, VendingMachine.Tests, Version=0.0.0.0, Culture=neutral, PublicKeyToken=null" name="AddProductDifferentPrice" />
    </UnitTest>
    <UnitTest name="EjectCoinCaseNotEmpty" storage="c:\users\tusia\documents\github\robust\vendingmachine\vendingmachine.tests\bin\debug\vendingmachine.tests.dll" id="ace49edf-99b2-109f-ac51-dfcee8b9cd8c">
      <Execution id="7ae34b09-4a24-412f-bd9a-d4a2a890a524" />
      <TestMethod codeBase="C:/Users/Tusia/Documents/GitHub/robust/VendingMachine/VendingMachine.Tests/bin/Debug/VendingMachine.Tests.DLL" adapterTypeName="Microsoft.VisualStudio.TestTools.TestTypes.Unit.UnitTestAdapter, Microsoft.VisualStudio.QualityTools.Tips.UnitTest.Adapter, Version=10.0.0.0, Culture=neutral, PublicKeyToken=b03f5f7f11d50a3a" className="VendingMachine.Stock.CoinManagerTest, VendingMachine.Tests, Version=0.0.0.0, Culture=neutral, PublicKeyToken=null" name="EjectCoinCaseNotEmpty" />
    </UnitTest>
    <UnitTest name="GetChangeNotEnoughMoney" storage="c:\users\tusia\documents\github\robust\vendingmachine\vendingmachine.tests\bin\debug\vendingmachine.tests.dll" id="404dc43c-589e-c0d4-e4fb-83e23d94a714">
      <Execution id="3499d5c8-8bc6-469f-8f01-0940898bf5ae" />
      <TestMethod codeBase="C:/Users/Tusia/Documents/GitHub/robust/VendingMachine/VendingMachine.Tests/bin/Debug/VendingMachine.Tests.DLL" adapterTypeName="Microsoft.VisualStudio.TestTools.TestTypes.Unit.UnitTestAdapter, Microsoft.VisualStudio.QualityTools.Tips.UnitTest.Adapter, Version=10.0.0.0, Culture=neutral, PublicKeyToken=b03f5f7f11d50a3a" className="VendingMachine.Stock.CoinManagerTest, VendingMachine.Tests, Version=0.0.0.0, Culture=neutral, PublicKeyToken=null" name="GetChangeNotEnoughMoney" />
    </UnitTest>
    <UnitTest name="EjectCoin502" storage="c:\users\tusia\documents\github\robust\vendingmachine\vendingmachine.tests\bin\debug\vendingmachine.tests.dll" id="30c9cfb6-1e60-9299-1d60-73ed769d9f7a">
      <Execution id="f8fe1d19-63a7-499a-a8b6-4a9272bfa73d" />
      <TestMethod codeBase="C:/Users/Tusia/Documents/GitHub/robust/VendingMachine/VendingMachine.Tests/bin/Debug/VendingMachine.Tests.DLL" adapterTypeName="Microsoft.VisualStudio.TestTools.TestTypes.Unit.UnitTestAdapter, Microsoft.VisualStudio.QualityTools.Tips.UnitTest.Adapter, Version=10.0.0.0, Culture=neutral, PublicKeyToken=b03f5f7f11d50a3a" className="VendingMachine.Stock.CoinManagerTest, VendingMachine.Tests, Version=0.0.0.0, Culture=neutral, PublicKeyToken=null" name="EjectCoin502" />
    </UnitTest>
    <UnitTest name="AddCoin494" storage="c:\users\tusia\documents\github\robust\vendingmachine\vendingmachine.tests\bin\debug\vendingmachine.tests.dll" id="da51f33f-ea83-f502-ff09-5a7441acce99">
      <Execution id="a81ba690-9ccf-436d-9745-131a0533fad0" />
      <TestMethod codeBase="C:/Users/Tusia/Documents/GitHub/robust/VendingMachine/VendingMachine.Tests/bin/Debug/VendingMachine.Tests.DLL" adapterTypeName="Microsoft.VisualStudio.TestTools.TestTypes.Unit.UnitTestAdapter, Microsoft.VisualStudio.QualityTools.Tips.UnitTest.Adapter, Version=10.0.0.0, Culture=neutral, PublicKeyToken=b03f5f7f11d50a3a" className="VendingMachine.Stock.CoinManagerTest, VendingMachine.Tests, Version=0.0.0.0, Culture=neutral, PublicKeyToken=null" name="AddCoin494" />
    </UnitTest>
    <UnitTest name="CheckChangeIncorrectInserted" storage="c:\users\tusia\documents\github\robust\vendingmachine\vendingmachine.tests\bin\debug\vendingmachine.tests.dll" id="2d4bfb69-fdb8-a0aa-73d2-e65fc112358b">
      <Execution id="569612be-3a14-44f1-81a3-f60a6697f488" />
      <TestMethod codeBase="C:/Users/Tusia/Documents/GitHub/robust/VendingMachine/VendingMachine.Tests/bin/Debug/VendingMachine.Tests.DLL" adapterTypeName="Microsoft.VisualStudio.TestTools.TestTypes.Unit.UnitTestAdapter, Microsoft.VisualStudio.QualityTools.Tips.UnitTest.Adapter, Version=10.0.0.0, Culture=neutral, PublicKeyToken=b03f5f7f11d50a3a" className="VendingMachine.Stock.CoinManagerTest, VendingMachine.Tests, Version=0.0.0.0, Culture=neutral, PublicKeyToken=null" name="CheckChangeIncorrectInserted" />
    </UnitTest>
    <UnitTest name="EjectCoin257" storage="c:\users\tusia\documents\github\robust\vendingmachine\vendingmachine.tests\bin\debug\vendingmachine.tests.dll" id="4e37d7d6-cf35-f992-0c05-6c0385638b93">
      <Execution id="5a0d39e3-c5a5-4bb9-8eb0-e94efc38a2f0" />
      <TestMethod codeBase="C:/Users/Tusia/Documents/GitHub/robust/VendingMachine/VendingMachine.Tests/bin/Debug/VendingMachine.Tests.DLL" adapterTypeName="Microsoft.VisualStudio.TestTools.TestTypes.Unit.UnitTestAdapter, Microsoft.VisualStudio.QualityTools.Tips.UnitTest.Adapter, Version=10.0.0.0, Culture=neutral, PublicKeyToken=b03f5f7f11d50a3a" className="VendingMachine.Stock.CoinManagerTest, VendingMachine.Tests, Version=0.0.0.0, Culture=neutral, PublicKeyToken=null" name="EjectCoin257" />
    </UnitTest>
    <UnitTest name="ToValue513" storage="c:\users\tusia\documents\github\robust\vendingmachine\vendingmachine.tests\bin\debug\vendingmachine.tests.dll" id="cb63e72a-b73d-fd8f-0241-2a5abe4c325b">
      <Execution id="7b8cde56-1c4e-4752-a57b-63093df062c8" />
      <TestMethod codeBase="C:/Users/Tusia/Documents/GitHub/robust/VendingMachine/VendingMachine.Tests/bin/Debug/VendingMachine.Tests.DLL" adapterTypeName="Microsoft.VisualStudio.TestTools.TestTypes.Unit.UnitTestAdapter, Microsoft.VisualStudio.QualityTools.Tips.UnitTest.Adapter, Version=10.0.0.0, Culture=neutral, PublicKeyToken=b03f5f7f11d50a3a" className="VendingMachine.Data.CoinExtensionsTest, VendingMachine.Tests, Version=0.0.0.0, Culture=neutral, PublicKeyToken=null" name="ToValue513" />
    </UnitTest>
    <UnitTest name="ConstructorTest" storage="c:\users\tusia\documents\github\robust\vendingmachine\vendingmachine.tests\bin\debug\vendingmachine.tests.dll" id="53f981c6-9727-3108-39ac-83eedd228892">
      <Execution id="8f25d9da-5a23-477c-9360-872fc0222c59" />
      <TestMethod codeBase="C:/Users/Tusia/Documents/GitHub/robust/VendingMachine/VendingMachine.Tests/bin/Debug/VendingMachine.Tests.DLL" adapterTypeName="Microsoft.VisualStudio.TestTools.TestTypes.Unit.UnitTestAdapter, Microsoft.VisualStudio.QualityTools.Tips.UnitTest.Adapter, Version=10.0.0.0, Culture=neutral, PublicKeyToken=b03f5f7f11d50a3a" className="VendingMachine.Stock.CoinManagerTest, VendingMachine.Tests, Version=0.0.0.0, Culture=neutral, PublicKeyToken=null" name="ConstructorTest" />
    </UnitTest>
    <UnitTest name="GetChangeInvalidPrice" storage="c:\users\tusia\documents\github\robust\vendingmachine\vendingmachine.tests\bin\debug\vendingmachine.tests.dll" id="7f88cb8b-eee6-0363-ed47-2970a645d244">
      <Execution id="07a5ad8e-8fa5-4077-8e6e-6768c480ad38" />
      <TestMethod codeBase="C:/Users/Tusia/Documents/GitHub/robust/VendingMachine/VendingMachine.Tests/bin/Debug/VendingMachine.Tests.DLL" adapterTypeName="Microsoft.VisualStudio.TestTools.TestTypes.Unit.UnitTestAdapter, Microsoft.VisualStudio.QualityTools.Tips.UnitTest.Adapter, Version=10.0.0.0, Culture=neutral, PublicKeyToken=b03f5f7f11d50a3a" className="VendingMachine.Stock.CoinManagerTest, VendingMachine.Tests, Version=0.0.0.0, Culture=neutral, PublicKeyToken=null" name="GetChangeInvalidPrice" />
    </UnitTest>
    <UnitTest name="CheckChangeCorrect" storage="c:\users\tusia\documents\github\robust\vendingmachine\vendingmachine.tests\bin\debug\vendingmachine.tests.dll" id="4d0ca4a4-c15d-2656-877e-5942f7f24fd2">
      <Execution id="1927eb0d-f3c7-4774-9294-dc5f9502b9c8" />
      <TestMethod codeBase="C:/Users/Tusia/Documents/GitHub/robust/VendingMachine/VendingMachine.Tests/bin/Debug/VendingMachine.Tests.DLL" adapterTypeName="Microsoft.VisualStudio.TestTools.TestTypes.Unit.UnitTestAdapter, Microsoft.VisualStudio.QualityTools.Tips.UnitTest.Adapter, Version=10.0.0.0, Culture=neutral, PublicKeyToken=b03f5f7f11d50a3a" className="VendingMachine.Stock.CoinManagerTest, VendingMachine.Tests, Version=0.0.0.0, Culture=neutral, PublicKeyToken=null" name="CheckChangeCorrect" />
    </UnitTest>
    <UnitTest name="GetChangeCorrect" storage="c:\users\tusia\documents\github\robust\vendingmachine\vendingmachine.tests\bin\debug\vendingmachine.tests.dll" id="935fa1c0-4d7c-f2ee-6900-320ebb1d7581">
      <Execution id="7b3fa9ed-ebb0-4d90-acaf-e29635ab75e9" />
      <TestMethod codeBase="C:/Users/Tusia/Documents/GitHub/robust/VendingMachine/VendingMachine.Tests/bin/Debug/VendingMachine.Tests.DLL" adapterTypeName="Microsoft.VisualStudio.TestTools.TestTypes.Unit.UnitTestAdapter, Microsoft.VisualStudio.QualityTools.Tips.UnitTest.Adapter, Version=10.0.0.0, Culture=neutral, PublicKeyToken=b03f5f7f11d50a3a" className="VendingMachine.Stock.CoinManagerTest, VendingMachine.Tests, Version=0.0.0.0, Culture=neutral, PublicKeyToken=null" name="GetChangeCorrect" />
    </UnitTest>
    <UnitTest name="CheckChangeIncorrectPrice" storage="c:\users\tusia\documents\github\robust\vendingmachine\vendingmachine.tests\bin\debug\vendingmachine.tests.dll" id="b6da7ee9-bda4-31b6-292c-a6a8b4bfa96f">
      <Execution id="9c05f511-cf93-41ab-8f59-d28daba56b3b" />
      <TestMethod codeBase="C:/Users/Tusia/Documents/GitHub/robust/VendingMachine/VendingMachine.Tests/bin/Debug/VendingMachine.Tests.DLL" adapterTypeName="Microsoft.VisualStudio.TestTools.TestTypes.Unit.UnitTestAdapter, Microsoft.VisualStudio.QualityTools.Tips.UnitTest.Adapter, Version=10.0.0.0, Culture=neutral, PublicKeyToken=b03f5f7f11d50a3a" className="VendingMachine.Stock.CoinManagerTest, VendingMachine.Tests, Version=0.0.0.0, Culture=neutral, PublicKeyToken=null" name="CheckChangeIncorrectPrice" />
    </UnitTest>
    <UnitTest name="ToValue66" storage="c:\users\tusia\documents\github\robust\vendingmachine\vendingmachine.tests\bin\debug\vendingmachine.tests.dll" id="088c6cd8-f53a-f171-2e65-b7eb597ed333">
      <Execution id="b6953481-3cd4-4776-95f9-e0dced7eb159" />
      <TestMethod codeBase="C:/Users/Tusia/Documents/GitHub/robust/VendingMachine/VendingMachine.Tests/bin/Debug/VendingMachine.Tests.DLL" adapterTypeName="Microsoft.VisualStudio.TestTools.TestTypes.Unit.UnitTestAdapter, Microsoft.VisualStudio.QualityTools.Tips.UnitTest.Adapter, Version=10.0.0.0, Culture=neutral, PublicKeyToken=b03f5f7f11d50a3a" className="VendingMachine.Data.CoinExtensionsTest, VendingMachine.Tests, Version=0.0.0.0, Culture=neutral, PublicKeyToken=null" name="ToValue66" />
    </UnitTest>
    <UnitTest name="GetChangeInvalidInserted" storage="c:\users\tusia\documents\github\robust\vendingmachine\vendingmachine.tests\bin\debug\vendingmachine.tests.dll" id="6fc79fb8-a117-a0de-f31b-da70692e090f">
      <Execution id="91a3016d-4dc8-4fdc-9aea-f250df511945" />
      <TestMethod codeBase="C:/Users/Tusia/Documents/GitHub/robust/VendingMachine/VendingMachine.Tests/bin/Debug/VendingMachine.Tests.DLL" adapterTypeName="Microsoft.VisualStudio.TestTools.TestTypes.Unit.UnitTestAdapter, Microsoft.VisualStudio.QualityTools.Tips.UnitTest.Adapter, Version=10.0.0.0, Culture=neutral, PublicKeyToken=b03f5f7f11d50a3a" className="VendingMachine.Stock.CoinManagerTest, VendingMachine.Tests, Version=0.0.0.0, Culture=neutral, PublicKeyToken=null" name="GetChangeInvalidInserted" />
    </UnitTest>
    <UnitTest name="AddProductNull" storage="c:\users\tusia\documents\github\robust\vendingmachine\vendingmachine.tests\bin\debug\vendingmachine.tests.dll" id="fe867f9e-7155-1777-4f47-3cc8893537ad">
      <Execution id="a081cacc-22c1-4499-a8fd-7a04b18c70e0" />
      <TestMethod codeBase="C:/Users/Tusia/Documents/GitHub/robust/VendingMachine/VendingMachine.Tests/bin/Debug/VendingMachine.Tests.DLL" adapterTypeName="Microsoft.VisualStudio.TestTools.TestTypes.Unit.UnitTestAdapter, Microsoft.VisualStudio.QualityTools.Tips.UnitTest.Adapter, Version=10.0.0.0, Culture=neutral, PublicKeyToken=b03f5f7f11d50a3a" className="VendingMachine.Stock.StockManagerTest, VendingMachine.Tests, Version=0.0.0.0, Culture=neutral, PublicKeyToken=null" name="AddProductNull" />
    </UnitTest>
    <UnitTest name="AddCoin911" storage="c:\users\tusia\documents\github\robust\vendingmachine\vendingmachine.tests\bin\debug\vendingmachine.tests.dll" id="3d99bcbb-cb4c-3ab5-6940-bd878958e058">
      <Execution id="a7509baa-cb97-4f07-a04d-470b3140276e" />
      <TestMethod codeBase="C:/Users/Tusia/Documents/GitHub/robust/VendingMachine/VendingMachine.Tests/bin/Debug/VendingMachine.Tests.DLL" adapterTypeName="Microsoft.VisualStudio.TestTools.TestTypes.Unit.UnitTestAdapter, Microsoft.VisualStudio.QualityTools.Tips.UnitTest.Adapter, Version=10.0.0.0, Culture=neutral, PublicKeyToken=b03f5f7f11d50a3a" className="VendingMachine.Stock.CoinManagerTest, VendingMachine.Tests, Version=0.0.0.0, Culture=neutral, PublicKeyToken=null" name="AddCoin911" />
    </UnitTest>
    <UnitTest name="AddProductCorrect" storage="c:\users\tusia\documents\github\robust\vendingmachine\vendingmachine.tests\bin\debug\vendingmachine.tests.dll" id="f663eada-a79a-9208-22e2-a903b532a881">
      <Execution id="85c599a9-5b38-4321-b256-8d239723d55a" />
      <TestMethod codeBase="C:/Users/Tusia/Documents/GitHub/robust/VendingMachine/VendingMachine.Tests/bin/Debug/VendingMachine.Tests.DLL" adapterTypeName="Microsoft.VisualStudio.TestTools.TestTypes.Unit.UnitTestAdapter, Microsoft.VisualStudio.QualityTools.Tips.UnitTest.Adapter, Version=10.0.0.0, Culture=neutral, PublicKeyToken=b03f5f7f11d50a3a" className="VendingMachine.Stock.StockManagerTest, VendingMachine.Tests, Version=0.0.0.0, Culture=neutral, PublicKeyToken=null" name="AddProductCorrect" />
    </UnitTest>
    <UnitTest name="ToValue932" storage="c:\users\tusia\documents\github\robust\vendingmachine\vendingmachine.tests\bin\debug\vendingmachine.tests.dll" id="54049617-1cc9-58d2-6255-301b7d1b471e">
      <Execution id="c18edfe2-f8b2-475b-aa5c-76d150c3b927" />
      <TestMethod codeBase="C:/Users/Tusia/Documents/GitHub/robust/VendingMachine/VendingMachine.Tests/bin/Debug/VendingMachine.Tests.DLL" adapterTypeName="Microsoft.VisualStudio.TestTools.TestTypes.Unit.UnitTestAdapter, Microsoft.VisualStudio.QualityTools.Tips.UnitTest.Adapter, Version=10.0.0.0, Culture=neutral, PublicKeyToken=b03f5f7f11d50a3a" className="VendingMachine.Data.CoinExtensionsTest, VendingMachine.Tests, Version=0.0.0.0, Culture=neutral, PublicKeyToken=null" name="ToValue932" />
    </UnitTest>
  </TestDefinitions>
  <TestLists>
    <TestList name="Results Not in a List" id="8c84fa94-04c1-424b-9868-57a2d4851a1d" />
    <TestList name="All Loaded Results" id="19431567-8539-422a-85d7-44ee4e166bda" />
  </TestLists>
  <TestEntries>
    <TestEntry testId="935fa1c0-4d7c-f2ee-6900-320ebb1d7581" executionId="7b3fa9ed-ebb0-4d90-acaf-e29635ab75e9" testListId="8c84fa94-04c1-424b-9868-57a2d4851a1d" />
    <TestEntry testId="24f0352f-d792-ba2d-85c4-0ecb496e8074" executionId="e90f2109-0e82-49eb-9827-fdaefd3ffe4f" testListId="8c84fa94-04c1-424b-9868-57a2d4851a1d" />
    <TestEntry testId="9ce0e3ea-570b-54f6-4480-66ae16f40c23" executionId="74339b42-235a-4054-90a9-a2ddb28c6f81" testListId="8c84fa94-04c1-424b-9868-57a2d4851a1d" />
    <TestEntry testId="404dc43c-589e-c0d4-e4fb-83e23d94a714" executionId="3499d5c8-8bc6-469f-8f01-0940898bf5ae" testListId="8c84fa94-04c1-424b-9868-57a2d4851a1d" />
    <TestEntry testId="8700dc92-37b9-97d8-2d04-3577c03a9f57" executionId="601049cf-751f-4441-93c9-1e58f17c0b9d" testListId="8c84fa94-04c1-424b-9868-57a2d4851a1d" />
    <TestEntry testId="7f88cb8b-eee6-0363-ed47-2970a645d244" executionId="07a5ad8e-8fa5-4077-8e6e-6768c480ad38" testListId="8c84fa94-04c1-424b-9868-57a2d4851a1d" />
    <TestEntry testId="6fc79fb8-a117-a0de-f31b-da70692e090f" executionId="91a3016d-4dc8-4fdc-9aea-f250df511945" testListId="8c84fa94-04c1-424b-9868-57a2d4851a1d" />
    <TestEntry testId="53f981c6-9727-3108-39ac-83eedd228892" executionId="8f25d9da-5a23-477c-9360-872fc0222c59" testListId="8c84fa94-04c1-424b-9868-57a2d4851a1d" />
    <TestEntry testId="0c8fb27b-46a7-3502-f11f-b98500b102d8" executionId="d906556c-da12-4cfb-9476-beea968dc680" testListId="8c84fa94-04c1-424b-9868-57a2d4851a1d" />
    <TestEntry testId="4d0ca4a4-c15d-2656-877e-5942f7f24fd2" executionId="1927eb0d-f3c7-4774-9294-dc5f9502b9c8" testListId="8c84fa94-04c1-424b-9868-57a2d4851a1d" />
    <TestEntry testId="6d3e4499-9d6f-49ac-6aef-7b79018d1aa8" executionId="8daa56d5-de5b-4b63-8f86-3a99470f3358" testListId="8c84fa94-04c1-424b-9868-57a2d4851a1d" />
    <TestEntry testId="a068d388-d049-dbf1-7f43-3b8ae6b9a8ec" executionId="1325ec29-681c-4461-a4a4-1b7566991e79" testListId="8c84fa94-04c1-424b-9868-57a2d4851a1d" />
    <TestEntry testId="2d4bfb69-fdb8-a0aa-73d2-e65fc112358b" executionId="569612be-3a14-44f1-81a3-f60a6697f488" testListId="8c84fa94-04c1-424b-9868-57a2d4851a1d" />
    <TestEntry testId="b6da7ee9-bda4-31b6-292c-a6a8b4bfa96f" executionId="9c05f511-cf93-41ab-8f59-d28daba56b3b" testListId="8c84fa94-04c1-424b-9868-57a2d4851a1d" />
    <TestEntry testId="5265aad5-dd33-667e-7260-26ac5508221a" executionId="54ffc514-d6bd-497d-990a-8019086e08f0" testListId="8c84fa94-04c1-424b-9868-57a2d4851a1d" />
    <TestEntry testId="891b0eca-5777-6ba9-9abe-919f58267acc" executionId="b9230a74-a7b6-498c-bdb9-e7b16217ce29" testListId="8c84fa94-04c1-424b-9868-57a2d4851a1d" />
    <TestEntry testId="3d99bcbb-cb4c-3ab5-6940-bd878958e058" executionId="a7509baa-cb97-4f07-a04d-470b3140276e" testListId="8c84fa94-04c1-424b-9868-57a2d4851a1d" />
    <TestEntry testId="947c0953-7c1e-02b4-1011-fdb51c529281" executionId="bbc89281-1e65-4540-bd9e-3ac9c9d603be" testListId="8c84fa94-04c1-424b-9868-57a2d4851a1d" />
    <TestEntry testId="da51f33f-ea83-f502-ff09-5a7441acce99" executionId="a81ba690-9ccf-436d-9745-131a0533fad0" testListId="8c84fa94-04c1-424b-9868-57a2d4851a1d" />
    <TestEntry testId="9f90a1ba-c149-0d89-6a79-5d82a4b7d1e9" executionId="f520c4df-f3b2-4485-a159-c461e0a59270" testListId="8c84fa94-04c1-424b-9868-57a2d4851a1d" />
    <TestEntry testId="30c9cfb6-1e60-9299-1d60-73ed769d9f7a" executionId="f8fe1d19-63a7-499a-a8b6-4a9272bfa73d" testListId="8c84fa94-04c1-424b-9868-57a2d4851a1d" />
    <TestEntry testId="4e37d7d6-cf35-f992-0c05-6c0385638b93" executionId="5a0d39e3-c5a5-4bb9-8eb0-e94efc38a2f0" testListId="8c84fa94-04c1-424b-9868-57a2d4851a1d" />
    <TestEntry testId="d5a36cc4-16a7-0c24-c41b-6d6de69a256e" executionId="07d9b742-c485-45a7-b745-8c446b13f708" testListId="8c84fa94-04c1-424b-9868-57a2d4851a1d" />
    <TestEntry testId="ace49edf-99b2-109f-ac51-dfcee8b9cd8c" executionId="7ae34b09-4a24-412f-bd9a-d4a2a890a524" testListId="8c84fa94-04c1-424b-9868-57a2d4851a1d" />
    <TestEntry testId="29afddcd-a882-5ec0-ef27-736173ee2cfa" executionId="417187dd-7981-4b58-8e20-18ed32c2065c" testListId="8c84fa94-04c1-424b-9868-57a2d4851a1d" />
    <TestEntry testId="cb63e72a-b73d-fd8f-0241-2a5abe4c325b" executionId="7b8cde56-1c4e-4752-a57b-63093df062c8" testListId="8c84fa94-04c1-424b-9868-57a2d4851a1d" />
    <TestEntry testId="55d8445b-1833-2470-93d4-70d9e8c158e2" executionId="a2348431-d77e-4da1-af94-781c382cce60" testListId="8c84fa94-04c1-424b-9868-57a2d4851a1d" />
    <TestEntry testId="8dfb708c-bcdc-5477-ef07-b275041ca24b" executionId="71af5c81-6717-432d-9be2-3fd1682bc695" testListId="8c84fa94-04c1-424b-9868-57a2d4851a1d" />
    <TestEntry testId="54049617-1cc9-58d2-6255-301b7d1b471e" executionId="c18edfe2-f8b2-475b-aa5c-76d150c3b927" testListId="8c84fa94-04c1-424b-9868-57a2d4851a1d" />
    <TestEntry testId="fd0594a0-e09f-0a9f-2b91-7b43f72abdef" executionId="73b681a2-7d29-4962-8bba-782529564111" testListId="8c84fa94-04c1-424b-9868-57a2d4851a1d" />
    <TestEntry testId="088c6cd8-f53a-f171-2e65-b7eb597ed333" executionId="b6953481-3cd4-4776-95f9-e0dced7eb159" testListId="8c84fa94-04c1-424b-9868-57a2d4851a1d" />
    <TestEntry testId="3c39e665-fbbd-a325-5731-748af5e9cf8e" executionId="0e19007d-479a-4f0a-9b21-eed7fc514538" testListId="8c84fa94-04c1-424b-9868-57a2d4851a1d" />
    <TestEntry testId="30212e84-72a6-dcb3-2391-f34d4ae79066" executionId="29d66ef3-f890-40af-8f1d-2b63d37156fd" testListId="8c84fa94-04c1-424b-9868-57a2d4851a1d" />
    <TestEntry testId="f663eada-a79a-9208-22e2-a903b532a881" executionId="85c599a9-5b38-4321-b256-8d239723d55a" testListId="8c84fa94-04c1-424b-9868-57a2d4851a1d" />
    <TestEntry testId="c2dd427d-8b83-9eff-6966-88846ec7045e" executionId="beaa03c1-fab1-4168-9d89-c9f6adccf3c7" testListId="8c84fa94-04c1-424b-9868-57a2d4851a1d" />
    <TestEntry testId="76c71063-edc7-4420-4a6d-cd188aff0645" executionId="1c847ddc-0266-4ba2-a6e1-c9506969ab20" testListId="8c84fa94-04c1-424b-9868-57a2d4851a1d" />
    <TestEntry testId="fe867f9e-7155-1777-4f47-3cc8893537ad" executionId="a081cacc-22c1-4499-a8fd-7a04b18c70e0" testListId="8c84fa94-04c1-424b-9868-57a2d4851a1d" />
    <TestEntry testId="ccfb871b-c825-c6e7-eb79-8e1bd0877aee" executionId="ebac1dcf-8f03-41c1-b070-1e8cdd9fb6bc" testListId="8c84fa94-04c1-424b-9868-57a2d4851a1d" />
  </TestEntries>
  <Results>
    <UnitTestResult executionId="7b3fa9ed-ebb0-4d90-acaf-e29635ab75e9" testId="935fa1c0-4d7c-f2ee-6900-320ebb1d7581" testName="GetChangeCorrect" computerName="TUNIA" duration="00:00:00.2591759" startTime="2013-04-26T22:16:51.0667294+02:00" endTime="2013-04-26T22:16:51.8047716+02:00" testType="13cdc9d9-ddb5-4fa4-a97d-d965ccfc6d4b" outcome="Passed" testListId="8c84fa94-04c1-424b-9868-57a2d4851a1d" relativeResultsDirectory="7b3fa9ed-ebb0-4d90-acaf-e29635ab75e9">
    </UnitTestResult>
    <UnitTestResult executionId="e90f2109-0e82-49eb-9827-fdaefd3ffe4f" testId="24f0352f-d792-ba2d-85c4-0ecb496e8074" testName="GetChangeNoChange" computerName="TUNIA" duration="00:00:00.0142964" startTime="2013-04-26T22:16:51.8127721+02:00" endTime="2013-04-26T22:16:51.8447739+02:00" testType="13cdc9d9-ddb5-4fa4-a97d-d965ccfc6d4b" outcome="Passed" testListId="8c84fa94-04c1-424b-9868-57a2d4851a1d" relativeResultsDirectory="e90f2109-0e82-49eb-9827-fdaefd3ffe4f">
    </UnitTestResult>
    <UnitTestResult executionId="74339b42-235a-4054-90a9-a2ddb28c6f81" testId="9ce0e3ea-570b-54f6-4480-66ae16f40c23" testName="GetChangeNotEnoughSmallCoins" computerName="TUNIA" duration="00:00:00.0091812" startTime="2013-04-26T22:16:51.8517743+02:00" endTime="2013-04-26T22:16:51.8677752+02:00" testType="13cdc9d9-ddb5-4fa4-a97d-d965ccfc6d4b" outcome="Passed" testListId="8c84fa94-04c1-424b-9868-57a2d4851a1d" relativeResultsDirectory="74339b42-235a-4054-90a9-a2ddb28c6f81">
    </UnitTestResult>
    <UnitTestResult executionId="3499d5c8-8bc6-469f-8f01-0940898bf5ae" testId="404dc43c-589e-c0d4-e4fb-83e23d94a714" testName="GetChangeNotEnoughMoney" computerName="TUNIA" duration="00:00:00.0014038" startTime="2013-04-26T22:16:51.8727755+02:00" endTime="2013-04-26T22:16:51.8827761+02:00" testType="13cdc9d9-ddb5-4fa4-a97d-d965ccfc6d4b" outcome="Passed" testListId="8c84fa94-04c1-424b-9868-57a2d4851a1d" relativeResultsDirectory="3499d5c8-8bc6-469f-8f01-0940898bf5ae">
    </UnitTestResult>
    <UnitTestResult executionId="601049cf-751f-4441-93c9-1e58f17c0b9d" testId="8700dc92-37b9-97d8-2d04-3577c03a9f57" testName="GetChangeCaseNull" computerName="TUNIA" duration="00:00:00.0006775" startTime="2013-04-26T22:16:51.8867763+02:00" endTime="2013-04-26T22:16:51.8937767+02:00" testType="13cdc9d9-ddb5-4fa4-a97d-d965ccfc6d4b" outcome="Passed" testListId="8c84fa94-04c1-424b-9868-57a2d4851a1d" relativeResultsDirectory="601049cf-751f-4441-93c9-1e58f17c0b9d">
    </UnitTestResult>
    <UnitTestResult executionId="07a5ad8e-8fa5-4077-8e6e-6768c480ad38" testId="7f88cb8b-eee6-0363-ed47-2970a645d244" testName="GetChangeInvalidPrice" computerName="TUNIA" duration="00:00:00.0005355" startTime="2013-04-26T22:16:51.8977769+02:00" endTime="2013-04-26T22:16:51.9087776+02:00" testType="13cdc9d9-ddb5-4fa4-a97d-d965ccfc6d4b" outcome="Passed" testListId="8c84fa94-04c1-424b-9868-57a2d4851a1d" relativeResultsDirectory="07a5ad8e-8fa5-4077-8e6e-6768c480ad38">
    </UnitTestResult>
    <UnitTestResult executionId="91a3016d-4dc8-4fdc-9aea-f250df511945" testId="6fc79fb8-a117-a0de-f31b-da70692e090f" testName="GetChangeInvalidInserted" computerName="TUNIA" duration="00:00:00.0005025" startTime="2013-04-26T22:16:51.9127778+02:00" endTime="2013-04-26T22:16:51.9207782+02:00" testType="13cdc9d9-ddb5-4fa4-a97d-d965ccfc6d4b" outcome="Passed" testListId="8c84fa94-04c1-424b-9868-57a2d4851a1d" relativeResultsDirectory="91a3016d-4dc8-4fdc-9aea-f250df511945">
    </UnitTestResult>
    <UnitTestResult executionId="8f25d9da-5a23-477c-9360-872fc0222c59" testId="53f981c6-9727-3108-39ac-83eedd228892" testName="ConstructorTest" computerName="TUNIA" duration="00:00:00.0004298" startTime="2013-04-26T22:16:51.9247785+02:00" endTime="2013-04-26T22:16:51.9337790+02:00" testType="13cdc9d9-ddb5-4fa4-a97d-d965ccfc6d4b" outcome="Passed" testListId="8c84fa94-04c1-424b-9868-57a2d4851a1d" relativeResultsDirectory="8f25d9da-5a23-477c-9360-872fc0222c59">
    </UnitTestResult>
    <UnitTestResult executionId="d906556c-da12-4cfb-9476-beea968dc680" testId="0c8fb27b-46a7-3502-f11f-b98500b102d8" testName="CheckChangeExactAmountOfMoney" computerName="TUNIA" duration="00:00:00.0020107" startTime="2013-04-26T22:16:51.9397793+02:00" endTime="2013-04-26T22:16:51.9497799+02:00" testType="13cdc9d9-ddb5-4fa4-a97d-d965ccfc6d4b" outcome="Passed" testListId="8c84fa94-04c1-424b-9868-57a2d4851a1d" relativeResultsDirectory="d906556c-da12-4cfb-9476-beea968dc680">
    </UnitTestResult>
    <UnitTestResult executionId="1927eb0d-f3c7-4774-9294-dc5f9502b9c8" testId="4d0ca4a4-c15d-2656-877e-5942f7f24fd2" testName="CheckChangeCorrect" computerName="TUNIA" duration="00:00:00.0008400" startTime="2013-04-26T22:16:51.9527801+02:00" endTime="2013-04-26T22:16:51.9657808+02:00" testType="13cdc9d9-ddb5-4fa4-a97d-d965ccfc6d4b" outcome="Passed" testListId="8c84fa94-04c1-424b-9868-57a2d4851a1d" relativeResultsDirectory="1927eb0d-f3c7-4774-9294-dc5f9502b9c8">
    </UnitTestResult>
    <UnitTestResult executionId="8daa56d5-de5b-4b63-8f86-3a99470f3358" testId="6d3e4499-9d6f-49ac-6aef-7b79018d1aa8" testName="CheckChangeNotEnoughSmallCoins" computerName="TUNIA" duration="00:00:00.0003930" startTime="2013-04-26T22:16:51.9687810+02:00" endTime="2013-04-26T22:16:51.9747813+02:00" testType="13cdc9d9-ddb5-4fa4-a97d-d965ccfc6d4b" outcome="Passed" testListId="8c84fa94-04c1-424b-9868-57a2d4851a1d" relativeResultsDirectory="8daa56d5-de5b-4b63-8f86-3a99470f3358">
    </UnitTestResult>
    <UnitTestResult executionId="1325ec29-681c-4461-a4a4-1b7566991e79" testId="a068d388-d049-dbf1-7f43-3b8ae6b9a8ec" testName="CheckChangeNotEnoughMoney" computerName="TUNIA" duration="00:00:00.0006039" startTime="2013-04-26T22:16:51.9807817+02:00" endTime="2013-04-26T22:16:51.9927824+02:00" testType="13cdc9d9-ddb5-4fa4-a97d-d965ccfc6d4b" outcome="Passed" testListId="8c84fa94-04c1-424b-9868-57a2d4851a1d" relativeResultsDirectory="1325ec29-681c-4461-a4a4-1b7566991e79">
    </UnitTestResult>
    <UnitTestResult executionId="569612be-3a14-44f1-81a3-f60a6697f488" testId="2d4bfb69-fdb8-a0aa-73d2-e65fc112358b" testName="CheckChangeIncorrectInserted" computerName="TUNIA" duration="00:00:00.0005047" startTime="2013-04-26T22:16:51.9957825+02:00" endTime="2013-04-26T22:16:52.0037830+02:00" testType="13cdc9d9-ddb5-4fa4-a97d-d965ccfc6d4b" outcome="Passed" testListId="8c84fa94-04c1-424b-9868-57a2d4851a1d" relativeResultsDirectory="569612be-3a14-44f1-81a3-f60a6697f488">
    </UnitTestResult>
    <UnitTestResult executionId="9c05f511-cf93-41ab-8f59-d28daba56b3b" testId="b6da7ee9-bda4-31b6-292c-a6a8b4bfa96f" testName="CheckChangeIncorrectPrice" computerName="TUNIA" duration="00:00:00.0004653" startTime="2013-04-26T22:16:52.0097833+02:00" endTime="2013-04-26T22:16:52.0157837+02:00" testType="13cdc9d9-ddb5-4fa4-a97d-d965ccfc6d4b" outcome="Passed" testListId="8c84fa94-04c1-424b-9868-57a2d4851a1d" relativeResultsDirectory="9c05f511-cf93-41ab-8f59-d28daba56b3b">
    </UnitTestResult>
    <UnitTestResult executionId="54ffc514-d6bd-497d-990a-8019086e08f0" testId="5265aad5-dd33-667e-7260-26ac5508221a" testName="CheckChange0Inserted" computerName="TUNIA" duration="00:00:00.0003302" startTime="2013-04-26T22:16:52.0227841+02:00" endTime="2013-04-26T22:16:52.0297845+02:00" testType="13cdc9d9-ddb5-4fa4-a97d-d965ccfc6d4b" outcome="Passed" testListId="8c84fa94-04c1-424b-9868-57a2d4851a1d" relativeResultsDirectory="54ffc514-d6bd-497d-990a-8019086e08f0">
    </UnitTestResult>
    <UnitTestResult executionId="b9230a74-a7b6-498c-bdb9-e7b16217ce29" testId="891b0eca-5777-6ba9-9abe-919f58267acc" testName="AddCoinThrowsContractException830" computerName="TUNIA" duration="00:00:00.1007883" startTime="2013-04-26T22:16:52.0337847+02:00" endTime="2013-04-26T22:16:52.1507914+02:00" testType="13cdc9d9-ddb5-4fa4-a97d-d965ccfc6d4b" outcome="Passed" testListId="8c84fa94-04c1-424b-9868-57a2d4851a1d" relativeResultsDirectory="b9230a74-a7b6-498c-bdb9-e7b16217ce29">
    </UnitTestResult>
    <UnitTestResult executionId="a7509baa-cb97-4f07-a04d-470b3140276e" testId="3d99bcbb-cb4c-3ab5-6940-bd878958e058" testName="AddCoin911" computerName="TUNIA" duration="00:00:00.0033961" startTime="2013-04-26T22:16:52.1547916+02:00" endTime="2013-04-26T22:16:52.1657923+02:00" testType="13cdc9d9-ddb5-4fa4-a97d-d965ccfc6d4b" outcome="Passed" testListId="8c84fa94-04c1-424b-9868-57a2d4851a1d" relativeResultsDirectory="a7509baa-cb97-4f07-a04d-470b3140276e">
    </UnitTestResult>
    <UnitTestResult executionId="bbc89281-1e65-4540-bd9e-3ac9c9d603be" testId="947c0953-7c1e-02b4-1011-fdb51c529281" testName="AddCoin761" computerName="TUNIA" duration="00:00:00.0021557" startTime="2013-04-26T22:16:52.1687924+02:00" endTime="2013-04-26T22:16:52.1797931+02:00" testType="13cdc9d9-ddb5-4fa4-a97d-d965ccfc6d4b" outcome="Passed" testListId="8c84fa94-04c1-424b-9868-57a2d4851a1d" relativeResultsDirectory="bbc89281-1e65-4540-bd9e-3ac9c9d603be">
    </UnitTestResult>
    <UnitTestResult executionId="a81ba690-9ccf-436d-9745-131a0533fad0" testId="da51f33f-ea83-f502-ff09-5a7441acce99" testName="AddCoin494" computerName="TUNIA" duration="00:00:00.0028469" startTime="2013-04-26T22:16:52.1847933+02:00" endTime="2013-04-26T22:16:52.1957940+02:00" testType="13cdc9d9-ddb5-4fa4-a97d-d965ccfc6d4b" outcome="Passed" testListId="8c84fa94-04c1-424b-9868-57a2d4851a1d" relativeResultsDirectory="a81ba690-9ccf-436d-9745-131a0533fad0">
    </UnitTestResult>
    <UnitTestResult executionId="f520c4df-f3b2-4485-a159-c461e0a59270" testId="9f90a1ba-c149-0d89-6a79-5d82a4b7d1e9" testName="EjectCoinThrowsContractException868" computerName="TUNIA" duration="00:00:00.0021129" startTime="2013-04-26T22:16:52.1987941+02:00" endTime="2013-04-26T22:16:52.2077947+02:00" testType="13cdc9d9-ddb5-4fa4-a97d-d965ccfc6d4b" outcome="Passed" testListId="8c84fa94-04c1-424b-9868-57a2d4851a1d" relativeResultsDirectory="f520c4df-f3b2-4485-a159-c461e0a59270">
    </UnitTestResult>
    <UnitTestResult executionId="f8fe1d19-63a7-499a-a8b6-4a9272bfa73d" testId="30c9cfb6-1e60-9299-1d60-73ed769d9f7a" testName="EjectCoin502" computerName="TUNIA" duration="00:00:00.1042208" startTime="2013-04-26T22:16:52.2147951+02:00" endTime="2013-04-26T22:16:52.3248013+02:00" testType="13cdc9d9-ddb5-4fa4-a97d-d965ccfc6d4b" outcome="Passed" testListId="8c84fa94-04c1-424b-9868-57a2d4851a1d" relativeResultsDirectory="f8fe1d19-63a7-499a-a8b6-4a9272bfa73d">
    </UnitTestResult>
    <UnitTestResult executionId="5a0d39e3-c5a5-4bb9-8eb0-e94efc38a2f0" testId="4e37d7d6-cf35-f992-0c05-6c0385638b93" testName="EjectCoin257" computerName="TUNIA" duration="00:00:00.0152759" startTime="2013-04-26T22:16:52.3288016+02:00" endTime="2013-04-26T22:16:52.3738042+02:00" testType="13cdc9d9-ddb5-4fa4-a97d-d965ccfc6d4b" outcome="Passed" testListId="8c84fa94-04c1-424b-9868-57a2d4851a1d" relativeResultsDirectory="5a0d39e3-c5a5-4bb9-8eb0-e94efc38a2f0">
    </UnitTestResult>
    <UnitTestResult executionId="07d9b742-c485-45a7-b745-8c446b13f708" testId="d5a36cc4-16a7-0c24-c41b-6d6de69a256e" testName="EjectCoinNotEnoughCoins" computerName="TUNIA" duration="00:00:00.0007498" startTime="2013-04-26T22:16:52.3858048+02:00" endTime="2013-04-26T22:16:52.3978055+02:00" testType="13cdc9d9-ddb5-4fa4-a97d-d965ccfc6d4b" outcome="Passed" testListId="8c84fa94-04c1-424b-9868-57a2d4851a1d" relativeResultsDirectory="07d9b742-c485-45a7-b745-8c446b13f708">
    </UnitTestResult>
    <UnitTestResult executionId="7ae34b09-4a24-412f-bd9a-d4a2a890a524" testId="ace49edf-99b2-109f-ac51-dfcee8b9cd8c" testName="EjectCoinCaseNotEmpty" computerName="TUNIA" duration="00:00:00.0030103" startTime="2013-04-26T22:16:52.4018058+02:00" endTime="2013-04-26T22:16:52.4108063+02:00" testType="13cdc9d9-ddb5-4fa4-a97d-d965ccfc6d4b" outcome="Passed" testListId="8c84fa94-04c1-424b-9868-57a2d4851a1d" relativeResultsDirectory="7ae34b09-4a24-412f-bd9a-d4a2a890a524">
    </UnitTestResult>
    <UnitTestResult executionId="417187dd-7981-4b58-8e20-18ed32c2065c" testId="29afddcd-a882-5ec0-ef27-736173ee2cfa" testName="ToValue832" computerName="TUNIA" duration="00:00:00.0004717" startTime="2013-04-26T22:16:52.4148065+02:00" endTime="2013-04-26T22:16:52.4238070+02:00" testType="13cdc9d9-ddb5-4fa4-a97d-d965ccfc6d4b" outcome="Passed" testListId="8c84fa94-04c1-424b-9868-57a2d4851a1d" relativeResultsDirectory="417187dd-7981-4b58-8e20-18ed32c2065c">
    </UnitTestResult>
    <UnitTestResult executionId="7b8cde56-1c4e-4752-a57b-63093df062c8" testId="cb63e72a-b73d-fd8f-0241-2a5abe4c325b" testName="ToValue513" computerName="TUNIA" duration="00:00:00.0002266" startTime="2013-04-26T22:16:52.4298074+02:00" endTime="2013-04-26T22:16:52.4378078+02:00" testType="13cdc9d9-ddb5-4fa4-a97d-d965ccfc6d4b" outcome="Passed" testListId="8c84fa94-04c1-424b-9868-57a2d4851a1d" relativeResultsDirectory="7b8cde56-1c4e-4752-a57b-63093df062c8">
    </UnitTestResult>
    <UnitTestResult executionId="a2348431-d77e-4da1-af94-781c382cce60" testId="55d8445b-1833-2470-93d4-70d9e8c158e2" testName="ToValueThrowsContractException646" computerName="TUNIA" duration="00:00:00.1662295" startTime="2013-04-26T22:16:52.4418080+02:00" endTime="2013-04-26T22:16:52.6178181+02:00" testType="13cdc9d9-ddb5-4fa4-a97d-d965ccfc6d4b" outcome="Passed" testListId="8c84fa94-04c1-424b-9868-57a2d4851a1d" relativeResultsDirectory="a2348431-d77e-4da1-af94-781c382cce60">
    </UnitTestResult>
    <UnitTestResult executionId="71af5c81-6717-432d-9be2-3fd1682bc695" testId="8dfb708c-bcdc-5477-ef07-b275041ca24b" testName="ToValue1" computerName="TUNIA" duration="00:00:00.0002301" startTime="2013-04-26T22:16:52.6208183+02:00" endTime="2013-04-26T22:16:52.6328190+02:00" testType="13cdc9d9-ddb5-4fa4-a97d-d965ccfc6d4b" outcome="Passed" testListId="8c84fa94-04c1-424b-9868-57a2d4851a1d" relativeResultsDirectory="71af5c81-6717-432d-9be2-3fd1682bc695">
    </UnitTestResult>
    <UnitTestResult executionId="c18edfe2-f8b2-475b-aa5c-76d150c3b927" testId="54049617-1cc9-58d2-6255-301b7d1b471e" testName="ToValue932" computerName="TUNIA" duration="00:00:00.0002536" startTime="2013-04-26T22:16:52.6378193+02:00" endTime="2013-04-26T22:16:52.6608206+02:00" testType="13cdc9d9-ddb5-4fa4-a97d-d965ccfc6d4b" outcome="Passed" testListId="8c84fa94-04c1-424b-9868-57a2d4851a1d" relativeResultsDirectory="c18edfe2-f8b2-475b-aa5c-76d150c3b927">
    </UnitTestResult>
    <UnitTestResult executionId="73b681a2-7d29-4962-8bba-782529564111" testId="fd0594a0-e09f-0a9f-2b91-7b43f72abdef" testName="ToValue347" computerName="TUNIA" duration="00:00:00.0003233" startTime="2013-04-26T22:16:52.6688210+02:00" endTime="2013-04-26T22:16:52.6858220+02:00" testType="13cdc9d9-ddb5-4fa4-a97d-d965ccfc6d4b" outcome="Passed" testListId="8c84fa94-04c1-424b-9868-57a2d4851a1d" relativeResultsDirectory="73b681a2-7d29-4962-8bba-782529564111">
    </UnitTestResult>
    <UnitTestResult executionId="b6953481-3cd4-4776-95f9-e0dced7eb159" testId="088c6cd8-f53a-f171-2e65-b7eb597ed333" testName="ToValue66" computerName="TUNIA" duration="00:00:00.0002224" startTime="2013-04-26T22:16:52.6888222+02:00" endTime="2013-04-26T22:16:52.7018229+02:00" testType="13cdc9d9-ddb5-4fa4-a97d-d965ccfc6d4b" outcome="Passed" testListId="8c84fa94-04c1-424b-9868-57a2d4851a1d" relativeResultsDirectory="b6953481-3cd4-4776-95f9-e0dced7eb159">
    </UnitTestResult>
    <UnitTestResult executionId="0e19007d-479a-4f0a-9b21-eed7fc514538" testId="3c39e665-fbbd-a325-5731-748af5e9cf8e" testName="TestMethod1" computerName="TUNIA" testType="13cdc9d9-ddb5-4fa4-a97d-d965ccfc6d4b" outcome="NotRunnable" testListId="8c84fa94-04c1-424b-9868-57a2d4851a1d" relativeResultsDirectory="0e19007d-479a-4f0a-9b21-eed7fc514538">
      <Output>
        <ErrorInfo>
          <Message>UTA004: Illegal use of attribute on VendingMachine.Tests.Stock.StockManagerTest.TestMethod1. The TestMethodAttribute can be defined only inside a class marked with the TestClass attribute.</Message>
        </ErrorInfo>
      </Output>
    </UnitTestResult>
    <UnitTestResult executionId="29d66ef3-f890-40af-8f1d-2b63d37156fd" testId="30212e84-72a6-dcb3-2391-f34d4ae79066" testName="TestMethod2" computerName="TUNIA" duration="00:00:00.0038593" startTime="2013-04-26T22:16:52.7058231+02:00" endTime="2013-04-26T22:16:52.7438253+02:00" testType="13cdc9d9-ddb5-4fa4-a97d-d965ccfc6d4b" outcome="Passed" testListId="8c84fa94-04c1-424b-9868-57a2d4851a1d" relativeResultsDirectory="29d66ef3-f890-40af-8f1d-2b63d37156fd">
    </UnitTestResult>
    <UnitTestResult executionId="85c599a9-5b38-4321-b256-8d239723d55a" testId="f663eada-a79a-9208-22e2-a903b532a881" testName="AddProductCorrect" computerName="TUNIA" duration="00:00:00.0149350" startTime="2013-04-26T22:16:52.7548259+02:00" endTime="2013-04-26T22:16:52.7918281+02:00" testType="13cdc9d9-ddb5-4fa4-a97d-d965ccfc6d4b" outcome="Passed" testListId="8c84fa94-04c1-424b-9868-57a2d4851a1d" relativeResultsDirectory="85c599a9-5b38-4321-b256-8d239723d55a">
    </UnitTestResult>
    <UnitTestResult executionId="beaa03c1-fab1-4168-9d89-c9f6adccf3c7" testId="c2dd427d-8b83-9eff-6966-88846ec7045e" testName="AddProductIncorrectAmountParameter" computerName="TUNIA" duration="00:00:00.0005171" startTime="2013-04-26T22:16:52.8028287+02:00" endTime="2013-04-26T22:16:52.8148294+02:00" testType="13cdc9d9-ddb5-4fa4-a97d-d965ccfc6d4b" outcome="Passed" testListId="8c84fa94-04c1-424b-9868-57a2d4851a1d" relativeResultsDirectory="beaa03c1-fab1-4168-9d89-c9f6adccf3c7">
    </UnitTestResult>
    <UnitTestResult executionId="1c847ddc-0266-4ba2-a6e1-c9506969ab20" testId="76c71063-edc7-4420-4a6d-cd188aff0645" testName="AddProductNonExististantProduct" computerName="TUNIA" duration="00:00:00.0257095" startTime="2013-04-26T22:16:52.8178295+02:00" endTime="2013-04-26T22:16:52.8608320+02:00" testType="13cdc9d9-ddb5-4fa4-a97d-d965ccfc6d4b" outcome="Failed" testListId="8c84fa94-04c1-424b-9868-57a2d4851a1d" relativeResultsDirectory="1c847ddc-0266-4ba2-a6e1-c9506969ab20">
      <Output>
        <ErrorInfo>
          <Message>Test method VendingMachine.Stock.StockManagerTest.AddProductNonExististantProduct threw exception: 
System.Diagnostics.Contracts.__ContractsRuntime+ContractException: Postcondition failed: (int)Stock.Where(p =&gt; (string)p.Element("Name") == product.Name).Select(c =&gt; (int)c.Element("Ammount")).Single() &gt; product.Ammount</Message>
          <StackTrace>    at System.Diagnostics.Contracts.__ContractsRuntime.TriggerFailure(ContractFailureKind kind, String msg, String userMessage, String conditionTxt, Exception inner) in C:\Users\Tusia\Documents\GitHub\robust\VendingMachine\VendingMachine\Machine\VendingMachine.cs:line 0
   at System.Diagnostics.Contracts.__ContractsRuntime.ReportFailure(ContractFailureKind kind, String msg, String conditionTxt, Exception inner) in C:\Users\Tusia\Documents\GitHub\robust\VendingMachine\VendingMachine\Machine\VendingMachine.cs:line 0
   at System.Diagnostics.Contracts.__ContractsRuntime.Ensures(Boolean condition, String msg, String conditionTxt) in C:\Users\Tusia\Documents\GitHub\robust\VendingMachine\VendingMachine\Machine\VendingMachine.cs:line 0
   at VendingMachine.Stock.StockManager.AddProduct(Product product) in C:\Users\Tusia\Documents\GitHub\robust\VendingMachine\VendingMachine\Stock\StockManager.cs:line 84
   at VendingMachine.Stock.StockManagerTest.AddProductNonExististantProduct() in C:\Users\Tusia\Documents\GitHub\robust\VendingMachine\VendingMachine.Tests\Stock\StockManagerTest.AddProduct.cs:line 111
</StackTrace>
        </ErrorInfo>
      </Output>
    </UnitTestResult>
    <UnitTestResult executionId="a081cacc-22c1-4499-a8fd-7a04b18c70e0" testId="fe867f9e-7155-1777-4f47-3cc8893537ad" testName="AddProductNull" computerName="TUNIA" duration="00:00:00.0005688" startTime="2013-04-26T22:16:52.8658323+02:00" endTime="2013-04-26T22:16:52.8768329+02:00" testType="13cdc9d9-ddb5-4fa4-a97d-d965ccfc6d4b" outcome="Passed" testListId="8c84fa94-04c1-424b-9868-57a2d4851a1d" relativeResultsDirectory="a081cacc-22c1-4499-a8fd-7a04b18c70e0">
    </UnitTestResult>
    <UnitTestResult executionId="ebac1dcf-8f03-41c1-b070-1e8cdd9fb6bc" testId="ccfb871b-c825-c6e7-eb79-8e1bd0877aee" testName="AddProductDifferentPrice" computerName="TUNIA" duration="00:00:00.3724783" startTime="2013-04-26T22:16:52.8878336+02:00" endTime="2013-04-26T22:16:53.3258586+02:00" testType="13cdc9d9-ddb5-4fa4-a97d-d965ccfc6d4b" outcome="Failed" testListId="8c84fa94-04c1-424b-9868-57a2d4851a1d" relativeResultsDirectory="ebac1dcf-8f03-41c1-b070-1e8cdd9fb6bc">
      <Output>
        <ErrorInfo>
          <Message>Assert.AreEqual failed. Expected:&lt;1&gt;. Actual:&lt;12&gt;. </Message>
          <StackTrace>   at VendingMachine.Stock.StockManagerTest.AddProductDifferentPrice() in C:\Users\Tusia\Documents\GitHub\robust\VendingMachine\VendingMachine.Tests\Stock\StockManagerTest.AddProduct.cs:line 183
</StackTrace>
        </ErrorInfo>
      </Output>
    </UnitTestResult>
  </Results>
</TestRun>