<?xml version="1.0" encoding="UTF-8"?>
<TestRun id="97404cbf-a789-415a-9d19-100e4393308a" name="Tusia@TUNIA 2013-04-27 21:39:06" runUser="Tunia\Tusia" xmlns="http://microsoft.com/schemas/VisualStudio/TeamTest/2010">
  <TestSettings name="Local" id="73543c8f-e1ba-4016-a1b2-c5482740e447">
    <Description>These are default test settings for a local test run.</Description>
    <Deployment runDeploymentRoot="Tusia_TUNIA 2013-04-27 21_39_06">
      <DeploymentItem filename="VendingMachine\StockDatabase.xml" />
      <DeploymentItem filename="VendingMachine\CoinDatabase.xml" />
      <DeploymentItem filename="C:\Users\Tusia\Documents\GitHub\robust\VendingMachine\VendingMachine.Tests\MolesAssemblies\VendingMachine.Moles.dll" />
      <DeploymentItem filename="C:\Users\Tusia\Documents\GitHub\robust\VendingMachine\VendingMachine\bin\Debug\VendingMachine.exe" />
    </Deployment>
    <Execution>
      <TestTypeSpecific>
        <UnitTestRunConfig testTypeId="13cdc9d9-ddb5-4fa4-a97d-d965ccfc6d4b">
          <AssemblyResolution>
            <TestDirectory useLoadContext="true" />
          </AssemblyResolution>
        </UnitTestRunConfig>
        <WebTestRunConfiguration testTypeId="4e7599fa-5ecb-43e9-a887-cd63cf72d207">
          <Browser name="Internet Explorer 7.0">
            <Headers>
              <Header name="User-Agent" value="Mozilla/4.0 (compatible; MSIE 7.0; Windows NT 5.1)" />
              <Header name="Accept" value="*/*" />
              <Header name="Accept-Language" value="{{$IEAcceptLanguage}}" />
              <Header name="Accept-Encoding" value="GZIP" />
            </Headers>
          </Browser>
        </WebTestRunConfiguration>
      </TestTypeSpecific>
      <AgentRule name="LocalMachineDefaultRole">
        <DataCollectors>
          <DataCollector uri="datacollector://microsoft/CodeCoverage/1.0" assemblyQualifiedName="Microsoft.VisualStudio.TestTools.CodeCoverage.CoveragePlugIn, Microsoft.VisualStudio.QualityTools.Plugins.CodeCoverage, Version=10.0.0.0, Culture=neutral, PublicKeyToken=b03f5f7f11d50a3a" friendlyName="Code Coverage">
            <Configuration>
              <CodeCoverage xmlns="">
                <Regular>
                  <CodeCoverageItem binaryFile="C:\Users\Tusia\Documents\GitHub\robust\VendingMachine\VendingMachine\bin\Debug\VendingMachine.exe" pdbFile="C:\Users\Tusia\Documents\GitHub\robust\VendingMachine\VendingMachine\bin\Debug\VendingMachine.instr.pdb" instrumentInPlace="true" />
                </Regular>
              </CodeCoverage>
            </Configuration>
          </DataCollector>
        </DataCollectors>
      </AgentRule>
    </Execution>
  </TestSettings>
  <Times creation="2013-04-27T21:39:06.6052844+02:00" queuing="2013-04-27T21:39:07.4903350+02:00" start="2013-04-27T21:39:07.6103419+02:00" finish="2013-04-27T21:39:11.7925811+02:00" />
  <ResultSummary outcome="Failed">
    <Counters total="4" executed="4" passed="3" error="0" failed="1" timeout="0" aborted="0" inconclusive="0" passedButRunAborted="0" notRunnable="0" notExecuted="0" disconnected="0" warning="0" completed="0" inProgress="0" pending="0" />
    <ResultFiles>
      <ResultFile path="TUNIA\data.coverage" />
    </ResultFiles>
  </ResultSummary>
  <TestDefinitions>
    <UnitTest name="VendMachineOutOfStock" storage="c:\users\tusia\documents\github\robust\vendingmachine\vendingmachine.tests\bin\debug\vendingmachine.tests.dll" id="5539f992-4123-2623-4102-bacda6b2e4a9">
      <Execution id="36aa5563-5e04-43ad-bc32-2dda32185d0e" />
      <TestMethod codeBase="C:/Users/Tusia/Documents/GitHub/robust/VendingMachine/VendingMachine.Tests/bin/Debug/VendingMachine.Tests.DLL" adapterTypeName="Microsoft.VisualStudio.TestTools.TestTypes.Unit.UnitTestAdapter, Microsoft.VisualStudio.QualityTools.Tips.UnitTest.Adapter, Version=10.0.0.0, Culture=neutral, PublicKeyToken=b03f5f7f11d50a3a" className="VendingMachine.Machine.VendMachineTest, VendingMachine.Tests, Version=0.0.0.0, Culture=neutral, PublicKeyToken=null" name="VendMachineOutOfStock" />
    </UnitTest>
    <UnitTest name="VendMachineCorrect" storage="c:\users\tusia\documents\github\robust\vendingmachine\vendingmachine.tests\bin\debug\vendingmachine.tests.dll" id="dd64931c-029b-94ef-5992-272f0672a788">
      <Execution id="670ca53a-d0ed-46b0-82d7-bdde067e4e76" />
      <TestMethod codeBase="C:/Users/Tusia/Documents/GitHub/robust/VendingMachine/VendingMachine.Tests/bin/Debug/VendingMachine.Tests.DLL" adapterTypeName="Microsoft.VisualStudio.TestTools.TestTypes.Unit.UnitTestAdapter, Microsoft.VisualStudio.QualityTools.Tips.UnitTest.Adapter, Version=10.0.0.0, Culture=neutral, PublicKeyToken=b03f5f7f11d50a3a" className="VendingMachine.Machine.VendMachineTest, VendingMachine.Tests, Version=0.0.0.0, Culture=neutral, PublicKeyToken=null" name="VendMachineCorrect" />
    </UnitTest>
    <UnitTest name="VendMachineNotEnoughInMoney" storage="c:\users\tusia\documents\github\robust\vendingmachine\vendingmachine.tests\bin\debug\vendingmachine.tests.dll" id="0572116f-e35a-3878-c60f-e040d06f7830">
      <Execution id="6bb6bea0-61f6-4c2f-bcb6-6ea18071d029" />
      <TestMethod codeBase="C:/Users/Tusia/Documents/GitHub/robust/VendingMachine/VendingMachine.Tests/bin/Debug/VendingMachine.Tests.DLL" adapterTypeName="Microsoft.VisualStudio.TestTools.TestTypes.Unit.UnitTestAdapter, Microsoft.VisualStudio.QualityTools.Tips.UnitTest.Adapter, Version=10.0.0.0, Culture=neutral, PublicKeyToken=b03f5f7f11d50a3a" className="VendingMachine.Machine.VendMachineTest, VendingMachine.Tests, Version=0.0.0.0, Culture=neutral, PublicKeyToken=null" name="VendMachineNotEnoughInMoney" />
    </UnitTest>
    <UnitTest name="VendMachineNoChange" storage="c:\users\tusia\documents\github\robust\vendingmachine\vendingmachine.tests\bin\debug\vendingmachine.tests.dll" id="ee834ba2-5195-b42b-b5eb-79d996b7f9ce">
      <Execution id="faf86bb3-9b3e-49f5-ac37-cba843240cf2" />
      <TestMethod codeBase="C:/Users/Tusia/Documents/GitHub/robust/VendingMachine/VendingMachine.Tests/bin/Debug/VendingMachine.Tests.DLL" adapterTypeName="Microsoft.VisualStudio.TestTools.TestTypes.Unit.UnitTestAdapter, Microsoft.VisualStudio.QualityTools.Tips.UnitTest.Adapter, Version=10.0.0.0, Culture=neutral, PublicKeyToken=b03f5f7f11d50a3a" className="VendingMachine.Machine.VendMachineTest, VendingMachine.Tests, Version=0.0.0.0, Culture=neutral, PublicKeyToken=null" name="VendMachineNoChange" />
    </UnitTest>
  </TestDefinitions>
  <TestLists>
    <TestList name="Results Not in a List" id="8c84fa94-04c1-424b-9868-57a2d4851a1d" />
    <TestList name="All Loaded Results" id="19431567-8539-422a-85d7-44ee4e166bda" />
  </TestLists>
  <TestEntries>
    <TestEntry testId="dd64931c-029b-94ef-5992-272f0672a788" executionId="670ca53a-d0ed-46b0-82d7-bdde067e4e76" testListId="8c84fa94-04c1-424b-9868-57a2d4851a1d" />
    <TestEntry testId="0572116f-e35a-3878-c60f-e040d06f7830" executionId="6bb6bea0-61f6-4c2f-bcb6-6ea18071d029" testListId="8c84fa94-04c1-424b-9868-57a2d4851a1d" />
    <TestEntry testId="ee834ba2-5195-b42b-b5eb-79d996b7f9ce" executionId="faf86bb3-9b3e-49f5-ac37-cba843240cf2" testListId="8c84fa94-04c1-424b-9868-57a2d4851a1d" />
    <TestEntry testId="5539f992-4123-2623-4102-bacda6b2e4a9" executionId="36aa5563-5e04-43ad-bc32-2dda32185d0e" testListId="8c84fa94-04c1-424b-9868-57a2d4851a1d" />
  </TestEntries>
  <Results>
    <UnitTestResult executionId="670ca53a-d0ed-46b0-82d7-bdde067e4e76" testId="dd64931c-029b-94ef-5992-272f0672a788" testName="VendMachineCorrect" computerName="TUNIA" duration="00:00:00.0677574" startTime="2013-04-27T21:39:09.3474412+02:00" endTime="2013-04-27T21:39:10.2904951+02:00" testType="13cdc9d9-ddb5-4fa4-a97d-d965ccfc6d4b" outcome="Passed" testListId="8c84fa94-04c1-424b-9868-57a2d4851a1d" relativeResultsDirectory="670ca53a-d0ed-46b0-82d7-bdde067e4e76">
    </UnitTestResult>
    <UnitTestResult executionId="6bb6bea0-61f6-4c2f-bcb6-6ea18071d029" testId="0572116f-e35a-3878-c60f-e040d06f7830" testName="VendMachineNotEnoughInMoney" computerName="TUNIA" duration="00:00:00.0032815" startTime="2013-04-27T21:39:10.3034959+02:00" endTime="2013-04-27T21:39:10.3554989+02:00" testType="13cdc9d9-ddb5-4fa4-a97d-d965ccfc6d4b" outcome="Passed" testListId="8c84fa94-04c1-424b-9868-57a2d4851a1d" relativeResultsDirectory="6bb6bea0-61f6-4c2f-bcb6-6ea18071d029">
    </UnitTestResult>
    <UnitTestResult executionId="faf86bb3-9b3e-49f5-ac37-cba843240cf2" testId="ee834ba2-5195-b42b-b5eb-79d996b7f9ce" testName="VendMachineNoChange" computerName="TUNIA" duration="00:00:00.0541877" startTime="2013-04-27T21:39:10.3664995+02:00" endTime="2013-04-27T21:39:10.4385036+02:00" testType="13cdc9d9-ddb5-4fa4-a97d-d965ccfc6d4b" outcome="Passed" testListId="8c84fa94-04c1-424b-9868-57a2d4851a1d" relativeResultsDirectory="faf86bb3-9b3e-49f5-ac37-cba843240cf2">
    </UnitTestResult>
    <UnitTestResult executionId="36aa5563-5e04-43ad-bc32-2dda32185d0e" testId="5539f992-4123-2623-4102-bacda6b2e4a9" testName="VendMachineOutOfStock" computerName="TUNIA" duration="00:00:00.0220468" startTime="2013-04-27T21:39:10.4445040+02:00" endTime="2013-04-27T21:39:10.4785059+02:00" testType="13cdc9d9-ddb5-4fa4-a97d-d965ccfc6d4b" outcome="Failed" testListId="8c84fa94-04c1-424b-9868-57a2d4851a1d" relativeResultsDirectory="36aa5563-5e04-43ad-bc32-2dda32185d0e">
      <Output>
        <ErrorInfo>
          <Message>Assert.AreEqual failed. Expected:&lt;OutOfStock&gt;. Actual:&lt;Success&gt;. </Message>
          <StackTrace>   at VendingMachine.Machine.VendMachineTest.VendMachineOutOfStock() in C:\Users\Tusia\Documents\GitHub\robust\VendingMachine\VendingMachine.Tests\Machine\VendMachineTest.cs:line 272
</StackTrace>
        </ErrorInfo>
      </Output>
    </UnitTestResult>
  </Results>
</TestRun>